CRITICAL - 2022-04-30 00:10:54 --> Undefined variable $user
#0 C:\xampp\htdocs\Project TC-Arena\NewTC_Arena\app\Views\report_admin.php(22): CodeIgniter\Debug\Exceptions->errorHandler(2, 'Undefined varia...', 'C:\\xampp\\htdocs...', 22)
#1 C:\xampp\htdocs\Project TC-Arena\NewTC_Arena\system\View\View.php(210): include('C:\\xampp\\htdocs...')
#2 C:\xampp\htdocs\Project TC-Arena\NewTC_Arena\system\View\View.php(213): CodeIgniter\View\View->CodeIgniter\View\{closure}()
#3 C:\xampp\htdocs\Project TC-Arena\NewTC_Arena\system\Common.php(1089): CodeIgniter\View\View->render('report_admin', Array, true)
#4 C:\xampp\htdocs\Project TC-Arena\NewTC_Arena\app\Controllers\Report_admin.php(7): view('report_admin')
#5 C:\xampp\htdocs\Project TC-Arena\NewTC_Arena\system\CodeIgniter.php(825): App\Controllers\report_admin->Report_admin()
#6 C:\xampp\htdocs\Project TC-Arena\NewTC_Arena\system\CodeIgniter.php(412): CodeIgniter\CodeIgniter->runController(Object(App\Controllers\report_admin))
#7 C:\xampp\htdocs\Project TC-Arena\NewTC_Arena\system\CodeIgniter.php(320): CodeIgniter\CodeIgniter->handleRequest(NULL, Object(Config\Cache), false)
#8 C:\xampp\htdocs\Project TC-Arena\NewTC_Arena\public\index.php(37): CodeIgniter\CodeIgniter->run()
#9 C:\xampp\htdocs\Project TC-Arena\NewTC_Arena\system\Commands\Server\rewrite.php(43): require_once('C:\\xampp\\htdocs...')
#10 {main}
CRITICAL - 2022-04-30 00:11:07 --> Undefined variable $user
#0 C:\xampp\htdocs\Project TC-Arena\NewTC_Arena\app\Views\report_admin.php(22): CodeIgniter\Debug\Exceptions->errorHandler(2, 'Undefined varia...', 'C:\\xampp\\htdocs...', 22)
#1 C:\xampp\htdocs\Project TC-Arena\NewTC_Arena\system\View\View.php(210): include('C:\\xampp\\htdocs...')
#2 C:\xampp\htdocs\Project TC-Arena\NewTC_Arena\system\View\View.php(213): CodeIgniter\View\View->CodeIgniter\View\{closure}()
#3 C:\xampp\htdocs\Project TC-Arena\NewTC_Arena\system\Common.php(1089): CodeIgniter\View\View->render('report_admin', Array, true)
#4 C:\xampp\htdocs\Project TC-Arena\NewTC_Arena\app\Controllers\Report_admin.php(7): view('report_admin')
#5 C:\xampp\htdocs\Project TC-Arena\NewTC_Arena\system\CodeIgniter.php(825): App\Controllers\report_admin->Report_admin()
#6 C:\xampp\htdocs\Project TC-Arena\NewTC_Arena\system\CodeIgniter.php(412): CodeIgniter\CodeIgniter->runController(Object(App\Controllers\report_admin))
#7 C:\xampp\htdocs\Project TC-Arena\NewTC_Arena\system\CodeIgniter.php(320): CodeIgniter\CodeIgniter->handleRequest(NULL, Object(Config\Cache), false)
#8 C:\xampp\htdocs\Project TC-Arena\NewTC_Arena\public\index.php(37): CodeIgniter\CodeIgniter->run()
#9 C:\xampp\htdocs\Project TC-Arena\NewTC_Arena\system\Commands\Server\rewrite.php(43): require_once('C:\\xampp\\htdocs...')
#10 {main}
CRITICAL - 2022-04-30 00:11:08 --> Undefined variable $user
#0 C:\xampp\htdocs\Project TC-Arena\NewTC_Arena\app\Views\report_admin.php(22): CodeIgniter\Debug\Exceptions->errorHandler(2, 'Undefined varia...', 'C:\\xampp\\htdocs...', 22)
#1 C:\xampp\htdocs\Project TC-Arena\NewTC_Arena\system\View\View.php(210): include('C:\\xampp\\htdocs...')
#2 C:\xampp\htdocs\Project TC-Arena\NewTC_Arena\system\View\View.php(213): CodeIgniter\View\View->CodeIgniter\View\{closure}()
#3 C:\xampp\htdocs\Project TC-Arena\NewTC_Arena\system\Common.php(1089): CodeIgniter\View\View->render('report_admin', Array, true)
#4 C:\xampp\htdocs\Project TC-Arena\NewTC_Arena\app\Controllers\Report_admin.php(7): view('report_admin')
#5 C:\xampp\htdocs\Project TC-Arena\NewTC_Arena\system\CodeIgniter.php(825): App\Controllers\report_admin->Report_admin()
#6 C:\xampp\htdocs\Project TC-Arena\NewTC_Arena\system\CodeIgniter.php(412): CodeIgniter\CodeIgniter->runController(Object(App\Controllers\report_admin))
#7 C:\xampp\htdocs\Project TC-Arena\NewTC_Arena\system\CodeIgniter.php(320): CodeIgniter\CodeIgniter->handleRequest(NULL, Object(Config\Cache), false)
#8 C:\xampp\htdocs\Project TC-Arena\NewTC_Arena\public\index.php(37): CodeIgniter\CodeIgniter->run()
#9 C:\xampp\htdocs\Project TC-Arena\NewTC_Arena\system\Commands\Server\rewrite.php(43): require_once('C:\\xampp\\htdocs...')
#10 {main}
CRITICAL - 2022-04-30 00:12:03 --> Undefined variable $user
#0 C:\xampp\htdocs\Project TC-Arena\NewTC_Arena\app\Views\report_admin.php(22): CodeIgniter\Debug\Exceptions->errorHandler(2, 'Undefined varia...', 'C:\\xampp\\htdocs...', 22)
#1 C:\xampp\htdocs\Project TC-Arena\NewTC_Arena\system\View\View.php(210): include('C:\\xampp\\htdocs...')
#2 C:\xampp\htdocs\Project TC-Arena\NewTC_Arena\system\View\View.php(213): CodeIgniter\View\View->CodeIgniter\View\{closure}()
#3 C:\xampp\htdocs\Project TC-Arena\NewTC_Arena\system\Common.php(1089): CodeIgniter\View\View->render('report_admin', Array, true)
#4 C:\xampp\htdocs\Project TC-Arena\NewTC_Arena\app\Controllers\Report_admin.php(7): view('report_admin')
#5 C:\xampp\htdocs\Project TC-Arena\NewTC_Arena\system\CodeIgniter.php(825): App\Controllers\report_admin->Report_admin()
#6 C:\xampp\htdocs\Project TC-Arena\NewTC_Arena\system\CodeIgniter.php(412): CodeIgniter\CodeIgniter->runController(Object(App\Controllers\report_admin))
#7 C:\xampp\htdocs\Project TC-Arena\NewTC_Arena\system\CodeIgniter.php(320): CodeIgniter\CodeIgniter->handleRequest(NULL, Object(Config\Cache), false)
#8 C:\xampp\htdocs\Project TC-Arena\NewTC_Arena\public\index.php(37): CodeIgniter\CodeIgniter->run()
#9 C:\xampp\htdocs\Project TC-Arena\NewTC_Arena\system\Commands\Server\rewrite.php(43): require_once('C:\\xampp\\htdocs...')
#10 {main}
CRITICAL - 2022-04-30 00:12:29 --> syntax error, unexpected end of file
#0 C:\xampp\htdocs\Project TC-Arena\NewTC_Arena\system\View\View.php(213): CodeIgniter\View\View->CodeIgniter\View\{closure}()
#1 C:\xampp\htdocs\Project TC-Arena\NewTC_Arena\system\Common.php(1089): CodeIgniter\View\View->render('report_admin', Array, true)
#2 C:\xampp\htdocs\Project TC-Arena\NewTC_Arena\app\Controllers\Report_admin.php(7): view('report_admin')
#3 C:\xampp\htdocs\Project TC-Arena\NewTC_Arena\system\CodeIgniter.php(825): App\Controllers\report_admin->Report_admin()
#4 C:\xampp\htdocs\Project TC-Arena\NewTC_Arena\system\CodeIgniter.php(412): CodeIgniter\CodeIgniter->runController(Object(App\Controllers\report_admin))
#5 C:\xampp\htdocs\Project TC-Arena\NewTC_Arena\system\CodeIgniter.php(320): CodeIgniter\CodeIgniter->handleRequest(NULL, Object(Config\Cache), false)
#6 C:\xampp\htdocs\Project TC-Arena\NewTC_Arena\public\index.php(37): CodeIgniter\CodeIgniter->run()
#7 C:\xampp\htdocs\Project TC-Arena\NewTC_Arena\system\Commands\Server\rewrite.php(43): require_once('C:\\xampp\\htdocs...')
#8 {main}
CRITICAL - 2022-04-30 00:13:23 --> syntax error, unexpected end of file
#0 C:\xampp\htdocs\Project TC-Arena\NewTC_Arena\system\View\View.php(213): CodeIgniter\View\View->CodeIgniter\View\{closure}()
#1 C:\xampp\htdocs\Project TC-Arena\NewTC_Arena\system\Common.php(1089): CodeIgniter\View\View->render('report_admin', Array, true)
#2 C:\xampp\htdocs\Project TC-Arena\NewTC_Arena\app\Controllers\Report_admin.php(7): view('report_admin')
#3 C:\xampp\htdocs\Project TC-Arena\NewTC_Arena\system\CodeIgniter.php(825): App\Controllers\report_admin->Report_admin()
#4 C:\xampp\htdocs\Project TC-Arena\NewTC_Arena\system\CodeIgniter.php(412): CodeIgniter\CodeIgniter->runController(Object(App\Controllers\report_admin))
#5 C:\xampp\htdocs\Project TC-Arena\NewTC_Arena\system\CodeIgniter.php(320): CodeIgniter\CodeIgniter->handleRequest(NULL, Object(Config\Cache), false)
#6 C:\xampp\htdocs\Project TC-Arena\NewTC_Arena\public\index.php(37): CodeIgniter\CodeIgniter->run()
#7 C:\xampp\htdocs\Project TC-Arena\NewTC_Arena\system\Commands\Server\rewrite.php(43): require_once('C:\\xampp\\htdocs...')
#8 {main}
CRITICAL - 2022-04-30 00:14:06 --> syntax error, unexpected end of file
#0 C:\xampp\htdocs\Project TC-Arena\NewTC_Arena\system\View\View.php(213): CodeIgniter\View\View->CodeIgniter\View\{closure}()
#1 C:\xampp\htdocs\Project TC-Arena\NewTC_Arena\system\Common.php(1089): CodeIgniter\View\View->render('report_admin', Array, true)
#2 C:\xampp\htdocs\Project TC-Arena\NewTC_Arena\app\Controllers\Report_admin.php(7): view('report_admin')
#3 C:\xampp\htdocs\Project TC-Arena\NewTC_Arena\system\CodeIgniter.php(825): App\Controllers\report_admin->Report_admin()
#4 C:\xampp\htdocs\Project TC-Arena\NewTC_Arena\system\CodeIgniter.php(412): CodeIgniter\CodeIgniter->runController(Object(App\Controllers\report_admin))
#5 C:\xampp\htdocs\Project TC-Arena\NewTC_Arena\system\CodeIgniter.php(320): CodeIgniter\CodeIgniter->handleRequest(NULL, Object(Config\Cache), false)
#6 C:\xampp\htdocs\Project TC-Arena\NewTC_Arena\public\index.php(37): CodeIgniter\CodeIgniter->run()
#7 C:\xampp\htdocs\Project TC-Arena\NewTC_Arena\system\Commands\Server\rewrite.php(43): require_once('C:\\xampp\\htdocs...')
#8 {main}
CRITICAL - 2022-04-30 00:19:12 --> syntax error, unexpected end of file
#0 C:\xampp\htdocs\Project TC-Arena\NewTC_Arena\system\View\View.php(213): CodeIgniter\View\View->CodeIgniter\View\{closure}()
#1 C:\xampp\htdocs\Project TC-Arena\NewTC_Arena\system\Common.php(1089): CodeIgniter\View\View->render('report_admin', Array, true)
#2 C:\xampp\htdocs\Project TC-Arena\NewTC_Arena\app\Controllers\Report_admin.php(7): view('report_admin')
#3 C:\xampp\htdocs\Project TC-Arena\NewTC_Arena\system\CodeIgniter.php(825): App\Controllers\report_admin->Report_admin()
#4 C:\xampp\htdocs\Project TC-Arena\NewTC_Arena\system\CodeIgniter.php(412): CodeIgniter\CodeIgniter->runController(Object(App\Controllers\report_admin))
#5 C:\xampp\htdocs\Project TC-Arena\NewTC_Arena\system\CodeIgniter.php(320): CodeIgniter\CodeIgniter->handleRequest(NULL, Object(Config\Cache), false)
#6 C:\xampp\htdocs\Project TC-Arena\NewTC_Arena\public\index.php(37): CodeIgniter\CodeIgniter->run()
#7 C:\xampp\htdocs\Project TC-Arena\NewTC_Arena\system\Commands\Server\rewrite.php(43): require_once('C:\\xampp\\htdocs...')
#8 {main}
CRITICAL - 2022-04-30 00:20:05 --> Undefined variable $user
#0 C:\xampp\htdocs\Project TC-Arena\NewTC_Arena\app\Views\report_admin.php(48): CodeIgniter\Debug\Exceptions->errorHandler(2, 'Undefined varia...', 'C:\\xampp\\htdocs...', 48)
#1 C:\xampp\htdocs\Project TC-Arena\NewTC_Arena\system\View\View.php(210): include('C:\\xampp\\htdocs...')
#2 C:\xampp\htdocs\Project TC-Arena\NewTC_Arena\system\View\View.php(213): CodeIgniter\View\View->CodeIgniter\View\{closure}()
#3 C:\xampp\htdocs\Project TC-Arena\NewTC_Arena\system\Common.php(1089): CodeIgniter\View\View->render('report_admin', Array, true)
#4 C:\xampp\htdocs\Project TC-Arena\NewTC_Arena\app\Controllers\Report_admin.php(7): view('report_admin')
#5 C:\xampp\htdocs\Project TC-Arena\NewTC_Arena\system\CodeIgniter.php(825): App\Controllers\report_admin->Report_admin()
#6 C:\xampp\htdocs\Project TC-Arena\NewTC_Arena\system\CodeIgniter.php(412): CodeIgniter\CodeIgniter->runController(Object(App\Controllers\report_admin))
#7 C:\xampp\htdocs\Project TC-Arena\NewTC_Arena\system\CodeIgniter.php(320): CodeIgniter\CodeIgniter->handleRequest(NULL, Object(Config\Cache), false)
#8 C:\xampp\htdocs\Project TC-Arena\NewTC_Arena\public\index.php(37): CodeIgniter\CodeIgniter->run()
#9 C:\xampp\htdocs\Project TC-Arena\NewTC_Arena\system\Commands\Server\rewrite.php(43): require_once('C:\\xampp\\htdocs...')
#10 {main}
CRITICAL - 2022-04-30 00:20:06 --> Undefined variable $user
#0 C:\xampp\htdocs\Project TC-Arena\NewTC_Arena\app\Views\report_admin.php(48): CodeIgniter\Debug\Exceptions->errorHandler(2, 'Undefined varia...', 'C:\\xampp\\htdocs...', 48)
#1 C:\xampp\htdocs\Project TC-Arena\NewTC_Arena\system\View\View.php(210): include('C:\\xampp\\htdocs...')
#2 C:\xampp\htdocs\Project TC-Arena\NewTC_Arena\system\View\View.php(213): CodeIgniter\View\View->CodeIgniter\View\{closure}()
#3 C:\xampp\htdocs\Project TC-Arena\NewTC_Arena\system\Common.php(1089): CodeIgniter\View\View->render('report_admin', Array, true)
#4 C:\xampp\htdocs\Project TC-Arena\NewTC_Arena\app\Controllers\Report_admin.php(7): view('report_admin')
#5 C:\xampp\htdocs\Project TC-Arena\NewTC_Arena\system\CodeIgniter.php(825): App\Controllers\report_admin->Report_admin()
#6 C:\xampp\htdocs\Project TC-Arena\NewTC_Arena\system\CodeIgniter.php(412): CodeIgniter\CodeIgniter->runController(Object(App\Controllers\report_admin))
#7 C:\xampp\htdocs\Project TC-Arena\NewTC_Arena\system\CodeIgniter.php(320): CodeIgniter\CodeIgniter->handleRequest(NULL, Object(Config\Cache), false)
#8 C:\xampp\htdocs\Project TC-Arena\NewTC_Arena\public\index.php(37): CodeIgniter\CodeIgniter->run()
#9 C:\xampp\htdocs\Project TC-Arena\NewTC_Arena\system\Commands\Server\rewrite.php(43): require_once('C:\\xampp\\htdocs...')
#10 {main}
CRITICAL - 2022-04-30 00:21:07 --> Undefined variable $user
#0 C:\xampp\htdocs\Project TC-Arena\NewTC_Arena\app\Views\report_admin.php(48): CodeIgniter\Debug\Exceptions->errorHandler(2, 'Undefined varia...', 'C:\\xampp\\htdocs...', 48)
#1 C:\xampp\htdocs\Project TC-Arena\NewTC_Arena\system\View\View.php(210): include('C:\\xampp\\htdocs...')
#2 C:\xampp\htdocs\Project TC-Arena\NewTC_Arena\system\View\View.php(213): CodeIgniter\View\View->CodeIgniter\View\{closure}()
#3 C:\xampp\htdocs\Project TC-Arena\NewTC_Arena\system\Common.php(1089): CodeIgniter\View\View->render('report_admin', Array, true)
#4 C:\xampp\htdocs\Project TC-Arena\NewTC_Arena\app\Controllers\Report_admin.php(7): view('report_admin')
#5 C:\xampp\htdocs\Project TC-Arena\NewTC_Arena\system\CodeIgniter.php(825): App\Controllers\report_admin->Report_admin()
#6 C:\xampp\htdocs\Project TC-Arena\NewTC_Arena\system\CodeIgniter.php(412): CodeIgniter\CodeIgniter->runController(Object(App\Controllers\report_admin))
#7 C:\xampp\htdocs\Project TC-Arena\NewTC_Arena\system\CodeIgniter.php(320): CodeIgniter\CodeIgniter->handleRequest(NULL, Object(Config\Cache), false)
#8 C:\xampp\htdocs\Project TC-Arena\NewTC_Arena\public\index.php(37): CodeIgniter\CodeIgniter->run()
#9 C:\xampp\htdocs\Project TC-Arena\NewTC_Arena\system\Commands\Server\rewrite.php(43): require_once('C:\\xampp\\htdocs...')
#10 {main}
CRITICAL - 2022-04-30 00:22:00 --> Undefined variable $user
#0 C:\xampp\htdocs\Project TC-Arena\NewTC_Arena\app\Views\report_admin.php(84): CodeIgniter\Debug\Exceptions->errorHandler(2, 'Undefined varia...', 'C:\\xampp\\htdocs...', 84)
#1 C:\xampp\htdocs\Project TC-Arena\NewTC_Arena\system\View\View.php(210): include('C:\\xampp\\htdocs...')
#2 C:\xampp\htdocs\Project TC-Arena\NewTC_Arena\system\View\View.php(213): CodeIgniter\View\View->CodeIgniter\View\{closure}()
#3 C:\xampp\htdocs\Project TC-Arena\NewTC_Arena\system\Common.php(1089): CodeIgniter\View\View->render('report_admin', Array, true)
#4 C:\xampp\htdocs\Project TC-Arena\NewTC_Arena\app\Controllers\Report_admin.php(7): view('report_admin')
#5 C:\xampp\htdocs\Project TC-Arena\NewTC_Arena\system\CodeIgniter.php(825): App\Controllers\report_admin->Report_admin()
#6 C:\xampp\htdocs\Project TC-Arena\NewTC_Arena\system\CodeIgniter.php(412): CodeIgniter\CodeIgniter->runController(Object(App\Controllers\report_admin))
#7 C:\xampp\htdocs\Project TC-Arena\NewTC_Arena\system\CodeIgniter.php(320): CodeIgniter\CodeIgniter->handleRequest(NULL, Object(Config\Cache), false)
#8 C:\xampp\htdocs\Project TC-Arena\NewTC_Arena\public\index.php(37): CodeIgniter\CodeIgniter->run()
#9 C:\xampp\htdocs\Project TC-Arena\NewTC_Arena\system\Commands\Server\rewrite.php(43): require_once('C:\\xampp\\htdocs...')
#10 {main}
CRITICAL - 2022-04-30 00:22:42 --> Undefined variable $user
#0 C:\xampp\htdocs\Project TC-Arena\NewTC_Arena\app\Views\report_admin.php(84): CodeIgniter\Debug\Exceptions->errorHandler(2, 'Undefined varia...', 'C:\\xampp\\htdocs...', 84)
#1 C:\xampp\htdocs\Project TC-Arena\NewTC_Arena\system\View\View.php(210): include('C:\\xampp\\htdocs...')
#2 C:\xampp\htdocs\Project TC-Arena\NewTC_Arena\system\View\View.php(213): CodeIgniter\View\View->CodeIgniter\View\{closure}()
#3 C:\xampp\htdocs\Project TC-Arena\NewTC_Arena\system\Common.php(1089): CodeIgniter\View\View->render('report_admin', Array, true)
#4 C:\xampp\htdocs\Project TC-Arena\NewTC_Arena\app\Controllers\Report_admin.php(7): view('report_admin')
#5 C:\xampp\htdocs\Project TC-Arena\NewTC_Arena\system\CodeIgniter.php(825): App\Controllers\report_admin->Report_admin()
#6 C:\xampp\htdocs\Project TC-Arena\NewTC_Arena\system\CodeIgniter.php(412): CodeIgniter\CodeIgniter->runController(Object(App\Controllers\report_admin))
#7 C:\xampp\htdocs\Project TC-Arena\NewTC_Arena\system\CodeIgniter.php(320): CodeIgniter\CodeIgniter->handleRequest(NULL, Object(Config\Cache), false)
#8 C:\xampp\htdocs\Project TC-Arena\NewTC_Arena\public\index.php(37): CodeIgniter\CodeIgniter->run()
#9 C:\xampp\htdocs\Project TC-Arena\NewTC_Arena\system\Commands\Server\rewrite.php(43): require_once('C:\\xampp\\htdocs...')
#10 {main}
CRITICAL - 2022-04-30 00:23:26 --> syntax error, unexpected token ")"
#0 C:\xampp\htdocs\Project TC-Arena\NewTC_Arena\system\View\View.php(213): CodeIgniter\View\View->CodeIgniter\View\{closure}()
#1 C:\xampp\htdocs\Project TC-Arena\NewTC_Arena\system\Common.php(1089): CodeIgniter\View\View->render('report_admin', Array, true)
#2 C:\xampp\htdocs\Project TC-Arena\NewTC_Arena\app\Controllers\Report_admin.php(7): view('report_admin')
#3 C:\xampp\htdocs\Project TC-Arena\NewTC_Arena\system\CodeIgniter.php(825): App\Controllers\report_admin->Report_admin()
#4 C:\xampp\htdocs\Project TC-Arena\NewTC_Arena\system\CodeIgniter.php(412): CodeIgniter\CodeIgniter->runController(Object(App\Controllers\report_admin))
#5 C:\xampp\htdocs\Project TC-Arena\NewTC_Arena\system\CodeIgniter.php(320): CodeIgniter\CodeIgniter->handleRequest(NULL, Object(Config\Cache), false)
#6 C:\xampp\htdocs\Project TC-Arena\NewTC_Arena\public\index.php(37): CodeIgniter\CodeIgniter->run()
#7 C:\xampp\htdocs\Project TC-Arena\NewTC_Arena\system\Commands\Server\rewrite.php(43): require_once('C:\\xampp\\htdocs...')
#8 {main}
CRITICAL - 2022-04-30 00:23:32 --> syntax error, unexpected token "endif", expecting end of file
#0 C:\xampp\htdocs\Project TC-Arena\NewTC_Arena\system\View\View.php(213): CodeIgniter\View\View->CodeIgniter\View\{closure}()
#1 C:\xampp\htdocs\Project TC-Arena\NewTC_Arena\system\Common.php(1089): CodeIgniter\View\View->render('report_admin', Array, true)
#2 C:\xampp\htdocs\Project TC-Arena\NewTC_Arena\app\Controllers\Report_admin.php(7): view('report_admin')
#3 C:\xampp\htdocs\Project TC-Arena\NewTC_Arena\system\CodeIgniter.php(825): App\Controllers\report_admin->Report_admin()
#4 C:\xampp\htdocs\Project TC-Arena\NewTC_Arena\system\CodeIgniter.php(412): CodeIgniter\CodeIgniter->runController(Object(App\Controllers\report_admin))
#5 C:\xampp\htdocs\Project TC-Arena\NewTC_Arena\system\CodeIgniter.php(320): CodeIgniter\CodeIgniter->handleRequest(NULL, Object(Config\Cache), false)
#6 C:\xampp\htdocs\Project TC-Arena\NewTC_Arena\public\index.php(37): CodeIgniter\CodeIgniter->run()
#7 C:\xampp\htdocs\Project TC-Arena\NewTC_Arena\system\Commands\Server\rewrite.php(43): require_once('C:\\xampp\\htdocs...')
#8 {main}
CRITICAL - 2022-04-30 00:23:40 --> Undefined variable $user
#0 C:\xampp\htdocs\Project TC-Arena\NewTC_Arena\app\Views\report_admin.php(85): CodeIgniter\Debug\Exceptions->errorHandler(2, 'Undefined varia...', 'C:\\xampp\\htdocs...', 85)
#1 C:\xampp\htdocs\Project TC-Arena\NewTC_Arena\system\View\View.php(210): include('C:\\xampp\\htdocs...')
#2 C:\xampp\htdocs\Project TC-Arena\NewTC_Arena\system\View\View.php(213): CodeIgniter\View\View->CodeIgniter\View\{closure}()
#3 C:\xampp\htdocs\Project TC-Arena\NewTC_Arena\system\Common.php(1089): CodeIgniter\View\View->render('report_admin', Array, true)
#4 C:\xampp\htdocs\Project TC-Arena\NewTC_Arena\app\Controllers\Report_admin.php(7): view('report_admin')
#5 C:\xampp\htdocs\Project TC-Arena\NewTC_Arena\system\CodeIgniter.php(825): App\Controllers\report_admin->Report_admin()
#6 C:\xampp\htdocs\Project TC-Arena\NewTC_Arena\system\CodeIgniter.php(412): CodeIgniter\CodeIgniter->runController(Object(App\Controllers\report_admin))
#7 C:\xampp\htdocs\Project TC-Arena\NewTC_Arena\system\CodeIgniter.php(320): CodeIgniter\CodeIgniter->handleRequest(NULL, Object(Config\Cache), false)
#8 C:\xampp\htdocs\Project TC-Arena\NewTC_Arena\public\index.php(37): CodeIgniter\CodeIgniter->run()
#9 C:\xampp\htdocs\Project TC-Arena\NewTC_Arena\system\Commands\Server\rewrite.php(43): require_once('C:\\xampp\\htdocs...')
#10 {main}
CRITICAL - 2022-04-30 01:48:42 --> Undefined variable $connection
#0 C:\xampp\htdocs\Project TC-Arena\NewTC_Arena\app\Views\report_admin.php(23): CodeIgniter\Debug\Exceptions->errorHandler(2, 'Undefined varia...', 'C:\\xampp\\htdocs...', 23)
#1 C:\xampp\htdocs\Project TC-Arena\NewTC_Arena\system\View\View.php(210): include('C:\\xampp\\htdocs...')
#2 C:\xampp\htdocs\Project TC-Arena\NewTC_Arena\system\View\View.php(213): CodeIgniter\View\View->CodeIgniter\View\{closure}()
#3 C:\xampp\htdocs\Project TC-Arena\NewTC_Arena\system\Common.php(1089): CodeIgniter\View\View->render('report_admin', Array, true)
#4 C:\xampp\htdocs\Project TC-Arena\NewTC_Arena\app\Controllers\Report_admin.php(7): view('report_admin')
#5 C:\xampp\htdocs\Project TC-Arena\NewTC_Arena\system\CodeIgniter.php(825): App\Controllers\report_admin->Report_admin()
#6 C:\xampp\htdocs\Project TC-Arena\NewTC_Arena\system\CodeIgniter.php(412): CodeIgniter\CodeIgniter->runController(Object(App\Controllers\report_admin))
#7 C:\xampp\htdocs\Project TC-Arena\NewTC_Arena\system\CodeIgniter.php(320): CodeIgniter\CodeIgniter->handleRequest(NULL, Object(Config\Cache), false)
#8 C:\xampp\htdocs\Project TC-Arena\NewTC_Arena\public\index.php(37): CodeIgniter\CodeIgniter->run()
#9 C:\xampp\htdocs\Project TC-Arena\NewTC_Arena\system\Commands\Server\rewrite.php(43): require_once('C:\\xampp\\htdocs...')
#10 {main}
CRITICAL - 2022-04-30 01:48:43 --> Undefined variable $connection
#0 C:\xampp\htdocs\Project TC-Arena\NewTC_Arena\app\Views\report_admin.php(23): CodeIgniter\Debug\Exceptions->errorHandler(2, 'Undefined varia...', 'C:\\xampp\\htdocs...', 23)
#1 C:\xampp\htdocs\Project TC-Arena\NewTC_Arena\system\View\View.php(210): include('C:\\xampp\\htdocs...')
#2 C:\xampp\htdocs\Project TC-Arena\NewTC_Arena\system\View\View.php(213): CodeIgniter\View\View->CodeIgniter\View\{closure}()
#3 C:\xampp\htdocs\Project TC-Arena\NewTC_Arena\system\Common.php(1089): CodeIgniter\View\View->render('report_admin', Array, true)
#4 C:\xampp\htdocs\Project TC-Arena\NewTC_Arena\app\Controllers\Report_admin.php(7): view('report_admin')
#5 C:\xampp\htdocs\Project TC-Arena\NewTC_Arena\system\CodeIgniter.php(825): App\Controllers\report_admin->Report_admin()
#6 C:\xampp\htdocs\Project TC-Arena\NewTC_Arena\system\CodeIgniter.php(412): CodeIgniter\CodeIgniter->runController(Object(App\Controllers\report_admin))
#7 C:\xampp\htdocs\Project TC-Arena\NewTC_Arena\system\CodeIgniter.php(320): CodeIgniter\CodeIgniter->handleRequest(NULL, Object(Config\Cache), false)
#8 C:\xampp\htdocs\Project TC-Arena\NewTC_Arena\public\index.php(37): CodeIgniter\CodeIgniter->run()
#9 C:\xampp\htdocs\Project TC-Arena\NewTC_Arena\system\Commands\Server\rewrite.php(43): require_once('C:\\xampp\\htdocs...')
#10 {main}
CRITICAL - 2022-04-30 08:05:13 --> Undefined variable $book_count
#0 C:\xampp\htdocs\Project TC-Arena\NewTC_Arena\app\Views\report_admin.php(26): CodeIgniter\Debug\Exceptions->errorHandler(2, 'Undefined varia...', 'C:\\xampp\\htdocs...', 26)
#1 C:\xampp\htdocs\Project TC-Arena\NewTC_Arena\system\View\View.php(210): include('C:\\xampp\\htdocs...')
#2 C:\xampp\htdocs\Project TC-Arena\NewTC_Arena\system\View\View.php(213): CodeIgniter\View\View->CodeIgniter\View\{closure}()
#3 C:\xampp\htdocs\Project TC-Arena\NewTC_Arena\system\Common.php(1089): CodeIgniter\View\View->render('report_admin', Array, true)
#4 C:\xampp\htdocs\Project TC-Arena\NewTC_Arena\app\Controllers\Report_admin.php(11): view('report_admin', Array)
#5 C:\xampp\htdocs\Project TC-Arena\NewTC_Arena\system\CodeIgniter.php(825): App\Controllers\report_admin->Report_admin()
#6 C:\xampp\htdocs\Project TC-Arena\NewTC_Arena\system\CodeIgniter.php(412): CodeIgniter\CodeIgniter->runController(Object(App\Controllers\report_admin))
#7 C:\xampp\htdocs\Project TC-Arena\NewTC_Arena\system\CodeIgniter.php(320): CodeIgniter\CodeIgniter->handleRequest(NULL, Object(Config\Cache), false)
#8 C:\xampp\htdocs\Project TC-Arena\NewTC_Arena\public\index.php(37): CodeIgniter\CodeIgniter->run()
#9 C:\xampp\htdocs\Project TC-Arena\NewTC_Arena\system\Commands\Server\rewrite.php(43): require_once('C:\\xampp\\htdocs...')
#10 {main}
CRITICAL - 2022-04-30 08:06:15 --> Undefined variable $book_count
#0 C:\xampp\htdocs\Project TC-Arena\NewTC_Arena\app\Views\report_admin.php(26): CodeIgniter\Debug\Exceptions->errorHandler(2, 'Undefined varia...', 'C:\\xampp\\htdocs...', 26)
#1 C:\xampp\htdocs\Project TC-Arena\NewTC_Arena\system\View\View.php(210): include('C:\\xampp\\htdocs...')
#2 C:\xampp\htdocs\Project TC-Arena\NewTC_Arena\system\View\View.php(213): CodeIgniter\View\View->CodeIgniter\View\{closure}()
#3 C:\xampp\htdocs\Project TC-Arena\NewTC_Arena\system\Common.php(1089): CodeIgniter\View\View->render('report_admin', Array, true)
#4 C:\xampp\htdocs\Project TC-Arena\NewTC_Arena\app\Controllers\Report_admin.php(11): view('report_admin', Array)
#5 C:\xampp\htdocs\Project TC-Arena\NewTC_Arena\system\CodeIgniter.php(825): App\Controllers\report_admin->Report_admin()
#6 C:\xampp\htdocs\Project TC-Arena\NewTC_Arena\system\CodeIgniter.php(412): CodeIgniter\CodeIgniter->runController(Object(App\Controllers\report_admin))
#7 C:\xampp\htdocs\Project TC-Arena\NewTC_Arena\system\CodeIgniter.php(320): CodeIgniter\CodeIgniter->handleRequest(NULL, Object(Config\Cache), false)
#8 C:\xampp\htdocs\Project TC-Arena\NewTC_Arena\public\index.php(37): CodeIgniter\CodeIgniter->run()
#9 C:\xampp\htdocs\Project TC-Arena\NewTC_Arena\system\Commands\Server\rewrite.php(43): require_once('C:\\xampp\\htdocs...')
#10 {main}
CRITICAL - 2022-04-30 08:06:58 --> Undefined variable $book_count
#0 C:\xampp\htdocs\Project TC-Arena\NewTC_Arena\app\Views\report_admin.php(26): CodeIgniter\Debug\Exceptions->errorHandler(2, 'Undefined varia...', 'C:\\xampp\\htdocs...', 26)
#1 C:\xampp\htdocs\Project TC-Arena\NewTC_Arena\system\View\View.php(210): include('C:\\xampp\\htdocs...')
#2 C:\xampp\htdocs\Project TC-Arena\NewTC_Arena\system\View\View.php(213): CodeIgniter\View\View->CodeIgniter\View\{closure}()
#3 C:\xampp\htdocs\Project TC-Arena\NewTC_Arena\system\Common.php(1089): CodeIgniter\View\View->render('report_admin', Array, true)
#4 C:\xampp\htdocs\Project TC-Arena\NewTC_Arena\app\Controllers\Report_admin.php(11): view('report_admin', Array)
#5 C:\xampp\htdocs\Project TC-Arena\NewTC_Arena\system\CodeIgniter.php(825): App\Controllers\report_admin->Report_admin()
#6 C:\xampp\htdocs\Project TC-Arena\NewTC_Arena\system\CodeIgniter.php(412): CodeIgniter\CodeIgniter->runController(Object(App\Controllers\report_admin))
#7 C:\xampp\htdocs\Project TC-Arena\NewTC_Arena\system\CodeIgniter.php(320): CodeIgniter\CodeIgniter->handleRequest(NULL, Object(Config\Cache), false)
#8 C:\xampp\htdocs\Project TC-Arena\NewTC_Arena\public\index.php(37): CodeIgniter\CodeIgniter->run()
#9 C:\xampp\htdocs\Project TC-Arena\NewTC_Arena\system\Commands\Server\rewrite.php(43): require_once('C:\\xampp\\htdocs...')
#10 {main}
CRITICAL - 2022-04-30 08:08:38 --> Undefined variable $book_count
#0 C:\xampp\htdocs\Project TC-Arena\NewTC_Arena\app\Views\report_admin.php(26): CodeIgniter\Debug\Exceptions->errorHandler(2, 'Undefined varia...', 'C:\\xampp\\htdocs...', 26)
#1 C:\xampp\htdocs\Project TC-Arena\NewTC_Arena\system\View\View.php(210): include('C:\\xampp\\htdocs...')
#2 C:\xampp\htdocs\Project TC-Arena\NewTC_Arena\system\View\View.php(213): CodeIgniter\View\View->CodeIgniter\View\{closure}()
#3 C:\xampp\htdocs\Project TC-Arena\NewTC_Arena\system\Common.php(1089): CodeIgniter\View\View->render('report_admin', Array, true)
#4 C:\xampp\htdocs\Project TC-Arena\NewTC_Arena\app\Controllers\Report_admin.php(11): view('report_admin', Array)
#5 C:\xampp\htdocs\Project TC-Arena\NewTC_Arena\system\CodeIgniter.php(825): App\Controllers\report_admin->Report_admin()
#6 C:\xampp\htdocs\Project TC-Arena\NewTC_Arena\system\CodeIgniter.php(412): CodeIgniter\CodeIgniter->runController(Object(App\Controllers\report_admin))
#7 C:\xampp\htdocs\Project TC-Arena\NewTC_Arena\system\CodeIgniter.php(320): CodeIgniter\CodeIgniter->handleRequest(NULL, Object(Config\Cache), false)
#8 C:\xampp\htdocs\Project TC-Arena\NewTC_Arena\public\index.php(37): CodeIgniter\CodeIgniter->run()
#9 C:\xampp\htdocs\Project TC-Arena\NewTC_Arena\system\Commands\Server\rewrite.php(43): require_once('C:\\xampp\\htdocs...')
#10 {main}
CRITICAL - 2022-04-30 08:09:00 --> Undefined variable $book_total
#0 C:\xampp\htdocs\Project TC-Arena\NewTC_Arena\app\Views\report_admin.php(26): CodeIgniter\Debug\Exceptions->errorHandler(2, 'Undefined varia...', 'C:\\xampp\\htdocs...', 26)
#1 C:\xampp\htdocs\Project TC-Arena\NewTC_Arena\system\View\View.php(210): include('C:\\xampp\\htdocs...')
#2 C:\xampp\htdocs\Project TC-Arena\NewTC_Arena\system\View\View.php(213): CodeIgniter\View\View->CodeIgniter\View\{closure}()
#3 C:\xampp\htdocs\Project TC-Arena\NewTC_Arena\system\Common.php(1089): CodeIgniter\View\View->render('report_admin', Array, true)
#4 C:\xampp\htdocs\Project TC-Arena\NewTC_Arena\app\Controllers\Report_admin.php(11): view('report_admin', Array)
#5 C:\xampp\htdocs\Project TC-Arena\NewTC_Arena\system\CodeIgniter.php(825): App\Controllers\report_admin->Report_admin()
#6 C:\xampp\htdocs\Project TC-Arena\NewTC_Arena\system\CodeIgniter.php(412): CodeIgniter\CodeIgniter->runController(Object(App\Controllers\report_admin))
#7 C:\xampp\htdocs\Project TC-Arena\NewTC_Arena\system\CodeIgniter.php(320): CodeIgniter\CodeIgniter->handleRequest(NULL, Object(Config\Cache), false)
#8 C:\xampp\htdocs\Project TC-Arena\NewTC_Arena\public\index.php(37): CodeIgniter\CodeIgniter->run()
#9 C:\xampp\htdocs\Project TC-Arena\NewTC_Arena\system\Commands\Server\rewrite.php(43): require_once('C:\\xampp\\htdocs...')
#10 {main}
CRITICAL - 2022-04-30 08:09:01 --> Undefined variable $book_total
#0 C:\xampp\htdocs\Project TC-Arena\NewTC_Arena\app\Views\report_admin.php(26): CodeIgniter\Debug\Exceptions->errorHandler(2, 'Undefined varia...', 'C:\\xampp\\htdocs...', 26)
#1 C:\xampp\htdocs\Project TC-Arena\NewTC_Arena\system\View\View.php(210): include('C:\\xampp\\htdocs...')
#2 C:\xampp\htdocs\Project TC-Arena\NewTC_Arena\system\View\View.php(213): CodeIgniter\View\View->CodeIgniter\View\{closure}()
#3 C:\xampp\htdocs\Project TC-Arena\NewTC_Arena\system\Common.php(1089): CodeIgniter\View\View->render('report_admin', Array, true)
#4 C:\xampp\htdocs\Project TC-Arena\NewTC_Arena\app\Controllers\Report_admin.php(11): view('report_admin', Array)
#5 C:\xampp\htdocs\Project TC-Arena\NewTC_Arena\system\CodeIgniter.php(825): App\Controllers\report_admin->Report_admin()
#6 C:\xampp\htdocs\Project TC-Arena\NewTC_Arena\system\CodeIgniter.php(412): CodeIgniter\CodeIgniter->runController(Object(App\Controllers\report_admin))
#7 C:\xampp\htdocs\Project TC-Arena\NewTC_Arena\system\CodeIgniter.php(320): CodeIgniter\CodeIgniter->handleRequest(NULL, Object(Config\Cache), false)
#8 C:\xampp\htdocs\Project TC-Arena\NewTC_Arena\public\index.php(37): CodeIgniter\CodeIgniter->run()
#9 C:\xampp\htdocs\Project TC-Arena\NewTC_Arena\system\Commands\Server\rewrite.php(43): require_once('C:\\xampp\\htdocs...')
#10 {main}
CRITICAL - 2022-04-30 08:09:02 --> Undefined variable $book_total
#0 C:\xampp\htdocs\Project TC-Arena\NewTC_Arena\app\Views\report_admin.php(26): CodeIgniter\Debug\Exceptions->errorHandler(2, 'Undefined varia...', 'C:\\xampp\\htdocs...', 26)
#1 C:\xampp\htdocs\Project TC-Arena\NewTC_Arena\system\View\View.php(210): include('C:\\xampp\\htdocs...')
#2 C:\xampp\htdocs\Project TC-Arena\NewTC_Arena\system\View\View.php(213): CodeIgniter\View\View->CodeIgniter\View\{closure}()
#3 C:\xampp\htdocs\Project TC-Arena\NewTC_Arena\system\Common.php(1089): CodeIgniter\View\View->render('report_admin', Array, true)
#4 C:\xampp\htdocs\Project TC-Arena\NewTC_Arena\app\Controllers\Report_admin.php(11): view('report_admin', Array)
#5 C:\xampp\htdocs\Project TC-Arena\NewTC_Arena\system\CodeIgniter.php(825): App\Controllers\report_admin->Report_admin()
#6 C:\xampp\htdocs\Project TC-Arena\NewTC_Arena\system\CodeIgniter.php(412): CodeIgniter\CodeIgniter->runController(Object(App\Controllers\report_admin))
#7 C:\xampp\htdocs\Project TC-Arena\NewTC_Arena\system\CodeIgniter.php(320): CodeIgniter\CodeIgniter->handleRequest(NULL, Object(Config\Cache), false)
#8 C:\xampp\htdocs\Project TC-Arena\NewTC_Arena\public\index.php(37): CodeIgniter\CodeIgniter->run()
#9 C:\xampp\htdocs\Project TC-Arena\NewTC_Arena\system\Commands\Server\rewrite.php(43): require_once('C:\\xampp\\htdocs...')
#10 {main}
CRITICAL - 2022-04-30 08:09:43 --> Undefined variable $book_total
#0 C:\xampp\htdocs\Project TC-Arena\NewTC_Arena\app\Views\report_admin.php(26): CodeIgniter\Debug\Exceptions->errorHandler(2, 'Undefined varia...', 'C:\\xampp\\htdocs...', 26)
#1 C:\xampp\htdocs\Project TC-Arena\NewTC_Arena\system\View\View.php(210): include('C:\\xampp\\htdocs...')
#2 C:\xampp\htdocs\Project TC-Arena\NewTC_Arena\system\View\View.php(213): CodeIgniter\View\View->CodeIgniter\View\{closure}()
#3 C:\xampp\htdocs\Project TC-Arena\NewTC_Arena\system\Common.php(1089): CodeIgniter\View\View->render('report_admin', Array, true)
#4 C:\xampp\htdocs\Project TC-Arena\NewTC_Arena\app\Controllers\Report_admin.php(11): view('report_admin', Array)
#5 C:\xampp\htdocs\Project TC-Arena\NewTC_Arena\system\CodeIgniter.php(825): App\Controllers\report_admin->Report_admin()
#6 C:\xampp\htdocs\Project TC-Arena\NewTC_Arena\system\CodeIgniter.php(412): CodeIgniter\CodeIgniter->runController(Object(App\Controllers\report_admin))
#7 C:\xampp\htdocs\Project TC-Arena\NewTC_Arena\system\CodeIgniter.php(320): CodeIgniter\CodeIgniter->handleRequest(NULL, Object(Config\Cache), false)
#8 C:\xampp\htdocs\Project TC-Arena\NewTC_Arena\public\index.php(37): CodeIgniter\CodeIgniter->run()
#9 C:\xampp\htdocs\Project TC-Arena\NewTC_Arena\system\Commands\Server\rewrite.php(43): require_once('C:\\xampp\\htdocs...')
#10 {main}
CRITICAL - 2022-04-30 08:09:44 --> Undefined variable $book_total
#0 C:\xampp\htdocs\Project TC-Arena\NewTC_Arena\app\Views\report_admin.php(26): CodeIgniter\Debug\Exceptions->errorHandler(2, 'Undefined varia...', 'C:\\xampp\\htdocs...', 26)
#1 C:\xampp\htdocs\Project TC-Arena\NewTC_Arena\system\View\View.php(210): include('C:\\xampp\\htdocs...')
#2 C:\xampp\htdocs\Project TC-Arena\NewTC_Arena\system\View\View.php(213): CodeIgniter\View\View->CodeIgniter\View\{closure}()
#3 C:\xampp\htdocs\Project TC-Arena\NewTC_Arena\system\Common.php(1089): CodeIgniter\View\View->render('report_admin', Array, true)
#4 C:\xampp\htdocs\Project TC-Arena\NewTC_Arena\app\Controllers\Report_admin.php(11): view('report_admin', Array)
#5 C:\xampp\htdocs\Project TC-Arena\NewTC_Arena\system\CodeIgniter.php(825): App\Controllers\report_admin->Report_admin()
#6 C:\xampp\htdocs\Project TC-Arena\NewTC_Arena\system\CodeIgniter.php(412): CodeIgniter\CodeIgniter->runController(Object(App\Controllers\report_admin))
#7 C:\xampp\htdocs\Project TC-Arena\NewTC_Arena\system\CodeIgniter.php(320): CodeIgniter\CodeIgniter->handleRequest(NULL, Object(Config\Cache), false)
#8 C:\xampp\htdocs\Project TC-Arena\NewTC_Arena\public\index.php(37): CodeIgniter\CodeIgniter->run()
#9 C:\xampp\htdocs\Project TC-Arena\NewTC_Arena\system\Commands\Server\rewrite.php(43): require_once('C:\\xampp\\htdocs...')
#10 {main}
CRITICAL - 2022-04-30 08:09:45 --> Undefined variable $book_total
#0 C:\xampp\htdocs\Project TC-Arena\NewTC_Arena\app\Views\report_admin.php(26): CodeIgniter\Debug\Exceptions->errorHandler(2, 'Undefined varia...', 'C:\\xampp\\htdocs...', 26)
#1 C:\xampp\htdocs\Project TC-Arena\NewTC_Arena\system\View\View.php(210): include('C:\\xampp\\htdocs...')
#2 C:\xampp\htdocs\Project TC-Arena\NewTC_Arena\system\View\View.php(213): CodeIgniter\View\View->CodeIgniter\View\{closure}()
#3 C:\xampp\htdocs\Project TC-Arena\NewTC_Arena\system\Common.php(1089): CodeIgniter\View\View->render('report_admin', Array, true)
#4 C:\xampp\htdocs\Project TC-Arena\NewTC_Arena\app\Controllers\Report_admin.php(11): view('report_admin', Array)
#5 C:\xampp\htdocs\Project TC-Arena\NewTC_Arena\system\CodeIgniter.php(825): App\Controllers\report_admin->Report_admin()
#6 C:\xampp\htdocs\Project TC-Arena\NewTC_Arena\system\CodeIgniter.php(412): CodeIgniter\CodeIgniter->runController(Object(App\Controllers\report_admin))
#7 C:\xampp\htdocs\Project TC-Arena\NewTC_Arena\system\CodeIgniter.php(320): CodeIgniter\CodeIgniter->handleRequest(NULL, Object(Config\Cache), false)
#8 C:\xampp\htdocs\Project TC-Arena\NewTC_Arena\public\index.php(37): CodeIgniter\CodeIgniter->run()
#9 C:\xampp\htdocs\Project TC-Arena\NewTC_Arena\system\Commands\Server\rewrite.php(43): require_once('C:\\xampp\\htdocs...')
#10 {main}
CRITICAL - 2022-04-30 08:11:37 --> Call to undefined method CodeIgniter\Database\MySQLi\Builder::countAllResult()
#0 C:\xampp\htdocs\Project TC-Arena\NewTC_Arena\app\Controllers\Report_admin.php(13): App\Models\BookingModel->totals()
#1 C:\xampp\htdocs\Project TC-Arena\NewTC_Arena\system\CodeIgniter.php(825): App\Controllers\report_admin->Report_admin()
#2 C:\xampp\htdocs\Project TC-Arena\NewTC_Arena\system\CodeIgniter.php(412): CodeIgniter\CodeIgniter->runController(Object(App\Controllers\report_admin))
#3 C:\xampp\htdocs\Project TC-Arena\NewTC_Arena\system\CodeIgniter.php(320): CodeIgniter\CodeIgniter->handleRequest(NULL, Object(Config\Cache), false)
#4 C:\xampp\htdocs\Project TC-Arena\NewTC_Arena\public\index.php(37): CodeIgniter\CodeIgniter->run()
#5 C:\xampp\htdocs\Project TC-Arena\NewTC_Arena\system\Commands\Server\rewrite.php(43): require_once('C:\\xampp\\htdocs...')
#6 {main}
CRITICAL - 2022-04-30 08:11:39 --> Call to undefined method CodeIgniter\Database\MySQLi\Builder::countAllResult()
#0 C:\xampp\htdocs\Project TC-Arena\NewTC_Arena\app\Controllers\Report_admin.php(13): App\Models\BookingModel->totals()
#1 C:\xampp\htdocs\Project TC-Arena\NewTC_Arena\system\CodeIgniter.php(825): App\Controllers\report_admin->Report_admin()
#2 C:\xampp\htdocs\Project TC-Arena\NewTC_Arena\system\CodeIgniter.php(412): CodeIgniter\CodeIgniter->runController(Object(App\Controllers\report_admin))
#3 C:\xampp\htdocs\Project TC-Arena\NewTC_Arena\system\CodeIgniter.php(320): CodeIgniter\CodeIgniter->handleRequest(NULL, Object(Config\Cache), false)
#4 C:\xampp\htdocs\Project TC-Arena\NewTC_Arena\public\index.php(37): CodeIgniter\CodeIgniter->run()
#5 C:\xampp\htdocs\Project TC-Arena\NewTC_Arena\system\Commands\Server\rewrite.php(43): require_once('C:\\xampp\\htdocs...')
#6 {main}
CRITICAL - 2022-04-30 08:13:50 --> Call to undefined method CodeIgniter\Database\MySQLi\Builder::countAllResult()
#0 C:\xampp\htdocs\Project TC-Arena\NewTC_Arena\app\Controllers\Report_admin.php(13): App\Models\BookingModel->totals()
#1 C:\xampp\htdocs\Project TC-Arena\NewTC_Arena\system\CodeIgniter.php(825): App\Controllers\report_admin->Report_admin()
#2 C:\xampp\htdocs\Project TC-Arena\NewTC_Arena\system\CodeIgniter.php(412): CodeIgniter\CodeIgniter->runController(Object(App\Controllers\report_admin))
#3 C:\xampp\htdocs\Project TC-Arena\NewTC_Arena\system\CodeIgniter.php(320): CodeIgniter\CodeIgniter->handleRequest(NULL, Object(Config\Cache), false)
#4 C:\xampp\htdocs\Project TC-Arena\NewTC_Arena\public\index.php(37): CodeIgniter\CodeIgniter->run()
#5 C:\xampp\htdocs\Project TC-Arena\NewTC_Arena\system\Commands\Server\rewrite.php(43): require_once('C:\\xampp\\htdocs...')
#6 {main}
CRITICAL - 2022-04-30 08:13:51 --> Call to undefined method CodeIgniter\Database\MySQLi\Builder::countAllResult()
#0 C:\xampp\htdocs\Project TC-Arena\NewTC_Arena\app\Controllers\Report_admin.php(13): App\Models\BookingModel->totals()
#1 C:\xampp\htdocs\Project TC-Arena\NewTC_Arena\system\CodeIgniter.php(825): App\Controllers\report_admin->Report_admin()
#2 C:\xampp\htdocs\Project TC-Arena\NewTC_Arena\system\CodeIgniter.php(412): CodeIgniter\CodeIgniter->runController(Object(App\Controllers\report_admin))
#3 C:\xampp\htdocs\Project TC-Arena\NewTC_Arena\system\CodeIgniter.php(320): CodeIgniter\CodeIgniter->handleRequest(NULL, Object(Config\Cache), false)
#4 C:\xampp\htdocs\Project TC-Arena\NewTC_Arena\public\index.php(37): CodeIgniter\CodeIgniter->run()
#5 C:\xampp\htdocs\Project TC-Arena\NewTC_Arena\system\Commands\Server\rewrite.php(43): require_once('C:\\xampp\\htdocs...')
#6 {main}
CRITICAL - 2022-04-30 08:13:51 --> Call to undefined method CodeIgniter\Database\MySQLi\Builder::countAllResult()
#0 C:\xampp\htdocs\Project TC-Arena\NewTC_Arena\app\Controllers\Report_admin.php(13): App\Models\BookingModel->totals()
#1 C:\xampp\htdocs\Project TC-Arena\NewTC_Arena\system\CodeIgniter.php(825): App\Controllers\report_admin->Report_admin()
#2 C:\xampp\htdocs\Project TC-Arena\NewTC_Arena\system\CodeIgniter.php(412): CodeIgniter\CodeIgniter->runController(Object(App\Controllers\report_admin))
#3 C:\xampp\htdocs\Project TC-Arena\NewTC_Arena\system\CodeIgniter.php(320): CodeIgniter\CodeIgniter->handleRequest(NULL, Object(Config\Cache), false)
#4 C:\xampp\htdocs\Project TC-Arena\NewTC_Arena\public\index.php(37): CodeIgniter\CodeIgniter->run()
#5 C:\xampp\htdocs\Project TC-Arena\NewTC_Arena\system\Commands\Server\rewrite.php(43): require_once('C:\\xampp\\htdocs...')
#6 {main}
CRITICAL - 2022-04-30 08:13:51 --> Call to undefined method CodeIgniter\Database\MySQLi\Builder::countAllResult()
#0 C:\xampp\htdocs\Project TC-Arena\NewTC_Arena\app\Controllers\Report_admin.php(13): App\Models\BookingModel->totals()
#1 C:\xampp\htdocs\Project TC-Arena\NewTC_Arena\system\CodeIgniter.php(825): App\Controllers\report_admin->Report_admin()
#2 C:\xampp\htdocs\Project TC-Arena\NewTC_Arena\system\CodeIgniter.php(412): CodeIgniter\CodeIgniter->runController(Object(App\Controllers\report_admin))
#3 C:\xampp\htdocs\Project TC-Arena\NewTC_Arena\system\CodeIgniter.php(320): CodeIgniter\CodeIgniter->handleRequest(NULL, Object(Config\Cache), false)
#4 C:\xampp\htdocs\Project TC-Arena\NewTC_Arena\public\index.php(37): CodeIgniter\CodeIgniter->run()
#5 C:\xampp\htdocs\Project TC-Arena\NewTC_Arena\system\Commands\Server\rewrite.php(43): require_once('C:\\xampp\\htdocs...')
#6 {main}
CRITICAL - 2022-04-30 08:13:51 --> Call to undefined method CodeIgniter\Database\MySQLi\Builder::countAllResult()
#0 C:\xampp\htdocs\Project TC-Arena\NewTC_Arena\app\Controllers\Report_admin.php(13): App\Models\BookingModel->totals()
#1 C:\xampp\htdocs\Project TC-Arena\NewTC_Arena\system\CodeIgniter.php(825): App\Controllers\report_admin->Report_admin()
#2 C:\xampp\htdocs\Project TC-Arena\NewTC_Arena\system\CodeIgniter.php(412): CodeIgniter\CodeIgniter->runController(Object(App\Controllers\report_admin))
#3 C:\xampp\htdocs\Project TC-Arena\NewTC_Arena\system\CodeIgniter.php(320): CodeIgniter\CodeIgniter->handleRequest(NULL, Object(Config\Cache), false)
#4 C:\xampp\htdocs\Project TC-Arena\NewTC_Arena\public\index.php(37): CodeIgniter\CodeIgniter->run()
#5 C:\xampp\htdocs\Project TC-Arena\NewTC_Arena\system\Commands\Server\rewrite.php(43): require_once('C:\\xampp\\htdocs...')
#6 {main}
CRITICAL - 2022-04-30 08:14:54 --> Call to undefined method CodeIgniter\Database\MySQLi\Builder::countAllResult()
#0 C:\xampp\htdocs\Project TC-Arena\NewTC_Arena\app\Controllers\Report_admin.php(13): App\Models\BookingModel->totals()
#1 C:\xampp\htdocs\Project TC-Arena\NewTC_Arena\system\CodeIgniter.php(825): App\Controllers\report_admin->Report_admin()
#2 C:\xampp\htdocs\Project TC-Arena\NewTC_Arena\system\CodeIgniter.php(412): CodeIgniter\CodeIgniter->runController(Object(App\Controllers\report_admin))
#3 C:\xampp\htdocs\Project TC-Arena\NewTC_Arena\system\CodeIgniter.php(320): CodeIgniter\CodeIgniter->handleRequest(NULL, Object(Config\Cache), false)
#4 C:\xampp\htdocs\Project TC-Arena\NewTC_Arena\public\index.php(37): CodeIgniter\CodeIgniter->run()
#5 C:\xampp\htdocs\Project TC-Arena\NewTC_Arena\system\Commands\Server\rewrite.php(43): require_once('C:\\xampp\\htdocs...')
#6 {main}
CRITICAL - 2022-04-30 08:14:55 --> Call to undefined method CodeIgniter\Database\MySQLi\Builder::countAllResult()
#0 C:\xampp\htdocs\Project TC-Arena\NewTC_Arena\app\Controllers\Report_admin.php(13): App\Models\BookingModel->totals()
#1 C:\xampp\htdocs\Project TC-Arena\NewTC_Arena\system\CodeIgniter.php(825): App\Controllers\report_admin->Report_admin()
#2 C:\xampp\htdocs\Project TC-Arena\NewTC_Arena\system\CodeIgniter.php(412): CodeIgniter\CodeIgniter->runController(Object(App\Controllers\report_admin))
#3 C:\xampp\htdocs\Project TC-Arena\NewTC_Arena\system\CodeIgniter.php(320): CodeIgniter\CodeIgniter->handleRequest(NULL, Object(Config\Cache), false)
#4 C:\xampp\htdocs\Project TC-Arena\NewTC_Arena\public\index.php(37): CodeIgniter\CodeIgniter->run()
#5 C:\xampp\htdocs\Project TC-Arena\NewTC_Arena\system\Commands\Server\rewrite.php(43): require_once('C:\\xampp\\htdocs...')
#6 {main}
ERROR - 2022-04-30 08:22:07 --> Error connecting to the database: No connection could be made because the target machine actively refused it
CRITICAL - 2022-04-30 08:22:07 --> Unable to connect to the database.
Main connection [MySQLi]: No connection could be made because the target machine actively refused it
#0 C:\xampp\htdocs\Project TC-Arena\NewTC_Arena\system\Database\BaseConnection.php(577): CodeIgniter\Database\BaseConnection->initialize()
#1 C:\xampp\htdocs\Project TC-Arena\NewTC_Arena\system\Database\BaseBuilder.php(1455): CodeIgniter\Database\BaseConnection->query('SELECT *\nFROM `...', Array, false)
#2 C:\xampp\htdocs\Project TC-Arena\NewTC_Arena\system\Model.php(210): CodeIgniter\Database\BaseBuilder->get()
#3 C:\xampp\htdocs\Project TC-Arena\NewTC_Arena\system\BaseModel.php(622): CodeIgniter\Model->doFirst()
#4 C:\xampp\htdocs\Project TC-Arena\NewTC_Arena\app\Controllers\Login.php(18): CodeIgniter\BaseModel->first()
#5 C:\xampp\htdocs\Project TC-Arena\NewTC_Arena\system\CodeIgniter.php(825): App\Controllers\Login->auth()
#6 C:\xampp\htdocs\Project TC-Arena\NewTC_Arena\system\CodeIgniter.php(412): CodeIgniter\CodeIgniter->runController(Object(App\Controllers\Login))
#7 C:\xampp\htdocs\Project TC-Arena\NewTC_Arena\system\CodeIgniter.php(320): CodeIgniter\CodeIgniter->handleRequest(NULL, Object(Config\Cache), false)
#8 C:\xampp\htdocs\Project TC-Arena\NewTC_Arena\public\index.php(37): CodeIgniter\CodeIgniter->run()
#9 C:\xampp\htdocs\Project TC-Arena\NewTC_Arena\system\Commands\Server\rewrite.php(43): require_once('C:\\xampp\\htdocs...')
#10 {main}
CRITICAL - 2022-04-30 21:58:48 --> Undefined variable $user
#0 C:\xampp\htdocs\Project TC-Arena\NewTC_Arena\app\Views\report_admin.php(97): CodeIgniter\Debug\Exceptions->errorHandler(2, 'Undefined varia...', 'C:\\xampp\\htdocs...', 97)
#1 C:\xampp\htdocs\Project TC-Arena\NewTC_Arena\system\View\View.php(210): include('C:\\xampp\\htdocs...')
#2 C:\xampp\htdocs\Project TC-Arena\NewTC_Arena\system\View\View.php(213): CodeIgniter\View\View->CodeIgniter\View\{closure}()
#3 C:\xampp\htdocs\Project TC-Arena\NewTC_Arena\system\Common.php(1089): CodeIgniter\View\View->render('report_admin', Array, true)
#4 C:\xampp\htdocs\Project TC-Arena\NewTC_Arena\app\Controllers\Report_admin.php(14): view('report_admin', Array)
#5 C:\xampp\htdocs\Project TC-Arena\NewTC_Arena\system\CodeIgniter.php(825): App\Controllers\report_admin->Report_admin()
#6 C:\xampp\htdocs\Project TC-Arena\NewTC_Arena\system\CodeIgniter.php(412): CodeIgniter\CodeIgniter->runController(Object(App\Controllers\report_admin))
#7 C:\xampp\htdocs\Project TC-Arena\NewTC_Arena\system\CodeIgniter.php(320): CodeIgniter\CodeIgniter->handleRequest(NULL, Object(Config\Cache), false)
#8 C:\xampp\htdocs\Project TC-Arena\NewTC_Arena\public\index.php(37): CodeIgniter\CodeIgniter->run()
#9 C:\xampp\htdocs\Project TC-Arena\NewTC_Arena\system\Commands\Server\rewrite.php(43): require_once('C:\\xampp\\htdocs...')
#10 {main}
CRITICAL - 2022-04-30 21:58:49 --> Undefined variable $user
#0 C:\xampp\htdocs\Project TC-Arena\NewTC_Arena\app\Views\report_admin.php(97): CodeIgniter\Debug\Exceptions->errorHandler(2, 'Undefined varia...', 'C:\\xampp\\htdocs...', 97)
#1 C:\xampp\htdocs\Project TC-Arena\NewTC_Arena\system\View\View.php(210): include('C:\\xampp\\htdocs...')
#2 C:\xampp\htdocs\Project TC-Arena\NewTC_Arena\system\View\View.php(213): CodeIgniter\View\View->CodeIgniter\View\{closure}()
#3 C:\xampp\htdocs\Project TC-Arena\NewTC_Arena\system\Common.php(1089): CodeIgniter\View\View->render('report_admin', Array, true)
#4 C:\xampp\htdocs\Project TC-Arena\NewTC_Arena\app\Controllers\Report_admin.php(14): view('report_admin', Array)
#5 C:\xampp\htdocs\Project TC-Arena\NewTC_Arena\system\CodeIgniter.php(825): App\Controllers\report_admin->Report_admin()
#6 C:\xampp\htdocs\Project TC-Arena\NewTC_Arena\system\CodeIgniter.php(412): CodeIgniter\CodeIgniter->runController(Object(App\Controllers\report_admin))
#7 C:\xampp\htdocs\Project TC-Arena\NewTC_Arena\system\CodeIgniter.php(320): CodeIgniter\CodeIgniter->handleRequest(NULL, Object(Config\Cache), false)
#8 C:\xampp\htdocs\Project TC-Arena\NewTC_Arena\public\index.php(37): CodeIgniter\CodeIgniter->run()
#9 C:\xampp\htdocs\Project TC-Arena\NewTC_Arena\system\Commands\Server\rewrite.php(43): require_once('C:\\xampp\\htdocs...')
#10 {main}
CRITICAL - 2022-04-30 22:01:37 --> Undefined variable $user
#0 C:\xampp\htdocs\Project TC-Arena\NewTC_Arena\app\Views\report_admin.php(97): CodeIgniter\Debug\Exceptions->errorHandler(2, 'Undefined varia...', 'C:\\xampp\\htdocs...', 97)
#1 C:\xampp\htdocs\Project TC-Arena\NewTC_Arena\system\View\View.php(210): include('C:\\xampp\\htdocs...')
#2 C:\xampp\htdocs\Project TC-Arena\NewTC_Arena\system\View\View.php(213): CodeIgniter\View\View->CodeIgniter\View\{closure}()
#3 C:\xampp\htdocs\Project TC-Arena\NewTC_Arena\system\Common.php(1089): CodeIgniter\View\View->render('report_admin', Array, true)
#4 C:\xampp\htdocs\Project TC-Arena\NewTC_Arena\app\Controllers\Report_admin.php(14): view('report_admin', Array)
#5 C:\xampp\htdocs\Project TC-Arena\NewTC_Arena\system\CodeIgniter.php(825): App\Controllers\report_admin->Report_admin()
#6 C:\xampp\htdocs\Project TC-Arena\NewTC_Arena\system\CodeIgniter.php(412): CodeIgniter\CodeIgniter->runController(Object(App\Controllers\report_admin))
#7 C:\xampp\htdocs\Project TC-Arena\NewTC_Arena\system\CodeIgniter.php(320): CodeIgniter\CodeIgniter->handleRequest(NULL, Object(Config\Cache), false)
#8 C:\xampp\htdocs\Project TC-Arena\NewTC_Arena\public\index.php(37): CodeIgniter\CodeIgniter->run()
#9 C:\xampp\htdocs\Project TC-Arena\NewTC_Arena\system\Commands\Server\rewrite.php(43): require_once('C:\\xampp\\htdocs...')
#10 {main}
CRITICAL - 2022-04-30 22:01:39 --> Undefined variable $user
#0 C:\xampp\htdocs\Project TC-Arena\NewTC_Arena\app\Views\report_admin.php(97): CodeIgniter\Debug\Exceptions->errorHandler(2, 'Undefined varia...', 'C:\\xampp\\htdocs...', 97)
#1 C:\xampp\htdocs\Project TC-Arena\NewTC_Arena\system\View\View.php(210): include('C:\\xampp\\htdocs...')
#2 C:\xampp\htdocs\Project TC-Arena\NewTC_Arena\system\View\View.php(213): CodeIgniter\View\View->CodeIgniter\View\{closure}()
#3 C:\xampp\htdocs\Project TC-Arena\NewTC_Arena\system\Common.php(1089): CodeIgniter\View\View->render('report_admin', Array, true)
#4 C:\xampp\htdocs\Project TC-Arena\NewTC_Arena\app\Controllers\Report_admin.php(14): view('report_admin', Array)
#5 C:\xampp\htdocs\Project TC-Arena\NewTC_Arena\system\CodeIgniter.php(825): App\Controllers\report_admin->Report_admin()
#6 C:\xampp\htdocs\Project TC-Arena\NewTC_Arena\system\CodeIgniter.php(412): CodeIgniter\CodeIgniter->runController(Object(App\Controllers\report_admin))
#7 C:\xampp\htdocs\Project TC-Arena\NewTC_Arena\system\CodeIgniter.php(320): CodeIgniter\CodeIgniter->handleRequest(NULL, Object(Config\Cache), false)
#8 C:\xampp\htdocs\Project TC-Arena\NewTC_Arena\public\index.php(37): CodeIgniter\CodeIgniter->run()
#9 C:\xampp\htdocs\Project TC-Arena\NewTC_Arena\system\Commands\Server\rewrite.php(43): require_once('C:\\xampp\\htdocs...')
#10 {main}
CRITICAL - 2022-04-30 22:02:22 --> Undefined variable $pass
#0 C:\xampp\htdocs\Project TC-Arena\NewTC_Arena\app\Views\report_admin.php(97): CodeIgniter\Debug\Exceptions->errorHandler(2, 'Undefined varia...', 'C:\\xampp\\htdocs...', 97)
#1 C:\xampp\htdocs\Project TC-Arena\NewTC_Arena\system\View\View.php(210): include('C:\\xampp\\htdocs...')
#2 C:\xampp\htdocs\Project TC-Arena\NewTC_Arena\system\View\View.php(213): CodeIgniter\View\View->CodeIgniter\View\{closure}()
#3 C:\xampp\htdocs\Project TC-Arena\NewTC_Arena\system\Common.php(1089): CodeIgniter\View\View->render('report_admin', Array, true)
#4 C:\xampp\htdocs\Project TC-Arena\NewTC_Arena\app\Controllers\Report_admin.php(14): view('report_admin', Array)
#5 C:\xampp\htdocs\Project TC-Arena\NewTC_Arena\system\CodeIgniter.php(825): App\Controllers\report_admin->Report_admin()
#6 C:\xampp\htdocs\Project TC-Arena\NewTC_Arena\system\CodeIgniter.php(412): CodeIgniter\CodeIgniter->runController(Object(App\Controllers\report_admin))
#7 C:\xampp\htdocs\Project TC-Arena\NewTC_Arena\system\CodeIgniter.php(320): CodeIgniter\CodeIgniter->handleRequest(NULL, Object(Config\Cache), false)
#8 C:\xampp\htdocs\Project TC-Arena\NewTC_Arena\public\index.php(37): CodeIgniter\CodeIgniter->run()
#9 C:\xampp\htdocs\Project TC-Arena\NewTC_Arena\system\Commands\Server\rewrite.php(43): require_once('C:\\xampp\\htdocs...')
#10 {main}
CRITICAL - 2022-04-30 22:02:23 --> Undefined variable $pass
#0 C:\xampp\htdocs\Project TC-Arena\NewTC_Arena\app\Views\report_admin.php(97): CodeIgniter\Debug\Exceptions->errorHandler(2, 'Undefined varia...', 'C:\\xampp\\htdocs...', 97)
#1 C:\xampp\htdocs\Project TC-Arena\NewTC_Arena\system\View\View.php(210): include('C:\\xampp\\htdocs...')
#2 C:\xampp\htdocs\Project TC-Arena\NewTC_Arena\system\View\View.php(213): CodeIgniter\View\View->CodeIgniter\View\{closure}()
#3 C:\xampp\htdocs\Project TC-Arena\NewTC_Arena\system\Common.php(1089): CodeIgniter\View\View->render('report_admin', Array, true)
#4 C:\xampp\htdocs\Project TC-Arena\NewTC_Arena\app\Controllers\Report_admin.php(14): view('report_admin', Array)
#5 C:\xampp\htdocs\Project TC-Arena\NewTC_Arena\system\CodeIgniter.php(825): App\Controllers\report_admin->Report_admin()
#6 C:\xampp\htdocs\Project TC-Arena\NewTC_Arena\system\CodeIgniter.php(412): CodeIgniter\CodeIgniter->runController(Object(App\Controllers\report_admin))
#7 C:\xampp\htdocs\Project TC-Arena\NewTC_Arena\system\CodeIgniter.php(320): CodeIgniter\CodeIgniter->handleRequest(NULL, Object(Config\Cache), false)
#8 C:\xampp\htdocs\Project TC-Arena\NewTC_Arena\public\index.php(37): CodeIgniter\CodeIgniter->run()
#9 C:\xampp\htdocs\Project TC-Arena\NewTC_Arena\system\Commands\Server\rewrite.php(43): require_once('C:\\xampp\\htdocs...')
#10 {main}
CRITICAL - 2022-04-30 22:02:52 --> Undefined variable $user
#0 C:\xampp\htdocs\Project TC-Arena\NewTC_Arena\app\Views\report_admin.php(97): CodeIgniter\Debug\Exceptions->errorHandler(2, 'Undefined varia...', 'C:\\xampp\\htdocs...', 97)
#1 C:\xampp\htdocs\Project TC-Arena\NewTC_Arena\system\View\View.php(210): include('C:\\xampp\\htdocs...')
#2 C:\xampp\htdocs\Project TC-Arena\NewTC_Arena\system\View\View.php(213): CodeIgniter\View\View->CodeIgniter\View\{closure}()
#3 C:\xampp\htdocs\Project TC-Arena\NewTC_Arena\system\Common.php(1089): CodeIgniter\View\View->render('report_admin', Array, true)
#4 C:\xampp\htdocs\Project TC-Arena\NewTC_Arena\app\Controllers\Report_admin.php(14): view('report_admin', Array)
#5 C:\xampp\htdocs\Project TC-Arena\NewTC_Arena\system\CodeIgniter.php(825): App\Controllers\report_admin->Report_admin()
#6 C:\xampp\htdocs\Project TC-Arena\NewTC_Arena\system\CodeIgniter.php(412): CodeIgniter\CodeIgniter->runController(Object(App\Controllers\report_admin))
#7 C:\xampp\htdocs\Project TC-Arena\NewTC_Arena\system\CodeIgniter.php(320): CodeIgniter\CodeIgniter->handleRequest(NULL, Object(Config\Cache), false)
#8 C:\xampp\htdocs\Project TC-Arena\NewTC_Arena\public\index.php(37): CodeIgniter\CodeIgniter->run()
#9 C:\xampp\htdocs\Project TC-Arena\NewTC_Arena\system\Commands\Server\rewrite.php(43): require_once('C:\\xampp\\htdocs...')
#10 {main}
CRITICAL - 2022-04-30 22:02:53 --> Undefined variable $user
#0 C:\xampp\htdocs\Project TC-Arena\NewTC_Arena\app\Views\report_admin.php(97): CodeIgniter\Debug\Exceptions->errorHandler(2, 'Undefined varia...', 'C:\\xampp\\htdocs...', 97)
#1 C:\xampp\htdocs\Project TC-Arena\NewTC_Arena\system\View\View.php(210): include('C:\\xampp\\htdocs...')
#2 C:\xampp\htdocs\Project TC-Arena\NewTC_Arena\system\View\View.php(213): CodeIgniter\View\View->CodeIgniter\View\{closure}()
#3 C:\xampp\htdocs\Project TC-Arena\NewTC_Arena\system\Common.php(1089): CodeIgniter\View\View->render('report_admin', Array, true)
#4 C:\xampp\htdocs\Project TC-Arena\NewTC_Arena\app\Controllers\Report_admin.php(14): view('report_admin', Array)
#5 C:\xampp\htdocs\Project TC-Arena\NewTC_Arena\system\CodeIgniter.php(825): App\Controllers\report_admin->Report_admin()
#6 C:\xampp\htdocs\Project TC-Arena\NewTC_Arena\system\CodeIgniter.php(412): CodeIgniter\CodeIgniter->runController(Object(App\Controllers\report_admin))
#7 C:\xampp\htdocs\Project TC-Arena\NewTC_Arena\system\CodeIgniter.php(320): CodeIgniter\CodeIgniter->handleRequest(NULL, Object(Config\Cache), false)
#8 C:\xampp\htdocs\Project TC-Arena\NewTC_Arena\public\index.php(37): CodeIgniter\CodeIgniter->run()
#9 C:\xampp\htdocs\Project TC-Arena\NewTC_Arena\system\Commands\Server\rewrite.php(43): require_once('C:\\xampp\\htdocs...')
#10 {main}
CRITICAL - 2022-04-30 22:02:53 --> Undefined variable $user
#0 C:\xampp\htdocs\Project TC-Arena\NewTC_Arena\app\Views\report_admin.php(97): CodeIgniter\Debug\Exceptions->errorHandler(2, 'Undefined varia...', 'C:\\xampp\\htdocs...', 97)
#1 C:\xampp\htdocs\Project TC-Arena\NewTC_Arena\system\View\View.php(210): include('C:\\xampp\\htdocs...')
#2 C:\xampp\htdocs\Project TC-Arena\NewTC_Arena\system\View\View.php(213): CodeIgniter\View\View->CodeIgniter\View\{closure}()
#3 C:\xampp\htdocs\Project TC-Arena\NewTC_Arena\system\Common.php(1089): CodeIgniter\View\View->render('report_admin', Array, true)
#4 C:\xampp\htdocs\Project TC-Arena\NewTC_Arena\app\Controllers\Report_admin.php(14): view('report_admin', Array)
#5 C:\xampp\htdocs\Project TC-Arena\NewTC_Arena\system\CodeIgniter.php(825): App\Controllers\report_admin->Report_admin()
#6 C:\xampp\htdocs\Project TC-Arena\NewTC_Arena\system\CodeIgniter.php(412): CodeIgniter\CodeIgniter->runController(Object(App\Controllers\report_admin))
#7 C:\xampp\htdocs\Project TC-Arena\NewTC_Arena\system\CodeIgniter.php(320): CodeIgniter\CodeIgniter->handleRequest(NULL, Object(Config\Cache), false)
#8 C:\xampp\htdocs\Project TC-Arena\NewTC_Arena\public\index.php(37): CodeIgniter\CodeIgniter->run()
#9 C:\xampp\htdocs\Project TC-Arena\NewTC_Arena\system\Commands\Server\rewrite.php(43): require_once('C:\\xampp\\htdocs...')
#10 {main}
CRITICAL - 2022-04-30 22:04:17 --> Undefined variable $user
#0 C:\xampp\htdocs\Project TC-Arena\NewTC_Arena\app\Views\report_admin.php(97): CodeIgniter\Debug\Exceptions->errorHandler(2, 'Undefined varia...', 'C:\\xampp\\htdocs...', 97)
#1 C:\xampp\htdocs\Project TC-Arena\NewTC_Arena\system\View\View.php(210): include('C:\\xampp\\htdocs...')
#2 C:\xampp\htdocs\Project TC-Arena\NewTC_Arena\system\View\View.php(213): CodeIgniter\View\View->CodeIgniter\View\{closure}()
#3 C:\xampp\htdocs\Project TC-Arena\NewTC_Arena\system\Common.php(1089): CodeIgniter\View\View->render('report_admin', Array, true)
#4 C:\xampp\htdocs\Project TC-Arena\NewTC_Arena\app\Controllers\Report_admin.php(14): view('report_admin', Array)
#5 C:\xampp\htdocs\Project TC-Arena\NewTC_Arena\system\CodeIgniter.php(825): App\Controllers\report_admin->Report_admin()
#6 C:\xampp\htdocs\Project TC-Arena\NewTC_Arena\system\CodeIgniter.php(412): CodeIgniter\CodeIgniter->runController(Object(App\Controllers\report_admin))
#7 C:\xampp\htdocs\Project TC-Arena\NewTC_Arena\system\CodeIgniter.php(320): CodeIgniter\CodeIgniter->handleRequest(NULL, Object(Config\Cache), false)
#8 C:\xampp\htdocs\Project TC-Arena\NewTC_Arena\public\index.php(37): CodeIgniter\CodeIgniter->run()
#9 C:\xampp\htdocs\Project TC-Arena\NewTC_Arena\system\Commands\Server\rewrite.php(43): require_once('C:\\xampp\\htdocs...')
#10 {main}
CRITICAL - 2022-04-30 22:04:18 --> Undefined variable $user
#0 C:\xampp\htdocs\Project TC-Arena\NewTC_Arena\app\Views\report_admin.php(97): CodeIgniter\Debug\Exceptions->errorHandler(2, 'Undefined varia...', 'C:\\xampp\\htdocs...', 97)
#1 C:\xampp\htdocs\Project TC-Arena\NewTC_Arena\system\View\View.php(210): include('C:\\xampp\\htdocs...')
#2 C:\xampp\htdocs\Project TC-Arena\NewTC_Arena\system\View\View.php(213): CodeIgniter\View\View->CodeIgniter\View\{closure}()
#3 C:\xampp\htdocs\Project TC-Arena\NewTC_Arena\system\Common.php(1089): CodeIgniter\View\View->render('report_admin', Array, true)
#4 C:\xampp\htdocs\Project TC-Arena\NewTC_Arena\app\Controllers\Report_admin.php(14): view('report_admin', Array)
#5 C:\xampp\htdocs\Project TC-Arena\NewTC_Arena\system\CodeIgniter.php(825): App\Controllers\report_admin->Report_admin()
#6 C:\xampp\htdocs\Project TC-Arena\NewTC_Arena\system\CodeIgniter.php(412): CodeIgniter\CodeIgniter->runController(Object(App\Controllers\report_admin))
#7 C:\xampp\htdocs\Project TC-Arena\NewTC_Arena\system\CodeIgniter.php(320): CodeIgniter\CodeIgniter->handleRequest(NULL, Object(Config\Cache), false)
#8 C:\xampp\htdocs\Project TC-Arena\NewTC_Arena\public\index.php(37): CodeIgniter\CodeIgniter->run()
#9 C:\xampp\htdocs\Project TC-Arena\NewTC_Arena\system\Commands\Server\rewrite.php(43): require_once('C:\\xampp\\htdocs...')
#10 {main}
CRITICAL - 2022-04-30 22:05:34 --> Undefined variable $pass
#0 C:\xampp\htdocs\Project TC-Arena\NewTC_Arena\app\Views\report_admin.php(97): CodeIgniter\Debug\Exceptions->errorHandler(2, 'Undefined varia...', 'C:\\xampp\\htdocs...', 97)
#1 C:\xampp\htdocs\Project TC-Arena\NewTC_Arena\system\View\View.php(210): include('C:\\xampp\\htdocs...')
#2 C:\xampp\htdocs\Project TC-Arena\NewTC_Arena\system\View\View.php(213): CodeIgniter\View\View->CodeIgniter\View\{closure}()
#3 C:\xampp\htdocs\Project TC-Arena\NewTC_Arena\system\Common.php(1089): CodeIgniter\View\View->render('report_admin', Array, true)
#4 C:\xampp\htdocs\Project TC-Arena\NewTC_Arena\app\Controllers\Report_admin.php(14): view('report_admin', Array)
#5 C:\xampp\htdocs\Project TC-Arena\NewTC_Arena\system\CodeIgniter.php(825): App\Controllers\report_admin->Report_admin()
#6 C:\xampp\htdocs\Project TC-Arena\NewTC_Arena\system\CodeIgniter.php(412): CodeIgniter\CodeIgniter->runController(Object(App\Controllers\report_admin))
#7 C:\xampp\htdocs\Project TC-Arena\NewTC_Arena\system\CodeIgniter.php(320): CodeIgniter\CodeIgniter->handleRequest(NULL, Object(Config\Cache), false)
#8 C:\xampp\htdocs\Project TC-Arena\NewTC_Arena\public\index.php(37): CodeIgniter\CodeIgniter->run()
#9 C:\xampp\htdocs\Project TC-Arena\NewTC_Arena\system\Commands\Server\rewrite.php(43): require_once('C:\\xampp\\htdocs...')
#10 {main}
CRITICAL - 2022-04-30 22:05:53 --> Undefined variable $pass
#0 C:\xampp\htdocs\Project TC-Arena\NewTC_Arena\app\Views\report_admin.php(97): CodeIgniter\Debug\Exceptions->errorHandler(2, 'Undefined varia...', 'C:\\xampp\\htdocs...', 97)
#1 C:\xampp\htdocs\Project TC-Arena\NewTC_Arena\system\View\View.php(210): include('C:\\xampp\\htdocs...')
#2 C:\xampp\htdocs\Project TC-Arena\NewTC_Arena\system\View\View.php(213): CodeIgniter\View\View->CodeIgniter\View\{closure}()
#3 C:\xampp\htdocs\Project TC-Arena\NewTC_Arena\system\Common.php(1089): CodeIgniter\View\View->render('report_admin', Array, true)
#4 C:\xampp\htdocs\Project TC-Arena\NewTC_Arena\app\Controllers\Report_admin.php(14): view('report_admin', Array)
#5 C:\xampp\htdocs\Project TC-Arena\NewTC_Arena\system\CodeIgniter.php(825): App\Controllers\report_admin->Report_admin()
#6 C:\xampp\htdocs\Project TC-Arena\NewTC_Arena\system\CodeIgniter.php(412): CodeIgniter\CodeIgniter->runController(Object(App\Controllers\report_admin))
#7 C:\xampp\htdocs\Project TC-Arena\NewTC_Arena\system\CodeIgniter.php(320): CodeIgniter\CodeIgniter->handleRequest(NULL, Object(Config\Cache), false)
#8 C:\xampp\htdocs\Project TC-Arena\NewTC_Arena\public\index.php(37): CodeIgniter\CodeIgniter->run()
#9 C:\xampp\htdocs\Project TC-Arena\NewTC_Arena\system\Commands\Server\rewrite.php(43): require_once('C:\\xampp\\htdocs...')
#10 {main}
CRITICAL - 2022-04-30 22:05:54 --> Undefined variable $pass
#0 C:\xampp\htdocs\Project TC-Arena\NewTC_Arena\app\Views\report_admin.php(97): CodeIgniter\Debug\Exceptions->errorHandler(2, 'Undefined varia...', 'C:\\xampp\\htdocs...', 97)
#1 C:\xampp\htdocs\Project TC-Arena\NewTC_Arena\system\View\View.php(210): include('C:\\xampp\\htdocs...')
#2 C:\xampp\htdocs\Project TC-Arena\NewTC_Arena\system\View\View.php(213): CodeIgniter\View\View->CodeIgniter\View\{closure}()
#3 C:\xampp\htdocs\Project TC-Arena\NewTC_Arena\system\Common.php(1089): CodeIgniter\View\View->render('report_admin', Array, true)
#4 C:\xampp\htdocs\Project TC-Arena\NewTC_Arena\app\Controllers\Report_admin.php(14): view('report_admin', Array)
#5 C:\xampp\htdocs\Project TC-Arena\NewTC_Arena\system\CodeIgniter.php(825): App\Controllers\report_admin->Report_admin()
#6 C:\xampp\htdocs\Project TC-Arena\NewTC_Arena\system\CodeIgniter.php(412): CodeIgniter\CodeIgniter->runController(Object(App\Controllers\report_admin))
#7 C:\xampp\htdocs\Project TC-Arena\NewTC_Arena\system\CodeIgniter.php(320): CodeIgniter\CodeIgniter->handleRequest(NULL, Object(Config\Cache), false)
#8 C:\xampp\htdocs\Project TC-Arena\NewTC_Arena\public\index.php(37): CodeIgniter\CodeIgniter->run()
#9 C:\xampp\htdocs\Project TC-Arena\NewTC_Arena\system\Commands\Server\rewrite.php(43): require_once('C:\\xampp\\htdocs...')
#10 {main}
CRITICAL - 2022-04-30 22:05:54 --> Undefined variable $pass
#0 C:\xampp\htdocs\Project TC-Arena\NewTC_Arena\app\Views\report_admin.php(97): CodeIgniter\Debug\Exceptions->errorHandler(2, 'Undefined varia...', 'C:\\xampp\\htdocs...', 97)
#1 C:\xampp\htdocs\Project TC-Arena\NewTC_Arena\system\View\View.php(210): include('C:\\xampp\\htdocs...')
#2 C:\xampp\htdocs\Project TC-Arena\NewTC_Arena\system\View\View.php(213): CodeIgniter\View\View->CodeIgniter\View\{closure}()
#3 C:\xampp\htdocs\Project TC-Arena\NewTC_Arena\system\Common.php(1089): CodeIgniter\View\View->render('report_admin', Array, true)
#4 C:\xampp\htdocs\Project TC-Arena\NewTC_Arena\app\Controllers\Report_admin.php(14): view('report_admin', Array)
#5 C:\xampp\htdocs\Project TC-Arena\NewTC_Arena\system\CodeIgniter.php(825): App\Controllers\report_admin->Report_admin()
#6 C:\xampp\htdocs\Project TC-Arena\NewTC_Arena\system\CodeIgniter.php(412): CodeIgniter\CodeIgniter->runController(Object(App\Controllers\report_admin))
#7 C:\xampp\htdocs\Project TC-Arena\NewTC_Arena\system\CodeIgniter.php(320): CodeIgniter\CodeIgniter->handleRequest(NULL, Object(Config\Cache), false)
#8 C:\xampp\htdocs\Project TC-Arena\NewTC_Arena\public\index.php(37): CodeIgniter\CodeIgniter->run()
#9 C:\xampp\htdocs\Project TC-Arena\NewTC_Arena\system\Commands\Server\rewrite.php(43): require_once('C:\\xampp\\htdocs...')
#10 {main}
CRITICAL - 2022-04-30 22:05:54 --> Undefined variable $pass
#0 C:\xampp\htdocs\Project TC-Arena\NewTC_Arena\app\Views\report_admin.php(97): CodeIgniter\Debug\Exceptions->errorHandler(2, 'Undefined varia...', 'C:\\xampp\\htdocs...', 97)
#1 C:\xampp\htdocs\Project TC-Arena\NewTC_Arena\system\View\View.php(210): include('C:\\xampp\\htdocs...')
#2 C:\xampp\htdocs\Project TC-Arena\NewTC_Arena\system\View\View.php(213): CodeIgniter\View\View->CodeIgniter\View\{closure}()
#3 C:\xampp\htdocs\Project TC-Arena\NewTC_Arena\system\Common.php(1089): CodeIgniter\View\View->render('report_admin', Array, true)
#4 C:\xampp\htdocs\Project TC-Arena\NewTC_Arena\app\Controllers\Report_admin.php(14): view('report_admin', Array)
#5 C:\xampp\htdocs\Project TC-Arena\NewTC_Arena\system\CodeIgniter.php(825): App\Controllers\report_admin->Report_admin()
#6 C:\xampp\htdocs\Project TC-Arena\NewTC_Arena\system\CodeIgniter.php(412): CodeIgniter\CodeIgniter->runController(Object(App\Controllers\report_admin))
#7 C:\xampp\htdocs\Project TC-Arena\NewTC_Arena\system\CodeIgniter.php(320): CodeIgniter\CodeIgniter->handleRequest(NULL, Object(Config\Cache), false)
#8 C:\xampp\htdocs\Project TC-Arena\NewTC_Arena\public\index.php(37): CodeIgniter\CodeIgniter->run()
#9 C:\xampp\htdocs\Project TC-Arena\NewTC_Arena\system\Commands\Server\rewrite.php(43): require_once('C:\\xampp\\htdocs...')
#10 {main}
CRITICAL - 2022-04-30 22:05:54 --> Undefined variable $pass
#0 C:\xampp\htdocs\Project TC-Arena\NewTC_Arena\app\Views\report_admin.php(97): CodeIgniter\Debug\Exceptions->errorHandler(2, 'Undefined varia...', 'C:\\xampp\\htdocs...', 97)
#1 C:\xampp\htdocs\Project TC-Arena\NewTC_Arena\system\View\View.php(210): include('C:\\xampp\\htdocs...')
#2 C:\xampp\htdocs\Project TC-Arena\NewTC_Arena\system\View\View.php(213): CodeIgniter\View\View->CodeIgniter\View\{closure}()
#3 C:\xampp\htdocs\Project TC-Arena\NewTC_Arena\system\Common.php(1089): CodeIgniter\View\View->render('report_admin', Array, true)
#4 C:\xampp\htdocs\Project TC-Arena\NewTC_Arena\app\Controllers\Report_admin.php(14): view('report_admin', Array)
#5 C:\xampp\htdocs\Project TC-Arena\NewTC_Arena\system\CodeIgniter.php(825): App\Controllers\report_admin->Report_admin()
#6 C:\xampp\htdocs\Project TC-Arena\NewTC_Arena\system\CodeIgniter.php(412): CodeIgniter\CodeIgniter->runController(Object(App\Controllers\report_admin))
#7 C:\xampp\htdocs\Project TC-Arena\NewTC_Arena\system\CodeIgniter.php(320): CodeIgniter\CodeIgniter->handleRequest(NULL, Object(Config\Cache), false)
#8 C:\xampp\htdocs\Project TC-Arena\NewTC_Arena\public\index.php(37): CodeIgniter\CodeIgniter->run()
#9 C:\xampp\htdocs\Project TC-Arena\NewTC_Arena\system\Commands\Server\rewrite.php(43): require_once('C:\\xampp\\htdocs...')
#10 {main}
CRITICAL - 2022-04-30 22:05:54 --> Undefined variable $pass
#0 C:\xampp\htdocs\Project TC-Arena\NewTC_Arena\app\Views\report_admin.php(97): CodeIgniter\Debug\Exceptions->errorHandler(2, 'Undefined varia...', 'C:\\xampp\\htdocs...', 97)
#1 C:\xampp\htdocs\Project TC-Arena\NewTC_Arena\system\View\View.php(210): include('C:\\xampp\\htdocs...')
#2 C:\xampp\htdocs\Project TC-Arena\NewTC_Arena\system\View\View.php(213): CodeIgniter\View\View->CodeIgniter\View\{closure}()
#3 C:\xampp\htdocs\Project TC-Arena\NewTC_Arena\system\Common.php(1089): CodeIgniter\View\View->render('report_admin', Array, true)
#4 C:\xampp\htdocs\Project TC-Arena\NewTC_Arena\app\Controllers\Report_admin.php(14): view('report_admin', Array)
#5 C:\xampp\htdocs\Project TC-Arena\NewTC_Arena\system\CodeIgniter.php(825): App\Controllers\report_admin->Report_admin()
#6 C:\xampp\htdocs\Project TC-Arena\NewTC_Arena\system\CodeIgniter.php(412): CodeIgniter\CodeIgniter->runController(Object(App\Controllers\report_admin))
#7 C:\xampp\htdocs\Project TC-Arena\NewTC_Arena\system\CodeIgniter.php(320): CodeIgniter\CodeIgniter->handleRequest(NULL, Object(Config\Cache), false)
#8 C:\xampp\htdocs\Project TC-Arena\NewTC_Arena\public\index.php(37): CodeIgniter\CodeIgniter->run()
#9 C:\xampp\htdocs\Project TC-Arena\NewTC_Arena\system\Commands\Server\rewrite.php(43): require_once('C:\\xampp\\htdocs...')
#10 {main}
CRITICAL - 2022-04-30 22:05:55 --> Undefined variable $pass
#0 C:\xampp\htdocs\Project TC-Arena\NewTC_Arena\app\Views\report_admin.php(97): CodeIgniter\Debug\Exceptions->errorHandler(2, 'Undefined varia...', 'C:\\xampp\\htdocs...', 97)
#1 C:\xampp\htdocs\Project TC-Arena\NewTC_Arena\system\View\View.php(210): include('C:\\xampp\\htdocs...')
#2 C:\xampp\htdocs\Project TC-Arena\NewTC_Arena\system\View\View.php(213): CodeIgniter\View\View->CodeIgniter\View\{closure}()
#3 C:\xampp\htdocs\Project TC-Arena\NewTC_Arena\system\Common.php(1089): CodeIgniter\View\View->render('report_admin', Array, true)
#4 C:\xampp\htdocs\Project TC-Arena\NewTC_Arena\app\Controllers\Report_admin.php(14): view('report_admin', Array)
#5 C:\xampp\htdocs\Project TC-Arena\NewTC_Arena\system\CodeIgniter.php(825): App\Controllers\report_admin->Report_admin()
#6 C:\xampp\htdocs\Project TC-Arena\NewTC_Arena\system\CodeIgniter.php(412): CodeIgniter\CodeIgniter->runController(Object(App\Controllers\report_admin))
#7 C:\xampp\htdocs\Project TC-Arena\NewTC_Arena\system\CodeIgniter.php(320): CodeIgniter\CodeIgniter->handleRequest(NULL, Object(Config\Cache), false)
#8 C:\xampp\htdocs\Project TC-Arena\NewTC_Arena\public\index.php(37): CodeIgniter\CodeIgniter->run()
#9 C:\xampp\htdocs\Project TC-Arena\NewTC_Arena\system\Commands\Server\rewrite.php(43): require_once('C:\\xampp\\htdocs...')
#10 {main}
CRITICAL - 2022-04-30 22:05:55 --> Undefined variable $pass
#0 C:\xampp\htdocs\Project TC-Arena\NewTC_Arena\app\Views\report_admin.php(97): CodeIgniter\Debug\Exceptions->errorHandler(2, 'Undefined varia...', 'C:\\xampp\\htdocs...', 97)
#1 C:\xampp\htdocs\Project TC-Arena\NewTC_Arena\system\View\View.php(210): include('C:\\xampp\\htdocs...')
#2 C:\xampp\htdocs\Project TC-Arena\NewTC_Arena\system\View\View.php(213): CodeIgniter\View\View->CodeIgniter\View\{closure}()
#3 C:\xampp\htdocs\Project TC-Arena\NewTC_Arena\system\Common.php(1089): CodeIgniter\View\View->render('report_admin', Array, true)
#4 C:\xampp\htdocs\Project TC-Arena\NewTC_Arena\app\Controllers\Report_admin.php(14): view('report_admin', Array)
#5 C:\xampp\htdocs\Project TC-Arena\NewTC_Arena\system\CodeIgniter.php(825): App\Controllers\report_admin->Report_admin()
#6 C:\xampp\htdocs\Project TC-Arena\NewTC_Arena\system\CodeIgniter.php(412): CodeIgniter\CodeIgniter->runController(Object(App\Controllers\report_admin))
#7 C:\xampp\htdocs\Project TC-Arena\NewTC_Arena\system\CodeIgniter.php(320): CodeIgniter\CodeIgniter->handleRequest(NULL, Object(Config\Cache), false)
#8 C:\xampp\htdocs\Project TC-Arena\NewTC_Arena\public\index.php(37): CodeIgniter\CodeIgniter->run()
#9 C:\xampp\htdocs\Project TC-Arena\NewTC_Arena\system\Commands\Server\rewrite.php(43): require_once('C:\\xampp\\htdocs...')
#10 {main}
CRITICAL - 2022-04-30 22:05:55 --> Undefined variable $pass
#0 C:\xampp\htdocs\Project TC-Arena\NewTC_Arena\app\Views\report_admin.php(97): CodeIgniter\Debug\Exceptions->errorHandler(2, 'Undefined varia...', 'C:\\xampp\\htdocs...', 97)
#1 C:\xampp\htdocs\Project TC-Arena\NewTC_Arena\system\View\View.php(210): include('C:\\xampp\\htdocs...')
#2 C:\xampp\htdocs\Project TC-Arena\NewTC_Arena\system\View\View.php(213): CodeIgniter\View\View->CodeIgniter\View\{closure}()
#3 C:\xampp\htdocs\Project TC-Arena\NewTC_Arena\system\Common.php(1089): CodeIgniter\View\View->render('report_admin', Array, true)
#4 C:\xampp\htdocs\Project TC-Arena\NewTC_Arena\app\Controllers\Report_admin.php(14): view('report_admin', Array)
#5 C:\xampp\htdocs\Project TC-Arena\NewTC_Arena\system\CodeIgniter.php(825): App\Controllers\report_admin->Report_admin()
#6 C:\xampp\htdocs\Project TC-Arena\NewTC_Arena\system\CodeIgniter.php(412): CodeIgniter\CodeIgniter->runController(Object(App\Controllers\report_admin))
#7 C:\xampp\htdocs\Project TC-Arena\NewTC_Arena\system\CodeIgniter.php(320): CodeIgniter\CodeIgniter->handleRequest(NULL, Object(Config\Cache), false)
#8 C:\xampp\htdocs\Project TC-Arena\NewTC_Arena\public\index.php(37): CodeIgniter\CodeIgniter->run()
#9 C:\xampp\htdocs\Project TC-Arena\NewTC_Arena\system\Commands\Server\rewrite.php(43): require_once('C:\\xampp\\htdocs...')
#10 {main}
CRITICAL - 2022-04-30 22:05:56 --> Undefined variable $pass
#0 C:\xampp\htdocs\Project TC-Arena\NewTC_Arena\app\Views\report_admin.php(97): CodeIgniter\Debug\Exceptions->errorHandler(2, 'Undefined varia...', 'C:\\xampp\\htdocs...', 97)
#1 C:\xampp\htdocs\Project TC-Arena\NewTC_Arena\system\View\View.php(210): include('C:\\xampp\\htdocs...')
#2 C:\xampp\htdocs\Project TC-Arena\NewTC_Arena\system\View\View.php(213): CodeIgniter\View\View->CodeIgniter\View\{closure}()
#3 C:\xampp\htdocs\Project TC-Arena\NewTC_Arena\system\Common.php(1089): CodeIgniter\View\View->render('report_admin', Array, true)
#4 C:\xampp\htdocs\Project TC-Arena\NewTC_Arena\app\Controllers\Report_admin.php(14): view('report_admin', Array)
#5 C:\xampp\htdocs\Project TC-Arena\NewTC_Arena\system\CodeIgniter.php(825): App\Controllers\report_admin->Report_admin()
#6 C:\xampp\htdocs\Project TC-Arena\NewTC_Arena\system\CodeIgniter.php(412): CodeIgniter\CodeIgniter->runController(Object(App\Controllers\report_admin))
#7 C:\xampp\htdocs\Project TC-Arena\NewTC_Arena\system\CodeIgniter.php(320): CodeIgniter\CodeIgniter->handleRequest(NULL, Object(Config\Cache), false)
#8 C:\xampp\htdocs\Project TC-Arena\NewTC_Arena\public\index.php(37): CodeIgniter\CodeIgniter->run()
#9 C:\xampp\htdocs\Project TC-Arena\NewTC_Arena\system\Commands\Server\rewrite.php(43): require_once('C:\\xampp\\htdocs...')
#10 {main}
CRITICAL - 2022-04-30 22:05:56 --> Undefined variable $pass
#0 C:\xampp\htdocs\Project TC-Arena\NewTC_Arena\app\Views\report_admin.php(97): CodeIgniter\Debug\Exceptions->errorHandler(2, 'Undefined varia...', 'C:\\xampp\\htdocs...', 97)
#1 C:\xampp\htdocs\Project TC-Arena\NewTC_Arena\system\View\View.php(210): include('C:\\xampp\\htdocs...')
#2 C:\xampp\htdocs\Project TC-Arena\NewTC_Arena\system\View\View.php(213): CodeIgniter\View\View->CodeIgniter\View\{closure}()
#3 C:\xampp\htdocs\Project TC-Arena\NewTC_Arena\system\Common.php(1089): CodeIgniter\View\View->render('report_admin', Array, true)
#4 C:\xampp\htdocs\Project TC-Arena\NewTC_Arena\app\Controllers\Report_admin.php(14): view('report_admin', Array)
#5 C:\xampp\htdocs\Project TC-Arena\NewTC_Arena\system\CodeIgniter.php(825): App\Controllers\report_admin->Report_admin()
#6 C:\xampp\htdocs\Project TC-Arena\NewTC_Arena\system\CodeIgniter.php(412): CodeIgniter\CodeIgniter->runController(Object(App\Controllers\report_admin))
#7 C:\xampp\htdocs\Project TC-Arena\NewTC_Arena\system\CodeIgniter.php(320): CodeIgniter\CodeIgniter->handleRequest(NULL, Object(Config\Cache), false)
#8 C:\xampp\htdocs\Project TC-Arena\NewTC_Arena\public\index.php(37): CodeIgniter\CodeIgniter->run()
#9 C:\xampp\htdocs\Project TC-Arena\NewTC_Arena\system\Commands\Server\rewrite.php(43): require_once('C:\\xampp\\htdocs...')
#10 {main}
CRITICAL - 2022-04-30 22:05:57 --> Undefined variable $pass
#0 C:\xampp\htdocs\Project TC-Arena\NewTC_Arena\app\Views\report_admin.php(97): CodeIgniter\Debug\Exceptions->errorHandler(2, 'Undefined varia...', 'C:\\xampp\\htdocs...', 97)
#1 C:\xampp\htdocs\Project TC-Arena\NewTC_Arena\system\View\View.php(210): include('C:\\xampp\\htdocs...')
#2 C:\xampp\htdocs\Project TC-Arena\NewTC_Arena\system\View\View.php(213): CodeIgniter\View\View->CodeIgniter\View\{closure}()
#3 C:\xampp\htdocs\Project TC-Arena\NewTC_Arena\system\Common.php(1089): CodeIgniter\View\View->render('report_admin', Array, true)
#4 C:\xampp\htdocs\Project TC-Arena\NewTC_Arena\app\Controllers\Report_admin.php(14): view('report_admin', Array)
#5 C:\xampp\htdocs\Project TC-Arena\NewTC_Arena\system\CodeIgniter.php(825): App\Controllers\report_admin->Report_admin()
#6 C:\xampp\htdocs\Project TC-Arena\NewTC_Arena\system\CodeIgniter.php(412): CodeIgniter\CodeIgniter->runController(Object(App\Controllers\report_admin))
#7 C:\xampp\htdocs\Project TC-Arena\NewTC_Arena\system\CodeIgniter.php(320): CodeIgniter\CodeIgniter->handleRequest(NULL, Object(Config\Cache), false)
#8 C:\xampp\htdocs\Project TC-Arena\NewTC_Arena\public\index.php(37): CodeIgniter\CodeIgniter->run()
#9 C:\xampp\htdocs\Project TC-Arena\NewTC_Arena\system\Commands\Server\rewrite.php(43): require_once('C:\\xampp\\htdocs...')
#10 {main}
CRITICAL - 2022-04-30 22:06:06 --> Undefined variable $pass
#0 C:\xampp\htdocs\Project TC-Arena\NewTC_Arena\app\Views\report_admin.php(97): CodeIgniter\Debug\Exceptions->errorHandler(2, 'Undefined varia...', 'C:\\xampp\\htdocs...', 97)
#1 C:\xampp\htdocs\Project TC-Arena\NewTC_Arena\system\View\View.php(210): include('C:\\xampp\\htdocs...')
#2 C:\xampp\htdocs\Project TC-Arena\NewTC_Arena\system\View\View.php(213): CodeIgniter\View\View->CodeIgniter\View\{closure}()
#3 C:\xampp\htdocs\Project TC-Arena\NewTC_Arena\system\Common.php(1089): CodeIgniter\View\View->render('report_admin', Array, true)
#4 C:\xampp\htdocs\Project TC-Arena\NewTC_Arena\app\Controllers\Report_admin.php(14): view('report_admin', Array)
#5 C:\xampp\htdocs\Project TC-Arena\NewTC_Arena\system\CodeIgniter.php(825): App\Controllers\report_admin->Report_admin()
#6 C:\xampp\htdocs\Project TC-Arena\NewTC_Arena\system\CodeIgniter.php(412): CodeIgniter\CodeIgniter->runController(Object(App\Controllers\report_admin))
#7 C:\xampp\htdocs\Project TC-Arena\NewTC_Arena\system\CodeIgniter.php(320): CodeIgniter\CodeIgniter->handleRequest(NULL, Object(Config\Cache), false)
#8 C:\xampp\htdocs\Project TC-Arena\NewTC_Arena\public\index.php(37): CodeIgniter\CodeIgniter->run()
#9 C:\xampp\htdocs\Project TC-Arena\NewTC_Arena\system\Commands\Server\rewrite.php(43): require_once('C:\\xampp\\htdocs...')
#10 {main}
CRITICAL - 2022-04-30 22:06:07 --> Undefined variable $pass
#0 C:\xampp\htdocs\Project TC-Arena\NewTC_Arena\app\Views\report_admin.php(97): CodeIgniter\Debug\Exceptions->errorHandler(2, 'Undefined varia...', 'C:\\xampp\\htdocs...', 97)
#1 C:\xampp\htdocs\Project TC-Arena\NewTC_Arena\system\View\View.php(210): include('C:\\xampp\\htdocs...')
#2 C:\xampp\htdocs\Project TC-Arena\NewTC_Arena\system\View\View.php(213): CodeIgniter\View\View->CodeIgniter\View\{closure}()
#3 C:\xampp\htdocs\Project TC-Arena\NewTC_Arena\system\Common.php(1089): CodeIgniter\View\View->render('report_admin', Array, true)
#4 C:\xampp\htdocs\Project TC-Arena\NewTC_Arena\app\Controllers\Report_admin.php(14): view('report_admin', Array)
#5 C:\xampp\htdocs\Project TC-Arena\NewTC_Arena\system\CodeIgniter.php(825): App\Controllers\report_admin->Report_admin()
#6 C:\xampp\htdocs\Project TC-Arena\NewTC_Arena\system\CodeIgniter.php(412): CodeIgniter\CodeIgniter->runController(Object(App\Controllers\report_admin))
#7 C:\xampp\htdocs\Project TC-Arena\NewTC_Arena\system\CodeIgniter.php(320): CodeIgniter\CodeIgniter->handleRequest(NULL, Object(Config\Cache), false)
#8 C:\xampp\htdocs\Project TC-Arena\NewTC_Arena\public\index.php(37): CodeIgniter\CodeIgniter->run()
#9 C:\xampp\htdocs\Project TC-Arena\NewTC_Arena\system\Commands\Server\rewrite.php(43): require_once('C:\\xampp\\htdocs...')
#10 {main}
CRITICAL - 2022-04-30 22:06:07 --> Undefined variable $pass
#0 C:\xampp\htdocs\Project TC-Arena\NewTC_Arena\app\Views\report_admin.php(97): CodeIgniter\Debug\Exceptions->errorHandler(2, 'Undefined varia...', 'C:\\xampp\\htdocs...', 97)
#1 C:\xampp\htdocs\Project TC-Arena\NewTC_Arena\system\View\View.php(210): include('C:\\xampp\\htdocs...')
#2 C:\xampp\htdocs\Project TC-Arena\NewTC_Arena\system\View\View.php(213): CodeIgniter\View\View->CodeIgniter\View\{closure}()
#3 C:\xampp\htdocs\Project TC-Arena\NewTC_Arena\system\Common.php(1089): CodeIgniter\View\View->render('report_admin', Array, true)
#4 C:\xampp\htdocs\Project TC-Arena\NewTC_Arena\app\Controllers\Report_admin.php(14): view('report_admin', Array)
#5 C:\xampp\htdocs\Project TC-Arena\NewTC_Arena\system\CodeIgniter.php(825): App\Controllers\report_admin->Report_admin()
#6 C:\xampp\htdocs\Project TC-Arena\NewTC_Arena\system\CodeIgniter.php(412): CodeIgniter\CodeIgniter->runController(Object(App\Controllers\report_admin))
#7 C:\xampp\htdocs\Project TC-Arena\NewTC_Arena\system\CodeIgniter.php(320): CodeIgniter\CodeIgniter->handleRequest(NULL, Object(Config\Cache), false)
#8 C:\xampp\htdocs\Project TC-Arena\NewTC_Arena\public\index.php(37): CodeIgniter\CodeIgniter->run()
#9 C:\xampp\htdocs\Project TC-Arena\NewTC_Arena\system\Commands\Server\rewrite.php(43): require_once('C:\\xampp\\htdocs...')
#10 {main}
CRITICAL - 2022-04-30 22:06:07 --> Undefined variable $pass
#0 C:\xampp\htdocs\Project TC-Arena\NewTC_Arena\app\Views\report_admin.php(97): CodeIgniter\Debug\Exceptions->errorHandler(2, 'Undefined varia...', 'C:\\xampp\\htdocs...', 97)
#1 C:\xampp\htdocs\Project TC-Arena\NewTC_Arena\system\View\View.php(210): include('C:\\xampp\\htdocs...')
#2 C:\xampp\htdocs\Project TC-Arena\NewTC_Arena\system\View\View.php(213): CodeIgniter\View\View->CodeIgniter\View\{closure}()
#3 C:\xampp\htdocs\Project TC-Arena\NewTC_Arena\system\Common.php(1089): CodeIgniter\View\View->render('report_admin', Array, true)
#4 C:\xampp\htdocs\Project TC-Arena\NewTC_Arena\app\Controllers\Report_admin.php(14): view('report_admin', Array)
#5 C:\xampp\htdocs\Project TC-Arena\NewTC_Arena\system\CodeIgniter.php(825): App\Controllers\report_admin->Report_admin()
#6 C:\xampp\htdocs\Project TC-Arena\NewTC_Arena\system\CodeIgniter.php(412): CodeIgniter\CodeIgniter->runController(Object(App\Controllers\report_admin))
#7 C:\xampp\htdocs\Project TC-Arena\NewTC_Arena\system\CodeIgniter.php(320): CodeIgniter\CodeIgniter->handleRequest(NULL, Object(Config\Cache), false)
#8 C:\xampp\htdocs\Project TC-Arena\NewTC_Arena\public\index.php(37): CodeIgniter\CodeIgniter->run()
#9 C:\xampp\htdocs\Project TC-Arena\NewTC_Arena\system\Commands\Server\rewrite.php(43): require_once('C:\\xampp\\htdocs...')
#10 {main}
CRITICAL - 2022-04-30 22:06:07 --> Undefined variable $pass
#0 C:\xampp\htdocs\Project TC-Arena\NewTC_Arena\app\Views\report_admin.php(97): CodeIgniter\Debug\Exceptions->errorHandler(2, 'Undefined varia...', 'C:\\xampp\\htdocs...', 97)
#1 C:\xampp\htdocs\Project TC-Arena\NewTC_Arena\system\View\View.php(210): include('C:\\xampp\\htdocs...')
#2 C:\xampp\htdocs\Project TC-Arena\NewTC_Arena\system\View\View.php(213): CodeIgniter\View\View->CodeIgniter\View\{closure}()
#3 C:\xampp\htdocs\Project TC-Arena\NewTC_Arena\system\Common.php(1089): CodeIgniter\View\View->render('report_admin', Array, true)
#4 C:\xampp\htdocs\Project TC-Arena\NewTC_Arena\app\Controllers\Report_admin.php(14): view('report_admin', Array)
#5 C:\xampp\htdocs\Project TC-Arena\NewTC_Arena\system\CodeIgniter.php(825): App\Controllers\report_admin->Report_admin()
#6 C:\xampp\htdocs\Project TC-Arena\NewTC_Arena\system\CodeIgniter.php(412): CodeIgniter\CodeIgniter->runController(Object(App\Controllers\report_admin))
#7 C:\xampp\htdocs\Project TC-Arena\NewTC_Arena\system\CodeIgniter.php(320): CodeIgniter\CodeIgniter->handleRequest(NULL, Object(Config\Cache), false)
#8 C:\xampp\htdocs\Project TC-Arena\NewTC_Arena\public\index.php(37): CodeIgniter\CodeIgniter->run()
#9 C:\xampp\htdocs\Project TC-Arena\NewTC_Arena\system\Commands\Server\rewrite.php(43): require_once('C:\\xampp\\htdocs...')
#10 {main}
CRITICAL - 2022-04-30 22:06:07 --> Undefined variable $pass
#0 C:\xampp\htdocs\Project TC-Arena\NewTC_Arena\app\Views\report_admin.php(97): CodeIgniter\Debug\Exceptions->errorHandler(2, 'Undefined varia...', 'C:\\xampp\\htdocs...', 97)
#1 C:\xampp\htdocs\Project TC-Arena\NewTC_Arena\system\View\View.php(210): include('C:\\xampp\\htdocs...')
#2 C:\xampp\htdocs\Project TC-Arena\NewTC_Arena\system\View\View.php(213): CodeIgniter\View\View->CodeIgniter\View\{closure}()
#3 C:\xampp\htdocs\Project TC-Arena\NewTC_Arena\system\Common.php(1089): CodeIgniter\View\View->render('report_admin', Array, true)
#4 C:\xampp\htdocs\Project TC-Arena\NewTC_Arena\app\Controllers\Report_admin.php(14): view('report_admin', Array)
#5 C:\xampp\htdocs\Project TC-Arena\NewTC_Arena\system\CodeIgniter.php(825): App\Controllers\report_admin->Report_admin()
#6 C:\xampp\htdocs\Project TC-Arena\NewTC_Arena\system\CodeIgniter.php(412): CodeIgniter\CodeIgniter->runController(Object(App\Controllers\report_admin))
#7 C:\xampp\htdocs\Project TC-Arena\NewTC_Arena\system\CodeIgniter.php(320): CodeIgniter\CodeIgniter->handleRequest(NULL, Object(Config\Cache), false)
#8 C:\xampp\htdocs\Project TC-Arena\NewTC_Arena\public\index.php(37): CodeIgniter\CodeIgniter->run()
#9 C:\xampp\htdocs\Project TC-Arena\NewTC_Arena\system\Commands\Server\rewrite.php(43): require_once('C:\\xampp\\htdocs...')
#10 {main}
CRITICAL - 2022-04-30 22:06:09 --> Undefined variable $pass
#0 C:\xampp\htdocs\Project TC-Arena\NewTC_Arena\app\Views\report_admin.php(97): CodeIgniter\Debug\Exceptions->errorHandler(2, 'Undefined varia...', 'C:\\xampp\\htdocs...', 97)
#1 C:\xampp\htdocs\Project TC-Arena\NewTC_Arena\system\View\View.php(210): include('C:\\xampp\\htdocs...')
#2 C:\xampp\htdocs\Project TC-Arena\NewTC_Arena\system\View\View.php(213): CodeIgniter\View\View->CodeIgniter\View\{closure}()
#3 C:\xampp\htdocs\Project TC-Arena\NewTC_Arena\system\Common.php(1089): CodeIgniter\View\View->render('report_admin', Array, true)
#4 C:\xampp\htdocs\Project TC-Arena\NewTC_Arena\app\Controllers\Report_admin.php(14): view('report_admin', Array)
#5 C:\xampp\htdocs\Project TC-Arena\NewTC_Arena\system\CodeIgniter.php(825): App\Controllers\report_admin->Report_admin()
#6 C:\xampp\htdocs\Project TC-Arena\NewTC_Arena\system\CodeIgniter.php(412): CodeIgniter\CodeIgniter->runController(Object(App\Controllers\report_admin))
#7 C:\xampp\htdocs\Project TC-Arena\NewTC_Arena\system\CodeIgniter.php(320): CodeIgniter\CodeIgniter->handleRequest(NULL, Object(Config\Cache), false)
#8 C:\xampp\htdocs\Project TC-Arena\NewTC_Arena\public\index.php(37): CodeIgniter\CodeIgniter->run()
#9 C:\xampp\htdocs\Project TC-Arena\NewTC_Arena\system\Commands\Server\rewrite.php(43): require_once('C:\\xampp\\htdocs...')
#10 {main}
CRITICAL - 2022-04-30 22:06:27 --> Undefined variable $pass
#0 C:\xampp\htdocs\Project TC-Arena\NewTC_Arena\app\Views\report_admin.php(97): CodeIgniter\Debug\Exceptions->errorHandler(2, 'Undefined varia...', 'C:\\xampp\\htdocs...', 97)
#1 C:\xampp\htdocs\Project TC-Arena\NewTC_Arena\system\View\View.php(210): include('C:\\xampp\\htdocs...')
#2 C:\xampp\htdocs\Project TC-Arena\NewTC_Arena\system\View\View.php(213): CodeIgniter\View\View->CodeIgniter\View\{closure}()
#3 C:\xampp\htdocs\Project TC-Arena\NewTC_Arena\system\Common.php(1089): CodeIgniter\View\View->render('report_admin', Array, true)
#4 C:\xampp\htdocs\Project TC-Arena\NewTC_Arena\app\Controllers\Report_admin.php(14): view('report_admin', Array)
#5 C:\xampp\htdocs\Project TC-Arena\NewTC_Arena\system\CodeIgniter.php(825): App\Controllers\report_admin->Report_admin()
#6 C:\xampp\htdocs\Project TC-Arena\NewTC_Arena\system\CodeIgniter.php(412): CodeIgniter\CodeIgniter->runController(Object(App\Controllers\report_admin))
#7 C:\xampp\htdocs\Project TC-Arena\NewTC_Arena\system\CodeIgniter.php(320): CodeIgniter\CodeIgniter->handleRequest(NULL, Object(Config\Cache), false)
#8 C:\xampp\htdocs\Project TC-Arena\NewTC_Arena\public\index.php(37): CodeIgniter\CodeIgniter->run()
#9 C:\xampp\htdocs\Project TC-Arena\NewTC_Arena\system\Commands\Server\rewrite.php(43): require_once('C:\\xampp\\htdocs...')
#10 {main}
CRITICAL - 2022-04-30 22:06:27 --> Undefined variable $pass
#0 C:\xampp\htdocs\Project TC-Arena\NewTC_Arena\app\Views\report_admin.php(97): CodeIgniter\Debug\Exceptions->errorHandler(2, 'Undefined varia...', 'C:\\xampp\\htdocs...', 97)
#1 C:\xampp\htdocs\Project TC-Arena\NewTC_Arena\system\View\View.php(210): include('C:\\xampp\\htdocs...')
#2 C:\xampp\htdocs\Project TC-Arena\NewTC_Arena\system\View\View.php(213): CodeIgniter\View\View->CodeIgniter\View\{closure}()
#3 C:\xampp\htdocs\Project TC-Arena\NewTC_Arena\system\Common.php(1089): CodeIgniter\View\View->render('report_admin', Array, true)
#4 C:\xampp\htdocs\Project TC-Arena\NewTC_Arena\app\Controllers\Report_admin.php(14): view('report_admin', Array)
#5 C:\xampp\htdocs\Project TC-Arena\NewTC_Arena\system\CodeIgniter.php(825): App\Controllers\report_admin->Report_admin()
#6 C:\xampp\htdocs\Project TC-Arena\NewTC_Arena\system\CodeIgniter.php(412): CodeIgniter\CodeIgniter->runController(Object(App\Controllers\report_admin))
#7 C:\xampp\htdocs\Project TC-Arena\NewTC_Arena\system\CodeIgniter.php(320): CodeIgniter\CodeIgniter->handleRequest(NULL, Object(Config\Cache), false)
#8 C:\xampp\htdocs\Project TC-Arena\NewTC_Arena\public\index.php(37): CodeIgniter\CodeIgniter->run()
#9 C:\xampp\htdocs\Project TC-Arena\NewTC_Arena\system\Commands\Server\rewrite.php(43): require_once('C:\\xampp\\htdocs...')
#10 {main}
CRITICAL - 2022-04-30 22:06:28 --> Undefined variable $pass
#0 C:\xampp\htdocs\Project TC-Arena\NewTC_Arena\app\Views\report_admin.php(97): CodeIgniter\Debug\Exceptions->errorHandler(2, 'Undefined varia...', 'C:\\xampp\\htdocs...', 97)
#1 C:\xampp\htdocs\Project TC-Arena\NewTC_Arena\system\View\View.php(210): include('C:\\xampp\\htdocs...')
#2 C:\xampp\htdocs\Project TC-Arena\NewTC_Arena\system\View\View.php(213): CodeIgniter\View\View->CodeIgniter\View\{closure}()
#3 C:\xampp\htdocs\Project TC-Arena\NewTC_Arena\system\Common.php(1089): CodeIgniter\View\View->render('report_admin', Array, true)
#4 C:\xampp\htdocs\Project TC-Arena\NewTC_Arena\app\Controllers\Report_admin.php(14): view('report_admin', Array)
#5 C:\xampp\htdocs\Project TC-Arena\NewTC_Arena\system\CodeIgniter.php(825): App\Controllers\report_admin->Report_admin()
#6 C:\xampp\htdocs\Project TC-Arena\NewTC_Arena\system\CodeIgniter.php(412): CodeIgniter\CodeIgniter->runController(Object(App\Controllers\report_admin))
#7 C:\xampp\htdocs\Project TC-Arena\NewTC_Arena\system\CodeIgniter.php(320): CodeIgniter\CodeIgniter->handleRequest(NULL, Object(Config\Cache), false)
#8 C:\xampp\htdocs\Project TC-Arena\NewTC_Arena\public\index.php(37): CodeIgniter\CodeIgniter->run()
#9 C:\xampp\htdocs\Project TC-Arena\NewTC_Arena\system\Commands\Server\rewrite.php(43): require_once('C:\\xampp\\htdocs...')
#10 {main}
CRITICAL - 2022-04-30 22:06:28 --> Undefined variable $pass
#0 C:\xampp\htdocs\Project TC-Arena\NewTC_Arena\app\Views\report_admin.php(97): CodeIgniter\Debug\Exceptions->errorHandler(2, 'Undefined varia...', 'C:\\xampp\\htdocs...', 97)
#1 C:\xampp\htdocs\Project TC-Arena\NewTC_Arena\system\View\View.php(210): include('C:\\xampp\\htdocs...')
#2 C:\xampp\htdocs\Project TC-Arena\NewTC_Arena\system\View\View.php(213): CodeIgniter\View\View->CodeIgniter\View\{closure}()
#3 C:\xampp\htdocs\Project TC-Arena\NewTC_Arena\system\Common.php(1089): CodeIgniter\View\View->render('report_admin', Array, true)
#4 C:\xampp\htdocs\Project TC-Arena\NewTC_Arena\app\Controllers\Report_admin.php(14): view('report_admin', Array)
#5 C:\xampp\htdocs\Project TC-Arena\NewTC_Arena\system\CodeIgniter.php(825): App\Controllers\report_admin->Report_admin()
#6 C:\xampp\htdocs\Project TC-Arena\NewTC_Arena\system\CodeIgniter.php(412): CodeIgniter\CodeIgniter->runController(Object(App\Controllers\report_admin))
#7 C:\xampp\htdocs\Project TC-Arena\NewTC_Arena\system\CodeIgniter.php(320): CodeIgniter\CodeIgniter->handleRequest(NULL, Object(Config\Cache), false)
#8 C:\xampp\htdocs\Project TC-Arena\NewTC_Arena\public\index.php(37): CodeIgniter\CodeIgniter->run()
#9 C:\xampp\htdocs\Project TC-Arena\NewTC_Arena\system\Commands\Server\rewrite.php(43): require_once('C:\\xampp\\htdocs...')
#10 {main}
CRITICAL - 2022-04-30 22:06:28 --> Undefined variable $pass
#0 C:\xampp\htdocs\Project TC-Arena\NewTC_Arena\app\Views\report_admin.php(97): CodeIgniter\Debug\Exceptions->errorHandler(2, 'Undefined varia...', 'C:\\xampp\\htdocs...', 97)
#1 C:\xampp\htdocs\Project TC-Arena\NewTC_Arena\system\View\View.php(210): include('C:\\xampp\\htdocs...')
#2 C:\xampp\htdocs\Project TC-Arena\NewTC_Arena\system\View\View.php(213): CodeIgniter\View\View->CodeIgniter\View\{closure}()
#3 C:\xampp\htdocs\Project TC-Arena\NewTC_Arena\system\Common.php(1089): CodeIgniter\View\View->render('report_admin', Array, true)
#4 C:\xampp\htdocs\Project TC-Arena\NewTC_Arena\app\Controllers\Report_admin.php(14): view('report_admin', Array)
#5 C:\xampp\htdocs\Project TC-Arena\NewTC_Arena\system\CodeIgniter.php(825): App\Controllers\report_admin->Report_admin()
#6 C:\xampp\htdocs\Project TC-Arena\NewTC_Arena\system\CodeIgniter.php(412): CodeIgniter\CodeIgniter->runController(Object(App\Controllers\report_admin))
#7 C:\xampp\htdocs\Project TC-Arena\NewTC_Arena\system\CodeIgniter.php(320): CodeIgniter\CodeIgniter->handleRequest(NULL, Object(Config\Cache), false)
#8 C:\xampp\htdocs\Project TC-Arena\NewTC_Arena\public\index.php(37): CodeIgniter\CodeIgniter->run()
#9 C:\xampp\htdocs\Project TC-Arena\NewTC_Arena\system\Commands\Server\rewrite.php(43): require_once('C:\\xampp\\htdocs...')
#10 {main}
CRITICAL - 2022-04-30 22:13:08 --> Undefined variable $pass
#0 C:\xampp\htdocs\Project TC-Arena\NewTC_Arena\app\Views\report_admin.php(98): CodeIgniter\Debug\Exceptions->errorHandler(2, 'Undefined varia...', 'C:\\xampp\\htdocs...', 98)
#1 C:\xampp\htdocs\Project TC-Arena\NewTC_Arena\system\View\View.php(210): include('C:\\xampp\\htdocs...')
#2 C:\xampp\htdocs\Project TC-Arena\NewTC_Arena\system\View\View.php(213): CodeIgniter\View\View->CodeIgniter\View\{closure}()
#3 C:\xampp\htdocs\Project TC-Arena\NewTC_Arena\system\Common.php(1089): CodeIgniter\View\View->render('report_admin', Array, true)
#4 C:\xampp\htdocs\Project TC-Arena\NewTC_Arena\app\Controllers\Report_admin.php(14): view('report_admin', Array)
#5 C:\xampp\htdocs\Project TC-Arena\NewTC_Arena\system\CodeIgniter.php(825): App\Controllers\report_admin->Report_admin()
#6 C:\xampp\htdocs\Project TC-Arena\NewTC_Arena\system\CodeIgniter.php(412): CodeIgniter\CodeIgniter->runController(Object(App\Controllers\report_admin))
#7 C:\xampp\htdocs\Project TC-Arena\NewTC_Arena\system\CodeIgniter.php(320): CodeIgniter\CodeIgniter->handleRequest(NULL, Object(Config\Cache), false)
#8 C:\xampp\htdocs\Project TC-Arena\NewTC_Arena\public\index.php(37): CodeIgniter\CodeIgniter->run()
#9 C:\xampp\htdocs\Project TC-Arena\NewTC_Arena\system\Commands\Server\rewrite.php(43): require_once('C:\\xampp\\htdocs...')
#10 {main}
