ERROR - 2022-07-04 13:26:24 --> Error connecting to the database: Access denied for user '****'@'localhost' (using password: NO)
CRITICAL - 2022-07-04 13:26:24 --> Unable to connect to the database.
Main connection [MySQLi]: Access denied for user '****'@'localhost' (using password: NO)
#0 C:\xampp1\htdocs\TC_Arena\system\Database\BaseConnection.php(577): CodeIgniter\Database\BaseConnection->initialize()
#1 C:\xampp1\htdocs\TC_Arena\system\Database\BaseBuilder.php(1455): CodeIgniter\Database\BaseConnection->query('SELECT *\nFROM `...', Array, false)
#2 C:\xampp1\htdocs\TC_Arena\system\Model.php(183): CodeIgniter\Database\BaseBuilder->get()
#3 C:\xampp1\htdocs\TC_Arena\system\BaseModel.php(584): CodeIgniter\Model->doFindAll(0, 0)
#4 C:\xampp1\htdocs\TC_Arena\app\Controllers\Bookingpage.php(14): CodeIgniter\BaseModel->findAll()
#5 C:\xampp1\htdocs\TC_Arena\system\CodeIgniter.php(825): App\Controllers\Bookingpage->bookingpage()
#6 C:\xampp1\htdocs\TC_Arena\system\CodeIgniter.php(412): CodeIgniter\CodeIgniter->runController(Object(App\Controllers\Bookingpage))
#7 C:\xampp1\htdocs\TC_Arena\system\CodeIgniter.php(320): CodeIgniter\CodeIgniter->handleRequest(NULL, Object(Config\Cache), false)
#8 C:\xampp1\htdocs\TC_Arena\public\index.php(37): CodeIgniter\CodeIgniter->run()
#9 C:\xampp1\htdocs\TC_Arena\system\Commands\Server\rewrite.php(43): require_once('C:\\xampp1\\htdoc...')
#10 {main}
ERROR - 2022-07-04 13:26:59 --> Error connecting to the database: No connection could be made because the target machine actively refused it.

CRITICAL - 2022-07-04 13:26:59 --> Unable to connect to the database.
Main connection [MySQLi]: No connection could be made because the target machine actively refused it.

#0 C:\xampp1\htdocs\TC_Arena\system\Database\BaseConnection.php(577): CodeIgniter\Database\BaseConnection->initialize()
#1 C:\xampp1\htdocs\TC_Arena\system\Database\BaseBuilder.php(1455): CodeIgniter\Database\BaseConnection->query('SELECT *\nFROM `...', Array, false)
#2 C:\xampp1\htdocs\TC_Arena\system\Model.php(183): CodeIgniter\Database\BaseBuilder->get()
#3 C:\xampp1\htdocs\TC_Arena\system\BaseModel.php(584): CodeIgniter\Model->doFindAll(0, 0)
#4 C:\xampp1\htdocs\TC_Arena\app\Controllers\Bookingpage.php(14): CodeIgniter\BaseModel->findAll()
#5 C:\xampp1\htdocs\TC_Arena\system\CodeIgniter.php(825): App\Controllers\Bookingpage->bookingpage()
#6 C:\xampp1\htdocs\TC_Arena\system\CodeIgniter.php(412): CodeIgniter\CodeIgniter->runController(Object(App\Controllers\Bookingpage))
#7 C:\xampp1\htdocs\TC_Arena\system\CodeIgniter.php(320): CodeIgniter\CodeIgniter->handleRequest(NULL, Object(Config\Cache), false)
#8 C:\xampp1\htdocs\TC_Arena\public\index.php(37): CodeIgniter\CodeIgniter->run()
#9 C:\xampp1\htdocs\TC_Arena\system\Commands\Server\rewrite.php(43): require_once('C:\\xampp1\\htdoc...')
#10 {main}
