CRITICAL - 2022-05-02 00:19:30 --> Undefined variable $books
#0 C:\xampp\htdocs\Project TC-Arena\NewTC_Arena\app\Views\report_admin.php(85): CodeIgniter\Debug\Exceptions->errorHandler(2, 'Undefined varia...', 'C:\\xampp\\htdocs...', 85)
#1 C:\xampp\htdocs\Project TC-Arena\NewTC_Arena\system\View\View.php(210): include('C:\\xampp\\htdocs...')
#2 C:\xampp\htdocs\Project TC-Arena\NewTC_Arena\system\View\View.php(213): CodeIgniter\View\View->CodeIgniter\View\{closure}()
#3 C:\xampp\htdocs\Project TC-Arena\NewTC_Arena\system\Common.php(1089): CodeIgniter\View\View->render('report_admin', Array, true)
#4 C:\xampp\htdocs\Project TC-Arena\NewTC_Arena\app\Controllers\Report_admin.php(14): view('report_admin', Array)
#5 C:\xampp\htdocs\Project TC-Arena\NewTC_Arena\system\CodeIgniter.php(825): App\Controllers\report_admin->Report_admin()
#6 C:\xampp\htdocs\Project TC-Arena\NewTC_Arena\system\CodeIgniter.php(412): CodeIgniter\CodeIgniter->runController(Object(App\Controllers\report_admin))
#7 C:\xampp\htdocs\Project TC-Arena\NewTC_Arena\system\CodeIgniter.php(320): CodeIgniter\CodeIgniter->handleRequest(NULL, Object(Config\Cache), false)
#8 C:\xampp\htdocs\Project TC-Arena\NewTC_Arena\public\index.php(37): CodeIgniter\CodeIgniter->run()
#9 C:\xampp\htdocs\Project TC-Arena\NewTC_Arena\system\Commands\Server\rewrite.php(43): require_once('C:\\xampp\\htdocs...')
#10 {main}
CRITICAL - 2022-05-02 00:23:30 --> Class "App\Controllers\BookModel" not found
#0 C:\xampp\htdocs\Project TC-Arena\NewTC_Arena\system\CodeIgniter.php(825): App\Controllers\report_admin->Report_admin()
#1 C:\xampp\htdocs\Project TC-Arena\NewTC_Arena\system\CodeIgniter.php(412): CodeIgniter\CodeIgniter->runController(Object(App\Controllers\report_admin))
#2 C:\xampp\htdocs\Project TC-Arena\NewTC_Arena\system\CodeIgniter.php(320): CodeIgniter\CodeIgniter->handleRequest(NULL, Object(Config\Cache), false)
#3 C:\xampp\htdocs\Project TC-Arena\NewTC_Arena\public\index.php(37): CodeIgniter\CodeIgniter->run()
#4 C:\xampp\htdocs\Project TC-Arena\NewTC_Arena\system\Commands\Server\rewrite.php(43): require_once('C:\\xampp\\htdocs...')
#5 {main}
CRITICAL - 2022-05-02 00:23:32 --> Class "App\Controllers\BookModel" not found
#0 C:\xampp\htdocs\Project TC-Arena\NewTC_Arena\system\CodeIgniter.php(825): App\Controllers\report_admin->Report_admin()
#1 C:\xampp\htdocs\Project TC-Arena\NewTC_Arena\system\CodeIgniter.php(412): CodeIgniter\CodeIgniter->runController(Object(App\Controllers\report_admin))
#2 C:\xampp\htdocs\Project TC-Arena\NewTC_Arena\system\CodeIgniter.php(320): CodeIgniter\CodeIgniter->handleRequest(NULL, Object(Config\Cache), false)
#3 C:\xampp\htdocs\Project TC-Arena\NewTC_Arena\public\index.php(37): CodeIgniter\CodeIgniter->run()
#4 C:\xampp\htdocs\Project TC-Arena\NewTC_Arena\system\Commands\Server\rewrite.php(43): require_once('C:\\xampp\\htdocs...')
#5 {main}
CRITICAL - 2022-05-02 00:24:32 --> Undefined variable $bookModel
#0 C:\xampp\htdocs\Project TC-Arena\NewTC_Arena\app\Controllers\Report_admin.php(15): CodeIgniter\Debug\Exceptions->errorHandler(2, 'Undefined varia...', 'C:\\xampp\\htdocs...', 15)
#1 C:\xampp\htdocs\Project TC-Arena\NewTC_Arena\system\CodeIgniter.php(825): App\Controllers\report_admin->Report_admin()
#2 C:\xampp\htdocs\Project TC-Arena\NewTC_Arena\system\CodeIgniter.php(412): CodeIgniter\CodeIgniter->runController(Object(App\Controllers\report_admin))
#3 C:\xampp\htdocs\Project TC-Arena\NewTC_Arena\system\CodeIgniter.php(320): CodeIgniter\CodeIgniter->handleRequest(NULL, Object(Config\Cache), false)
#4 C:\xampp\htdocs\Project TC-Arena\NewTC_Arena\public\index.php(37): CodeIgniter\CodeIgniter->run()
#5 C:\xampp\htdocs\Project TC-Arena\NewTC_Arena\system\Commands\Server\rewrite.php(43): require_once('C:\\xampp\\htdocs...')
#6 {main}
CRITICAL - 2022-05-02 00:24:43 --> Undefined array key "เวลา"
#0 C:\xampp\htdocs\Project TC-Arena\NewTC_Arena\app\Views\report_admin.php(89): CodeIgniter\Debug\Exceptions->errorHandler(2, 'Undefined array...', 'C:\\xampp\\htdocs...', 89)
#1 C:\xampp\htdocs\Project TC-Arena\NewTC_Arena\system\View\View.php(210): include('C:\\xampp\\htdocs...')
#2 C:\xampp\htdocs\Project TC-Arena\NewTC_Arena\system\View\View.php(213): CodeIgniter\View\View->CodeIgniter\View\{closure}()
#3 C:\xampp\htdocs\Project TC-Arena\NewTC_Arena\system\Common.php(1089): CodeIgniter\View\View->render('report_admin', Array, true)
#4 C:\xampp\htdocs\Project TC-Arena\NewTC_Arena\app\Controllers\Report_admin.php(16): view('report_admin', Array)
#5 C:\xampp\htdocs\Project TC-Arena\NewTC_Arena\system\CodeIgniter.php(825): App\Controllers\report_admin->Report_admin()
#6 C:\xampp\htdocs\Project TC-Arena\NewTC_Arena\system\CodeIgniter.php(412): CodeIgniter\CodeIgniter->runController(Object(App\Controllers\report_admin))
#7 C:\xampp\htdocs\Project TC-Arena\NewTC_Arena\system\CodeIgniter.php(320): CodeIgniter\CodeIgniter->handleRequest(NULL, Object(Config\Cache), false)
#8 C:\xampp\htdocs\Project TC-Arena\NewTC_Arena\public\index.php(37): CodeIgniter\CodeIgniter->run()
#9 C:\xampp\htdocs\Project TC-Arena\NewTC_Arena\system\Commands\Server\rewrite.php(43): require_once('C:\\xampp\\htdocs...')
#10 {main}
CRITICAL - 2022-05-02 00:33:00 --> Undefined array key "เวลา"
#0 C:\xampp\htdocs\Project TC-Arena\NewTC_Arena\app\Views\report_admin.php(89): CodeIgniter\Debug\Exceptions->errorHandler(2, 'Undefined array...', 'C:\\xampp\\htdocs...', 89)
#1 C:\xampp\htdocs\Project TC-Arena\NewTC_Arena\system\View\View.php(210): include('C:\\xampp\\htdocs...')
#2 C:\xampp\htdocs\Project TC-Arena\NewTC_Arena\system\View\View.php(213): CodeIgniter\View\View->CodeIgniter\View\{closure}()
#3 C:\xampp\htdocs\Project TC-Arena\NewTC_Arena\system\Common.php(1089): CodeIgniter\View\View->render('report_admin', Array, true)
#4 C:\xampp\htdocs\Project TC-Arena\NewTC_Arena\app\Controllers\Report_admin.php(16): view('report_admin', Array)
#5 C:\xampp\htdocs\Project TC-Arena\NewTC_Arena\system\CodeIgniter.php(825): App\Controllers\report_admin->Report_admin()
#6 C:\xampp\htdocs\Project TC-Arena\NewTC_Arena\system\CodeIgniter.php(412): CodeIgniter\CodeIgniter->runController(Object(App\Controllers\report_admin))
#7 C:\xampp\htdocs\Project TC-Arena\NewTC_Arena\system\CodeIgniter.php(320): CodeIgniter\CodeIgniter->handleRequest(NULL, Object(Config\Cache), false)
#8 C:\xampp\htdocs\Project TC-Arena\NewTC_Arena\public\index.php(37): CodeIgniter\CodeIgniter->run()
#9 C:\xampp\htdocs\Project TC-Arena\NewTC_Arena\system\Commands\Server\rewrite.php(43): require_once('C:\\xampp\\htdocs...')
#10 {main}
CRITICAL - 2022-05-02 00:33:01 --> Undefined array key "เวลา"
#0 C:\xampp\htdocs\Project TC-Arena\NewTC_Arena\app\Views\report_admin.php(89): CodeIgniter\Debug\Exceptions->errorHandler(2, 'Undefined array...', 'C:\\xampp\\htdocs...', 89)
#1 C:\xampp\htdocs\Project TC-Arena\NewTC_Arena\system\View\View.php(210): include('C:\\xampp\\htdocs...')
#2 C:\xampp\htdocs\Project TC-Arena\NewTC_Arena\system\View\View.php(213): CodeIgniter\View\View->CodeIgniter\View\{closure}()
#3 C:\xampp\htdocs\Project TC-Arena\NewTC_Arena\system\Common.php(1089): CodeIgniter\View\View->render('report_admin', Array, true)
#4 C:\xampp\htdocs\Project TC-Arena\NewTC_Arena\app\Controllers\Report_admin.php(16): view('report_admin', Array)
#5 C:\xampp\htdocs\Project TC-Arena\NewTC_Arena\system\CodeIgniter.php(825): App\Controllers\report_admin->Report_admin()
#6 C:\xampp\htdocs\Project TC-Arena\NewTC_Arena\system\CodeIgniter.php(412): CodeIgniter\CodeIgniter->runController(Object(App\Controllers\report_admin))
#7 C:\xampp\htdocs\Project TC-Arena\NewTC_Arena\system\CodeIgniter.php(320): CodeIgniter\CodeIgniter->handleRequest(NULL, Object(Config\Cache), false)
#8 C:\xampp\htdocs\Project TC-Arena\NewTC_Arena\public\index.php(37): CodeIgniter\CodeIgniter->run()
#9 C:\xampp\htdocs\Project TC-Arena\NewTC_Arena\system\Commands\Server\rewrite.php(43): require_once('C:\\xampp\\htdocs...')
#10 {main}
CRITICAL - 2022-05-02 00:33:01 --> Undefined array key "เวลา"
#0 C:\xampp\htdocs\Project TC-Arena\NewTC_Arena\app\Views\report_admin.php(89): CodeIgniter\Debug\Exceptions->errorHandler(2, 'Undefined array...', 'C:\\xampp\\htdocs...', 89)
#1 C:\xampp\htdocs\Project TC-Arena\NewTC_Arena\system\View\View.php(210): include('C:\\xampp\\htdocs...')
#2 C:\xampp\htdocs\Project TC-Arena\NewTC_Arena\system\View\View.php(213): CodeIgniter\View\View->CodeIgniter\View\{closure}()
#3 C:\xampp\htdocs\Project TC-Arena\NewTC_Arena\system\Common.php(1089): CodeIgniter\View\View->render('report_admin', Array, true)
#4 C:\xampp\htdocs\Project TC-Arena\NewTC_Arena\app\Controllers\Report_admin.php(16): view('report_admin', Array)
#5 C:\xampp\htdocs\Project TC-Arena\NewTC_Arena\system\CodeIgniter.php(825): App\Controllers\report_admin->Report_admin()
#6 C:\xampp\htdocs\Project TC-Arena\NewTC_Arena\system\CodeIgniter.php(412): CodeIgniter\CodeIgniter->runController(Object(App\Controllers\report_admin))
#7 C:\xampp\htdocs\Project TC-Arena\NewTC_Arena\system\CodeIgniter.php(320): CodeIgniter\CodeIgniter->handleRequest(NULL, Object(Config\Cache), false)
#8 C:\xampp\htdocs\Project TC-Arena\NewTC_Arena\public\index.php(37): CodeIgniter\CodeIgniter->run()
#9 C:\xampp\htdocs\Project TC-Arena\NewTC_Arena\system\Commands\Server\rewrite.php(43): require_once('C:\\xampp\\htdocs...')
#10 {main}
CRITICAL - 2022-05-02 00:33:01 --> Undefined array key "เวลา"
#0 C:\xampp\htdocs\Project TC-Arena\NewTC_Arena\app\Views\report_admin.php(89): CodeIgniter\Debug\Exceptions->errorHandler(2, 'Undefined array...', 'C:\\xampp\\htdocs...', 89)
#1 C:\xampp\htdocs\Project TC-Arena\NewTC_Arena\system\View\View.php(210): include('C:\\xampp\\htdocs...')
#2 C:\xampp\htdocs\Project TC-Arena\NewTC_Arena\system\View\View.php(213): CodeIgniter\View\View->CodeIgniter\View\{closure}()
#3 C:\xampp\htdocs\Project TC-Arena\NewTC_Arena\system\Common.php(1089): CodeIgniter\View\View->render('report_admin', Array, true)
#4 C:\xampp\htdocs\Project TC-Arena\NewTC_Arena\app\Controllers\Report_admin.php(16): view('report_admin', Array)
#5 C:\xampp\htdocs\Project TC-Arena\NewTC_Arena\system\CodeIgniter.php(825): App\Controllers\report_admin->Report_admin()
#6 C:\xampp\htdocs\Project TC-Arena\NewTC_Arena\system\CodeIgniter.php(412): CodeIgniter\CodeIgniter->runController(Object(App\Controllers\report_admin))
#7 C:\xampp\htdocs\Project TC-Arena\NewTC_Arena\system\CodeIgniter.php(320): CodeIgniter\CodeIgniter->handleRequest(NULL, Object(Config\Cache), false)
#8 C:\xampp\htdocs\Project TC-Arena\NewTC_Arena\public\index.php(37): CodeIgniter\CodeIgniter->run()
#9 C:\xampp\htdocs\Project TC-Arena\NewTC_Arena\system\Commands\Server\rewrite.php(43): require_once('C:\\xampp\\htdocs...')
#10 {main}
CRITICAL - 2022-05-02 00:35:33 --> Undefined array key "T_start"
#0 C:\xampp\htdocs\Project TC-Arena\NewTC_Arena\app\Views\report_admin.php(89): CodeIgniter\Debug\Exceptions->errorHandler(2, 'Undefined array...', 'C:\\xampp\\htdocs...', 89)
#1 C:\xampp\htdocs\Project TC-Arena\NewTC_Arena\system\View\View.php(210): include('C:\\xampp\\htdocs...')
#2 C:\xampp\htdocs\Project TC-Arena\NewTC_Arena\system\View\View.php(213): CodeIgniter\View\View->CodeIgniter\View\{closure}()
#3 C:\xampp\htdocs\Project TC-Arena\NewTC_Arena\system\Common.php(1089): CodeIgniter\View\View->render('report_admin', Array, true)
#4 C:\xampp\htdocs\Project TC-Arena\NewTC_Arena\app\Controllers\Report_admin.php(16): view('report_admin', Array)
#5 C:\xampp\htdocs\Project TC-Arena\NewTC_Arena\system\CodeIgniter.php(825): App\Controllers\report_admin->Report_admin()
#6 C:\xampp\htdocs\Project TC-Arena\NewTC_Arena\system\CodeIgniter.php(412): CodeIgniter\CodeIgniter->runController(Object(App\Controllers\report_admin))
#7 C:\xampp\htdocs\Project TC-Arena\NewTC_Arena\system\CodeIgniter.php(320): CodeIgniter\CodeIgniter->handleRequest(NULL, Object(Config\Cache), false)
#8 C:\xampp\htdocs\Project TC-Arena\NewTC_Arena\public\index.php(37): CodeIgniter\CodeIgniter->run()
#9 C:\xampp\htdocs\Project TC-Arena\NewTC_Arena\system\Commands\Server\rewrite.php(43): require_once('C:\\xampp\\htdocs...')
#10 {main}
CRITICAL - 2022-05-02 00:38:13 --> Undefined array key "จำนวนชั่วโมง"
#0 C:\xampp\htdocs\Project TC-Arena\NewTC_Arena\app\Views\report_admin.php(92): CodeIgniter\Debug\Exceptions->errorHandler(2, 'Undefined array...', 'C:\\xampp\\htdocs...', 92)
#1 C:\xampp\htdocs\Project TC-Arena\NewTC_Arena\system\View\View.php(210): include('C:\\xampp\\htdocs...')
#2 C:\xampp\htdocs\Project TC-Arena\NewTC_Arena\system\View\View.php(213): CodeIgniter\View\View->CodeIgniter\View\{closure}()
#3 C:\xampp\htdocs\Project TC-Arena\NewTC_Arena\system\Common.php(1089): CodeIgniter\View\View->render('report_admin', Array, true)
#4 C:\xampp\htdocs\Project TC-Arena\NewTC_Arena\app\Controllers\Report_admin.php(16): view('report_admin', Array)
#5 C:\xampp\htdocs\Project TC-Arena\NewTC_Arena\system\CodeIgniter.php(825): App\Controllers\report_admin->Report_admin()
#6 C:\xampp\htdocs\Project TC-Arena\NewTC_Arena\system\CodeIgniter.php(412): CodeIgniter\CodeIgniter->runController(Object(App\Controllers\report_admin))
#7 C:\xampp\htdocs\Project TC-Arena\NewTC_Arena\system\CodeIgniter.php(320): CodeIgniter\CodeIgniter->handleRequest(NULL, Object(Config\Cache), false)
#8 C:\xampp\htdocs\Project TC-Arena\NewTC_Arena\public\index.php(37): CodeIgniter\CodeIgniter->run()
#9 C:\xampp\htdocs\Project TC-Arena\NewTC_Arena\system\Commands\Server\rewrite.php(43): require_once('C:\\xampp\\htdocs...')
#10 {main}
ERROR - 2022-05-02 23:41:55 --> Cannot add or update a child row: a foreign key constraint fails (`tc_arena`.`booking`, CONSTRAINT `booking_ibfk_1` FOREIGN KEY (`B_status`) REFERENCES `statuss` (`S_id`))
ERROR - 2022-05-02 23:41:57 --> Cannot add or update a child row: a foreign key constraint fails (`tc_arena`.`booking`, CONSTRAINT `booking_ibfk_1` FOREIGN KEY (`B_status`) REFERENCES `statuss` (`S_id`))
ERROR - 2022-05-02 23:42:00 --> Cannot add or update a child row: a foreign key constraint fails (`tc_arena`.`booking`, CONSTRAINT `booking_ibfk_1` FOREIGN KEY (`B_status`) REFERENCES `statuss` (`S_id`))
ERROR - 2022-05-02 23:45:29 --> Cannot add or update a child row: a foreign key constraint fails (`tc_arena`.`booking`, CONSTRAINT `booking_ibfk_1` FOREIGN KEY (`B_status`) REFERENCES `statuss` (`S_id`))
ERROR - 2022-05-02 23:45:30 --> Cannot add or update a child row: a foreign key constraint fails (`tc_arena`.`booking`, CONSTRAINT `booking_ibfk_1` FOREIGN KEY (`B_status`) REFERENCES `statuss` (`S_id`))
ERROR - 2022-05-02 23:45:30 --> Cannot add or update a child row: a foreign key constraint fails (`tc_arena`.`booking`, CONSTRAINT `booking_ibfk_1` FOREIGN KEY (`B_status`) REFERENCES `statuss` (`S_id`))
ERROR - 2022-05-02 23:45:31 --> Cannot add or update a child row: a foreign key constraint fails (`tc_arena`.`booking`, CONSTRAINT `booking_ibfk_1` FOREIGN KEY (`B_status`) REFERENCES `statuss` (`S_id`))
