CRITICAL - 2022-05-05 07:50:41 --> Call to undefined method CodeIgniter\Database\MySQLi\Builder::findAll()
#0 C:\xampp\htdocs\Project TC-Arena\NewTC_Arena\app\Controllers\Report_admin.php(15): App\Models\BookingModel->bookinglist()
#1 C:\xampp\htdocs\Project TC-Arena\NewTC_Arena\system\CodeIgniter.php(825): App\Controllers\report_admin->Report_admin()
#2 C:\xampp\htdocs\Project TC-Arena\NewTC_Arena\system\CodeIgniter.php(412): CodeIgniter\CodeIgniter->runController(Object(App\Controllers\report_admin))
#3 C:\xampp\htdocs\Project TC-Arena\NewTC_Arena\system\CodeIgniter.php(320): CodeIgniter\CodeIgniter->handleRequest(NULL, Object(Config\Cache), false)
#4 C:\xampp\htdocs\Project TC-Arena\NewTC_Arena\public\index.php(37): CodeIgniter\CodeIgniter->run()
#5 C:\xampp\htdocs\Project TC-Arena\NewTC_Arena\system\Commands\Server\rewrite.php(43): require_once('C:\\xampp\\htdocs...')
#6 {main}
CRITICAL - 2022-05-05 08:23:46 --> Call to undefined method CodeIgniter\Database\MySQLi\Builder::findAll()
#0 C:\xampp\htdocs\Project TC-Arena\NewTC_Arena\app\Controllers\Report_admin.php(15): App\Models\BookingModel->bookinglist()
#1 C:\xampp\htdocs\Project TC-Arena\NewTC_Arena\system\CodeIgniter.php(825): App\Controllers\report_admin->Report_admin()
#2 C:\xampp\htdocs\Project TC-Arena\NewTC_Arena\system\CodeIgniter.php(412): CodeIgniter\CodeIgniter->runController(Object(App\Controllers\report_admin))
#3 C:\xampp\htdocs\Project TC-Arena\NewTC_Arena\system\CodeIgniter.php(320): CodeIgniter\CodeIgniter->handleRequest(NULL, Object(Config\Cache), false)
#4 C:\xampp\htdocs\Project TC-Arena\NewTC_Arena\public\index.php(37): CodeIgniter\CodeIgniter->run()
#5 C:\xampp\htdocs\Project TC-Arena\NewTC_Arena\system\Commands\Server\rewrite.php(43): require_once('C:\\xampp\\htdocs...')
#6 {main}
CRITICAL - 2022-05-05 08:30:44 --> Undefined variable $bookings
#0 C:\xampp\htdocs\Project TC-Arena\NewTC_Arena\app\Views\report_admin.php(60): CodeIgniter\Debug\Exceptions->errorHandler(2, 'Undefined varia...', 'C:\\xampp\\htdocs...', 60)
#1 C:\xampp\htdocs\Project TC-Arena\NewTC_Arena\system\View\View.php(210): include('C:\\xampp\\htdocs...')
#2 C:\xampp\htdocs\Project TC-Arena\NewTC_Arena\system\View\View.php(213): CodeIgniter\View\View->CodeIgniter\View\{closure}()
#3 C:\xampp\htdocs\Project TC-Arena\NewTC_Arena\system\Common.php(1089): CodeIgniter\View\View->render('report_admin', Array, true)
#4 C:\xampp\htdocs\Project TC-Arena\NewTC_Arena\app\Controllers\Report_admin.php(19): view('report_admin', Array)
#5 C:\xampp\htdocs\Project TC-Arena\NewTC_Arena\system\CodeIgniter.php(825): App\Controllers\report_admin->Report_admin()
#6 C:\xampp\htdocs\Project TC-Arena\NewTC_Arena\system\CodeIgniter.php(412): CodeIgniter\CodeIgniter->runController(Object(App\Controllers\report_admin))
#7 C:\xampp\htdocs\Project TC-Arena\NewTC_Arena\system\CodeIgniter.php(320): CodeIgniter\CodeIgniter->handleRequest(NULL, Object(Config\Cache), false)
#8 C:\xampp\htdocs\Project TC-Arena\NewTC_Arena\public\index.php(37): CodeIgniter\CodeIgniter->run()
#9 C:\xampp\htdocs\Project TC-Arena\NewTC_Arena\system\Commands\Server\rewrite.php(43): require_once('C:\\xampp\\htdocs...')
#10 {main}
ERROR - 2022-05-05 08:34:45 --> Cannot add or update a child row: a foreign key constraint fails (`tc_arena`.`booking`, CONSTRAINT `booking_ibfk_1` FOREIGN KEY (`B_status`) REFERENCES `statuss` (`S_id`))
ERROR - 2022-05-05 08:34:48 --> Cannot add or update a child row: a foreign key constraint fails (`tc_arena`.`booking`, CONSTRAINT `booking_ibfk_1` FOREIGN KEY (`B_status`) REFERENCES `statuss` (`S_id`))
ERROR - 2022-05-05 08:34:52 --> Cannot add or update a child row: a foreign key constraint fails (`tc_arena`.`booking`, CONSTRAINT `booking_ibfk_1` FOREIGN KEY (`B_status`) REFERENCES `statuss` (`S_id`))
ERROR - 2022-05-05 08:35:26 --> Cannot add or update a child row: a foreign key constraint fails (`tc_arena`.`booking`, CONSTRAINT `booking_ibfk_1` FOREIGN KEY (`B_status`) REFERENCES `statuss` (`S_id`))
ERROR - 2022-05-05 08:35:26 --> Cannot add or update a child row: a foreign key constraint fails (`tc_arena`.`booking`, CONSTRAINT `booking_ibfk_1` FOREIGN KEY (`B_status`) REFERENCES `statuss` (`S_id`))
ERROR - 2022-05-05 08:35:27 --> Cannot add or update a child row: a foreign key constraint fails (`tc_arena`.`booking`, CONSTRAINT `booking_ibfk_1` FOREIGN KEY (`B_status`) REFERENCES `statuss` (`S_id`))
ERROR - 2022-05-05 08:35:27 --> Cannot add or update a child row: a foreign key constraint fails (`tc_arena`.`booking`, CONSTRAINT `booking_ibfk_1` FOREIGN KEY (`B_status`) REFERENCES `statuss` (`S_id`))
ERROR - 2022-05-05 08:35:27 --> Cannot add or update a child row: a foreign key constraint fails (`tc_arena`.`booking`, CONSTRAINT `booking_ibfk_1` FOREIGN KEY (`B_status`) REFERENCES `statuss` (`S_id`))
ERROR - 2022-05-05 08:35:27 --> Cannot add or update a child row: a foreign key constraint fails (`tc_arena`.`booking`, CONSTRAINT `booking_ibfk_1` FOREIGN KEY (`B_status`) REFERENCES `statuss` (`S_id`))
ERROR - 2022-05-05 08:35:28 --> Cannot add or update a child row: a foreign key constraint fails (`tc_arena`.`booking`, CONSTRAINT `booking_ibfk_1` FOREIGN KEY (`B_status`) REFERENCES `statuss` (`S_id`))
ERROR - 2022-05-05 08:35:29 --> Cannot add or update a child row: a foreign key constraint fails (`tc_arena`.`booking`, CONSTRAINT `booking_ibfk_1` FOREIGN KEY (`B_status`) REFERENCES `statuss` (`S_id`))
ERROR - 2022-05-05 08:38:48 --> Cannot add or update a child row: a foreign key constraint fails (`tc_arena`.`booking`, CONSTRAINT `booking_ibfk_1` FOREIGN KEY (`B_status`) REFERENCES `statuss` (`S_id`))
ERROR - 2022-05-05 08:38:50 --> Cannot add or update a child row: a foreign key constraint fails (`tc_arena`.`booking`, CONSTRAINT `booking_ibfk_1` FOREIGN KEY (`B_status`) REFERENCES `statuss` (`S_id`))
ERROR - 2022-05-05 08:38:50 --> Cannot add or update a child row: a foreign key constraint fails (`tc_arena`.`booking`, CONSTRAINT `booking_ibfk_1` FOREIGN KEY (`B_status`) REFERENCES `statuss` (`S_id`))
ERROR - 2022-05-05 08:38:52 --> Cannot add or update a child row: a foreign key constraint fails (`tc_arena`.`booking`, CONSTRAINT `booking_ibfk_1` FOREIGN KEY (`B_status`) REFERENCES `statuss` (`S_id`))
ERROR - 2022-05-05 08:38:54 --> Cannot add or update a child row: a foreign key constraint fails (`tc_arena`.`booking`, CONSTRAINT `booking_ibfk_1` FOREIGN KEY (`B_status`) REFERENCES `statuss` (`S_id`))
ERROR - 2022-05-05 08:38:58 --> Cannot add or update a child row: a foreign key constraint fails (`tc_arena`.`booking`, CONSTRAINT `booking_ibfk_1` FOREIGN KEY (`B_status`) REFERENCES `statuss` (`S_id`))
ERROR - 2022-05-05 08:39:01 --> Cannot add or update a child row: a foreign key constraint fails (`tc_arena`.`booking`, CONSTRAINT `booking_ibfk_1` FOREIGN KEY (`B_status`) REFERENCES `statuss` (`S_id`))
ERROR - 2022-05-05 08:39:02 --> Cannot add or update a child row: a foreign key constraint fails (`tc_arena`.`booking`, CONSTRAINT `booking_ibfk_1` FOREIGN KEY (`B_status`) REFERENCES `statuss` (`S_id`))
ERROR - 2022-05-05 08:39:02 --> Cannot add or update a child row: a foreign key constraint fails (`tc_arena`.`booking`, CONSTRAINT `booking_ibfk_1` FOREIGN KEY (`B_status`) REFERENCES `statuss` (`S_id`))
ERROR - 2022-05-05 08:39:44 --> Cannot add or update a child row: a foreign key constraint fails (`tc_arena`.`booking`, CONSTRAINT `booking_ibfk_1` FOREIGN KEY (`B_status`) REFERENCES `statuss` (`S_id`))
ERROR - 2022-05-05 08:39:47 --> Cannot add or update a child row: a foreign key constraint fails (`tc_arena`.`booking`, CONSTRAINT `booking_ibfk_1` FOREIGN KEY (`B_status`) REFERENCES `statuss` (`S_id`))
