CRITICAL - 2022-07-11 12:02:58 --> Illegal string offset 'T_id'
#0 C:\xampp1\htdocs\TC_Arena\app\Views\index_admin.php(126): CodeIgniter\Debug\Exceptions->errorHandler(2, 'Illegal string ...', 'C:\\xampp1\\htdoc...', 126, Array)
#1 C:\xampp1\htdocs\TC_Arena\system\View\View.php(210): include('C:\\xampp1\\htdoc...')
#2 C:\xampp1\htdocs\TC_Arena\system\View\View.php(213): CodeIgniter\View\View->CodeIgniter\View\{closure}()
#3 C:\xampp1\htdocs\TC_Arena\system\Common.php(1089): CodeIgniter\View\View->render('index_admin', Array, true)
#4 C:\xampp1\htdocs\TC_Arena\app\Controllers\Index_admin.php(24): view('index_admin', Array)
#5 C:\xampp1\htdocs\TC_Arena\system\CodeIgniter.php(825): App\Controllers\index_admin->Index_admin()
#6 C:\xampp1\htdocs\TC_Arena\system\CodeIgniter.php(412): CodeIgniter\CodeIgniter->runController(Object(App\Controllers\index_admin))
#7 C:\xampp1\htdocs\TC_Arena\system\CodeIgniter.php(320): CodeIgniter\CodeIgniter->handleRequest(NULL, Object(Config\Cache), false)
#8 C:\xampp1\htdocs\TC_Arena\public\index.php(37): CodeIgniter\CodeIgniter->run()
#9 C:\xampp1\htdocs\TC_Arena\system\Commands\Server\rewrite.php(43): require_once('C:\\xampp1\\htdoc...')
#10 {main}
CRITICAL - 2022-07-11 12:05:25 --> Illegal string offset 'T_id'
#0 C:\xampp1\htdocs\TC_Arena\app\Views\index_admin.php(126): CodeIgniter\Debug\Exceptions->errorHandler(2, 'Illegal string ...', 'C:\\xampp1\\htdoc...', 126, Array)
#1 C:\xampp1\htdocs\TC_Arena\system\View\View.php(210): include('C:\\xampp1\\htdoc...')
#2 C:\xampp1\htdocs\TC_Arena\system\View\View.php(213): CodeIgniter\View\View->CodeIgniter\View\{closure}()
#3 C:\xampp1\htdocs\TC_Arena\system\Common.php(1089): CodeIgniter\View\View->render('index_admin', Array, true)
#4 C:\xampp1\htdocs\TC_Arena\app\Controllers\Index_admin.php(24): view('index_admin', Array)
#5 C:\xampp1\htdocs\TC_Arena\system\CodeIgniter.php(825): App\Controllers\index_admin->Index_admin()
#6 C:\xampp1\htdocs\TC_Arena\system\CodeIgniter.php(412): CodeIgniter\CodeIgniter->runController(Object(App\Controllers\index_admin))
#7 C:\xampp1\htdocs\TC_Arena\system\CodeIgniter.php(320): CodeIgniter\CodeIgniter->handleRequest(NULL, Object(Config\Cache), false)
#8 C:\xampp1\htdocs\TC_Arena\public\index.php(37): CodeIgniter\CodeIgniter->run()
#9 C:\xampp1\htdocs\TC_Arena\system\Commands\Server\rewrite.php(43): require_once('C:\\xampp1\\htdoc...')
#10 {main}
CRITICAL - 2022-07-11 12:05:38 --> Illegal string offset 'T_id'
#0 C:\xampp1\htdocs\TC_Arena\app\Views\index_admin.php(126): CodeIgniter\Debug\Exceptions->errorHandler(2, 'Illegal string ...', 'C:\\xampp1\\htdoc...', 126, Array)
#1 C:\xampp1\htdocs\TC_Arena\system\View\View.php(210): include('C:\\xampp1\\htdoc...')
#2 C:\xampp1\htdocs\TC_Arena\system\View\View.php(213): CodeIgniter\View\View->CodeIgniter\View\{closure}()
#3 C:\xampp1\htdocs\TC_Arena\system\Common.php(1089): CodeIgniter\View\View->render('index_admin', Array, true)
#4 C:\xampp1\htdocs\TC_Arena\app\Controllers\Index_admin.php(24): view('index_admin', Array)
#5 C:\xampp1\htdocs\TC_Arena\system\CodeIgniter.php(825): App\Controllers\index_admin->Index_admin()
#6 C:\xampp1\htdocs\TC_Arena\system\CodeIgniter.php(412): CodeIgniter\CodeIgniter->runController(Object(App\Controllers\index_admin))
#7 C:\xampp1\htdocs\TC_Arena\system\CodeIgniter.php(320): CodeIgniter\CodeIgniter->handleRequest(NULL, Object(Config\Cache), false)
#8 C:\xampp1\htdocs\TC_Arena\public\index.php(37): CodeIgniter\CodeIgniter->run()
#9 C:\xampp1\htdocs\TC_Arena\system\Commands\Server\rewrite.php(43): require_once('C:\\xampp1\\htdoc...')
#10 {main}
