CRITICAL - 2022-11-01 16:04:03 --> Illegal string offset 'name'
#0 C:\xampp1\htdocs\TC_Arena\app\Views\historyadmin.php(48): CodeIgniter\Debug\Exceptions->errorHandler(2, 'Illegal string ...', 'C:\\xampp1\\htdoc...', 48, Array)
#1 C:\xampp1\htdocs\TC_Arena\system\View\View.php(210): include('C:\\xampp1\\htdoc...')
#2 C:\xampp1\htdocs\TC_Arena\system\View\View.php(213): CodeIgniter\View\View->CodeIgniter\View\{closure}()
#3 C:\xampp1\htdocs\TC_Arena\system\Common.php(1089): CodeIgniter\View\View->render('historyadmin', Array, true)
#4 C:\xampp1\htdocs\TC_Arena\app\Controllers\Historyadmin.php(20): view('historyadmin', Array)
#5 C:\xampp1\htdocs\TC_Arena\system\CodeIgniter.php(825): App\Controllers\Historyadmin->historyadmin('2')
#6 C:\xampp1\htdocs\TC_Arena\system\CodeIgniter.php(412): CodeIgniter\CodeIgniter->runController(Object(App\Controllers\Historyadmin))
#7 C:\xampp1\htdocs\TC_Arena\system\CodeIgniter.php(320): CodeIgniter\CodeIgniter->handleRequest(NULL, Object(Config\Cache), false)
#8 C:\xampp1\htdocs\TC_Arena\public\index.php(37): CodeIgniter\CodeIgniter->run()
#9 C:\xampp1\htdocs\TC_Arena\system\Commands\Server\rewrite.php(43): require_once('C:\\xampp1\\htdoc...')
#10 {main}
CRITICAL - 2022-11-01 16:04:24 --> Illegal string offset 'name'
#0 C:\xampp1\htdocs\TC_Arena\app\Views\historyadmin.php(48): CodeIgniter\Debug\Exceptions->errorHandler(2, 'Illegal string ...', 'C:\\xampp1\\htdoc...', 48, Array)
#1 C:\xampp1\htdocs\TC_Arena\system\View\View.php(210): include('C:\\xampp1\\htdoc...')
#2 C:\xampp1\htdocs\TC_Arena\system\View\View.php(213): CodeIgniter\View\View->CodeIgniter\View\{closure}()
#3 C:\xampp1\htdocs\TC_Arena\system\Common.php(1089): CodeIgniter\View\View->render('historyadmin', Array, true)
#4 C:\xampp1\htdocs\TC_Arena\app\Controllers\Historyadmin.php(20): view('historyadmin', Array)
#5 C:\xampp1\htdocs\TC_Arena\system\CodeIgniter.php(825): App\Controllers\Historyadmin->historyadmin('2')
#6 C:\xampp1\htdocs\TC_Arena\system\CodeIgniter.php(412): CodeIgniter\CodeIgniter->runController(Object(App\Controllers\Historyadmin))
#7 C:\xampp1\htdocs\TC_Arena\system\CodeIgniter.php(320): CodeIgniter\CodeIgniter->handleRequest(NULL, Object(Config\Cache), false)
#8 C:\xampp1\htdocs\TC_Arena\public\index.php(37): CodeIgniter\CodeIgniter->run()
#9 C:\xampp1\htdocs\TC_Arena\system\Commands\Server\rewrite.php(43): require_once('C:\\xampp1\\htdoc...')
#10 {main}
CRITICAL - 2022-11-01 16:04:31 --> Undefined variable: bookings
#0 C:\xampp1\htdocs\TC_Arena\app\Views\historyadmin.php(48): CodeIgniter\Debug\Exceptions->errorHandler(8, 'Undefined varia...', 'C:\\xampp1\\htdoc...', 48, Array)
#1 C:\xampp1\htdocs\TC_Arena\system\View\View.php(210): include('C:\\xampp1\\htdoc...')
#2 C:\xampp1\htdocs\TC_Arena\system\View\View.php(213): CodeIgniter\View\View->CodeIgniter\View\{closure}()
#3 C:\xampp1\htdocs\TC_Arena\system\Common.php(1089): CodeIgniter\View\View->render('historyadmin', Array, true)
#4 C:\xampp1\htdocs\TC_Arena\app\Controllers\Historyadmin.php(20): view('historyadmin', Array)
#5 C:\xampp1\htdocs\TC_Arena\system\CodeIgniter.php(825): App\Controllers\Historyadmin->historyadmin('2')
#6 C:\xampp1\htdocs\TC_Arena\system\CodeIgniter.php(412): CodeIgniter\CodeIgniter->runController(Object(App\Controllers\Historyadmin))
#7 C:\xampp1\htdocs\TC_Arena\system\CodeIgniter.php(320): CodeIgniter\CodeIgniter->handleRequest(NULL, Object(Config\Cache), false)
#8 C:\xampp1\htdocs\TC_Arena\public\index.php(37): CodeIgniter\CodeIgniter->run()
#9 C:\xampp1\htdocs\TC_Arena\system\Commands\Server\rewrite.php(43): require_once('C:\\xampp1\\htdoc...')
#10 {main}
CRITICAL - 2022-11-01 16:04:37 --> Illegal string offset 'name'
#0 C:\xampp1\htdocs\TC_Arena\app\Views\historyadmin.php(48): CodeIgniter\Debug\Exceptions->errorHandler(2, 'Illegal string ...', 'C:\\xampp1\\htdoc...', 48, Array)
#1 C:\xampp1\htdocs\TC_Arena\system\View\View.php(210): include('C:\\xampp1\\htdoc...')
#2 C:\xampp1\htdocs\TC_Arena\system\View\View.php(213): CodeIgniter\View\View->CodeIgniter\View\{closure}()
#3 C:\xampp1\htdocs\TC_Arena\system\Common.php(1089): CodeIgniter\View\View->render('historyadmin', Array, true)
#4 C:\xampp1\htdocs\TC_Arena\app\Controllers\Historyadmin.php(20): view('historyadmin', Array)
#5 C:\xampp1\htdocs\TC_Arena\system\CodeIgniter.php(825): App\Controllers\Historyadmin->historyadmin('2')
#6 C:\xampp1\htdocs\TC_Arena\system\CodeIgniter.php(412): CodeIgniter\CodeIgniter->runController(Object(App\Controllers\Historyadmin))
#7 C:\xampp1\htdocs\TC_Arena\system\CodeIgniter.php(320): CodeIgniter\CodeIgniter->handleRequest(NULL, Object(Config\Cache), false)
#8 C:\xampp1\htdocs\TC_Arena\public\index.php(37): CodeIgniter\CodeIgniter->run()
#9 C:\xampp1\htdocs\TC_Arena\system\Commands\Server\rewrite.php(43): require_once('C:\\xampp1\\htdoc...')
#10 {main}
CRITICAL - 2022-11-01 16:07:30 --> Undefined index: name
#0 C:\xampp1\htdocs\TC_Arena\app\Views\historyadmin.php(50): CodeIgniter\Debug\Exceptions->errorHandler(8, 'Undefined index...', 'C:\\xampp1\\htdoc...', 50, Array)
#1 C:\xampp1\htdocs\TC_Arena\system\View\View.php(210): include('C:\\xampp1\\htdoc...')
#2 C:\xampp1\htdocs\TC_Arena\system\View\View.php(213): CodeIgniter\View\View->CodeIgniter\View\{closure}()
#3 C:\xampp1\htdocs\TC_Arena\system\Common.php(1089): CodeIgniter\View\View->render('historyadmin', Array, true)
#4 C:\xampp1\htdocs\TC_Arena\app\Controllers\Historyadmin.php(20): view('historyadmin', Array)
#5 C:\xampp1\htdocs\TC_Arena\system\CodeIgniter.php(825): App\Controllers\Historyadmin->historyadmin('2')
#6 C:\xampp1\htdocs\TC_Arena\system\CodeIgniter.php(412): CodeIgniter\CodeIgniter->runController(Object(App\Controllers\Historyadmin))
#7 C:\xampp1\htdocs\TC_Arena\system\CodeIgniter.php(320): CodeIgniter\CodeIgniter->handleRequest(NULL, Object(Config\Cache), false)
#8 C:\xampp1\htdocs\TC_Arena\public\index.php(37): CodeIgniter\CodeIgniter->run()
#9 C:\xampp1\htdocs\TC_Arena\system\Commands\Server\rewrite.php(43): require_once('C:\\xampp1\\htdoc...')
#10 {main}
CRITICAL - 2022-11-01 16:07:42 --> Illegal string offset 'name'
#0 C:\xampp1\htdocs\TC_Arena\app\Views\historyadmin.php(50): CodeIgniter\Debug\Exceptions->errorHandler(2, 'Illegal string ...', 'C:\\xampp1\\htdoc...', 50, Array)
#1 C:\xampp1\htdocs\TC_Arena\system\View\View.php(210): include('C:\\xampp1\\htdoc...')
#2 C:\xampp1\htdocs\TC_Arena\system\View\View.php(213): CodeIgniter\View\View->CodeIgniter\View\{closure}()
#3 C:\xampp1\htdocs\TC_Arena\system\Common.php(1089): CodeIgniter\View\View->render('historyadmin', Array, true)
#4 C:\xampp1\htdocs\TC_Arena\app\Controllers\Historyadmin.php(20): view('historyadmin', Array)
#5 C:\xampp1\htdocs\TC_Arena\system\CodeIgniter.php(825): App\Controllers\Historyadmin->historyadmin('2')
#6 C:\xampp1\htdocs\TC_Arena\system\CodeIgniter.php(412): CodeIgniter\CodeIgniter->runController(Object(App\Controllers\Historyadmin))
#7 C:\xampp1\htdocs\TC_Arena\system\CodeIgniter.php(320): CodeIgniter\CodeIgniter->handleRequest(NULL, Object(Config\Cache), false)
#8 C:\xampp1\htdocs\TC_Arena\public\index.php(37): CodeIgniter\CodeIgniter->run()
#9 C:\xampp1\htdocs\TC_Arena\system\Commands\Server\rewrite.php(43): require_once('C:\\xampp1\\htdoc...')
#10 {main}
CRITICAL - 2022-11-01 16:08:00 --> Illegal string offset 'Name'
#0 C:\xampp1\htdocs\TC_Arena\app\Views\historyadmin.php(50): CodeIgniter\Debug\Exceptions->errorHandler(2, 'Illegal string ...', 'C:\\xampp1\\htdoc...', 50, Array)
#1 C:\xampp1\htdocs\TC_Arena\system\View\View.php(210): include('C:\\xampp1\\htdoc...')
#2 C:\xampp1\htdocs\TC_Arena\system\View\View.php(213): CodeIgniter\View\View->CodeIgniter\View\{closure}()
#3 C:\xampp1\htdocs\TC_Arena\system\Common.php(1089): CodeIgniter\View\View->render('historyadmin', Array, true)
#4 C:\xampp1\htdocs\TC_Arena\app\Controllers\Historyadmin.php(20): view('historyadmin', Array)
#5 C:\xampp1\htdocs\TC_Arena\system\CodeIgniter.php(825): App\Controllers\Historyadmin->historyadmin('2')
#6 C:\xampp1\htdocs\TC_Arena\system\CodeIgniter.php(412): CodeIgniter\CodeIgniter->runController(Object(App\Controllers\Historyadmin))
#7 C:\xampp1\htdocs\TC_Arena\system\CodeIgniter.php(320): CodeIgniter\CodeIgniter->handleRequest(NULL, Object(Config\Cache), false)
#8 C:\xampp1\htdocs\TC_Arena\public\index.php(37): CodeIgniter\CodeIgniter->run()
#9 C:\xampp1\htdocs\TC_Arena\system\Commands\Server\rewrite.php(43): require_once('C:\\xampp1\\htdoc...')
#10 {main}
CRITICAL - 2022-11-01 16:08:21 --> Illegal string offset 'name'
#0 C:\xampp1\htdocs\TC_Arena\app\Views\historyadmin.php(50): CodeIgniter\Debug\Exceptions->errorHandler(2, 'Illegal string ...', 'C:\\xampp1\\htdoc...', 50, Array)
#1 C:\xampp1\htdocs\TC_Arena\system\View\View.php(210): include('C:\\xampp1\\htdoc...')
#2 C:\xampp1\htdocs\TC_Arena\system\View\View.php(213): CodeIgniter\View\View->CodeIgniter\View\{closure}()
#3 C:\xampp1\htdocs\TC_Arena\system\Common.php(1089): CodeIgniter\View\View->render('historyadmin', Array, true)
#4 C:\xampp1\htdocs\TC_Arena\app\Controllers\Historyadmin.php(20): view('historyadmin', Array)
#5 C:\xampp1\htdocs\TC_Arena\system\CodeIgniter.php(825): App\Controllers\Historyadmin->historyadmin('2')
#6 C:\xampp1\htdocs\TC_Arena\system\CodeIgniter.php(412): CodeIgniter\CodeIgniter->runController(Object(App\Controllers\Historyadmin))
#7 C:\xampp1\htdocs\TC_Arena\system\CodeIgniter.php(320): CodeIgniter\CodeIgniter->handleRequest(NULL, Object(Config\Cache), false)
#8 C:\xampp1\htdocs\TC_Arena\public\index.php(37): CodeIgniter\CodeIgniter->run()
#9 C:\xampp1\htdocs\TC_Arena\system\Commands\Server\rewrite.php(43): require_once('C:\\xampp1\\htdoc...')
#10 {main}
CRITICAL - 2022-11-01 16:09:03 --> Undefined index: name
#0 C:\xampp1\htdocs\TC_Arena\app\Views\historyadmin.php(48): CodeIgniter\Debug\Exceptions->errorHandler(8, 'Undefined index...', 'C:\\xampp1\\htdoc...', 48, Array)
#1 C:\xampp1\htdocs\TC_Arena\system\View\View.php(210): include('C:\\xampp1\\htdoc...')
#2 C:\xampp1\htdocs\TC_Arena\system\View\View.php(213): CodeIgniter\View\View->CodeIgniter\View\{closure}()
#3 C:\xampp1\htdocs\TC_Arena\system\Common.php(1089): CodeIgniter\View\View->render('historyadmin', Array, true)
#4 C:\xampp1\htdocs\TC_Arena\app\Controllers\Historyadmin.php(20): view('historyadmin', Array)
#5 C:\xampp1\htdocs\TC_Arena\system\CodeIgniter.php(825): App\Controllers\Historyadmin->historyadmin('2')
#6 C:\xampp1\htdocs\TC_Arena\system\CodeIgniter.php(412): CodeIgniter\CodeIgniter->runController(Object(App\Controllers\Historyadmin))
#7 C:\xampp1\htdocs\TC_Arena\system\CodeIgniter.php(320): CodeIgniter\CodeIgniter->handleRequest(NULL, Object(Config\Cache), false)
#8 C:\xampp1\htdocs\TC_Arena\public\index.php(37): CodeIgniter\CodeIgniter->run()
#9 C:\xampp1\htdocs\TC_Arena\system\Commands\Server\rewrite.php(43): require_once('C:\\xampp1\\htdoc...')
#10 {main}
CRITICAL - 2022-11-01 16:10:16 --> Undefined index: name
#0 C:\xampp1\htdocs\TC_Arena\app\Views\historyadmin.php(25): CodeIgniter\Debug\Exceptions->errorHandler(8, 'Undefined index...', 'C:\\xampp1\\htdoc...', 25, Array)
#1 C:\xampp1\htdocs\TC_Arena\system\View\View.php(210): include('C:\\xampp1\\htdoc...')
#2 C:\xampp1\htdocs\TC_Arena\system\View\View.php(213): CodeIgniter\View\View->CodeIgniter\View\{closure}()
#3 C:\xampp1\htdocs\TC_Arena\system\Common.php(1089): CodeIgniter\View\View->render('historyadmin', Array, true)
#4 C:\xampp1\htdocs\TC_Arena\app\Controllers\Historyadmin.php(20): view('historyadmin', Array)
#5 C:\xampp1\htdocs\TC_Arena\system\CodeIgniter.php(825): App\Controllers\Historyadmin->historyadmin('2')
#6 C:\xampp1\htdocs\TC_Arena\system\CodeIgniter.php(412): CodeIgniter\CodeIgniter->runController(Object(App\Controllers\Historyadmin))
#7 C:\xampp1\htdocs\TC_Arena\system\CodeIgniter.php(320): CodeIgniter\CodeIgniter->handleRequest(NULL, Object(Config\Cache), false)
#8 C:\xampp1\htdocs\TC_Arena\public\index.php(37): CodeIgniter\CodeIgniter->run()
#9 C:\xampp1\htdocs\TC_Arena\system\Commands\Server\rewrite.php(43): require_once('C:\\xampp1\\htdoc...')
#10 {main}
