CRITICAL - 2022-07-26 22:06:53 --> Invalid file: reporn_allitems.php
#0 C:\xampp1\htdocs\TC_Arena\system\View\View.php(198): CodeIgniter\Exceptions\FrameworkException::forInvalidFile('reporn_allitems...')
#1 C:\xampp1\htdocs\TC_Arena\system\Common.php(1089): CodeIgniter\View\View->render('reporn_allitems', Array, true)
#2 C:\xampp1\htdocs\TC_Arena\app\Controllers\Report_admin.php(39): view('reporn_allitems')
#3 C:\xampp1\htdocs\TC_Arena\system\CodeIgniter.php(825): App\Controllers\report_admin->Report_Allitems()
#4 C:\xampp1\htdocs\TC_Arena\system\CodeIgniter.php(412): CodeIgniter\CodeIgniter->runController(Object(App\Controllers\report_admin))
#5 C:\xampp1\htdocs\TC_Arena\system\CodeIgniter.php(320): CodeIgniter\CodeIgniter->handleRequest(NULL, Object(Config\Cache), false)
#6 C:\xampp1\htdocs\TC_Arena\public\index.php(37): CodeIgniter\CodeIgniter->run()
#7 C:\xampp1\htdocs\TC_Arena\system\Commands\Server\rewrite.php(43): require_once('C:\\xampp1\\htdoc...')
#8 {main}
CRITICAL - 2022-07-26 22:08:18 --> Invalid file: reporn_all.php
#0 C:\xampp1\htdocs\TC_Arena\system\View\View.php(198): CodeIgniter\Exceptions\FrameworkException::forInvalidFile('reporn_all.php')
#1 C:\xampp1\htdocs\TC_Arena\system\Common.php(1089): CodeIgniter\View\View->render('reporn_all', Array, true)
#2 C:\xampp1\htdocs\TC_Arena\app\Controllers\Report_admin.php(39): view('reporn_all')
#3 C:\xampp1\htdocs\TC_Arena\system\CodeIgniter.php(825): App\Controllers\report_admin->Report_All()
#4 C:\xampp1\htdocs\TC_Arena\system\CodeIgniter.php(412): CodeIgniter\CodeIgniter->runController(Object(App\Controllers\report_admin))
#5 C:\xampp1\htdocs\TC_Arena\system\CodeIgniter.php(320): CodeIgniter\CodeIgniter->handleRequest(NULL, Object(Config\Cache), false)
#6 C:\xampp1\htdocs\TC_Arena\public\index.php(37): CodeIgniter\CodeIgniter->run()
#7 C:\xampp1\htdocs\TC_Arena\system\Commands\Server\rewrite.php(43): require_once('C:\\xampp1\\htdoc...')
#8 {main}
CRITICAL - 2022-07-26 22:08:43 --> Invalid file: reporn_all.php
#0 C:\xampp1\htdocs\TC_Arena\system\View\View.php(198): CodeIgniter\Exceptions\FrameworkException::forInvalidFile('reporn_all.php')
#1 C:\xampp1\htdocs\TC_Arena\system\Common.php(1089): CodeIgniter\View\View->render('reporn_all', Array, true)
#2 C:\xampp1\htdocs\TC_Arena\app\Controllers\Report_admin.php(39): view('reporn_all')
#3 C:\xampp1\htdocs\TC_Arena\system\CodeIgniter.php(825): App\Controllers\report_admin->Report_All()
#4 C:\xampp1\htdocs\TC_Arena\system\CodeIgniter.php(412): CodeIgniter\CodeIgniter->runController(Object(App\Controllers\report_admin))
#5 C:\xampp1\htdocs\TC_Arena\system\CodeIgniter.php(320): CodeIgniter\CodeIgniter->handleRequest(NULL, Object(Config\Cache), false)
#6 C:\xampp1\htdocs\TC_Arena\public\index.php(37): CodeIgniter\CodeIgniter->run()
#7 C:\xampp1\htdocs\TC_Arena\system\Commands\Server\rewrite.php(43): require_once('C:\\xampp1\\htdoc...')
#8 {main}
CRITICAL - 2022-07-26 22:09:34 --> Invalid file: reporn_all.php
#0 C:\xampp1\htdocs\TC_Arena\system\View\View.php(198): CodeIgniter\Exceptions\FrameworkException::forInvalidFile('reporn_all.php')
#1 C:\xampp1\htdocs\TC_Arena\system\Common.php(1089): CodeIgniter\View\View->render('reporn_all', Array, true)
#2 C:\xampp1\htdocs\TC_Arena\app\Controllers\Report_admin.php(39): view('reporn_all')
#3 C:\xampp1\htdocs\TC_Arena\system\CodeIgniter.php(825): App\Controllers\report_admin->Report_All()
#4 C:\xampp1\htdocs\TC_Arena\system\CodeIgniter.php(412): CodeIgniter\CodeIgniter->runController(Object(App\Controllers\report_admin))
#5 C:\xampp1\htdocs\TC_Arena\system\CodeIgniter.php(320): CodeIgniter\CodeIgniter->handleRequest(NULL, Object(Config\Cache), false)
#6 C:\xampp1\htdocs\TC_Arena\public\index.php(37): CodeIgniter\CodeIgniter->run()
#7 C:\xampp1\htdocs\TC_Arena\system\Commands\Server\rewrite.php(43): require_once('C:\\xampp1\\htdoc...')
#8 {main}
CRITICAL - 2022-07-26 22:09:46 --> Invalid file: reporn_all.php
#0 C:\xampp1\htdocs\TC_Arena\system\View\View.php(198): CodeIgniter\Exceptions\FrameworkException::forInvalidFile('reporn_all.php')
#1 C:\xampp1\htdocs\TC_Arena\system\Common.php(1089): CodeIgniter\View\View->render('reporn_all', Array, true)
#2 C:\xampp1\htdocs\TC_Arena\app\Controllers\Report_admin.php(39): view('reporn_all')
#3 C:\xampp1\htdocs\TC_Arena\system\CodeIgniter.php(825): App\Controllers\report_admin->Report_All()
#4 C:\xampp1\htdocs\TC_Arena\system\CodeIgniter.php(412): CodeIgniter\CodeIgniter->runController(Object(App\Controllers\report_admin))
#5 C:\xampp1\htdocs\TC_Arena\system\CodeIgniter.php(320): CodeIgniter\CodeIgniter->handleRequest(NULL, Object(Config\Cache), false)
#6 C:\xampp1\htdocs\TC_Arena\public\index.php(37): CodeIgniter\CodeIgniter->run()
#7 C:\xampp1\htdocs\TC_Arena\system\Commands\Server\rewrite.php(43): require_once('C:\\xampp1\\htdoc...')
#8 {main}
CRITICAL - 2022-07-26 22:10:12 --> Invalid file: reporn_all.php
#0 C:\xampp1\htdocs\TC_Arena\system\View\View.php(198): CodeIgniter\Exceptions\FrameworkException::forInvalidFile('reporn_all.php')
#1 C:\xampp1\htdocs\TC_Arena\system\Common.php(1089): CodeIgniter\View\View->render('reporn_all', Array, true)
#2 C:\xampp1\htdocs\TC_Arena\app\Controllers\Report_admin.php(39): view('reporn_all')
#3 C:\xampp1\htdocs\TC_Arena\system\CodeIgniter.php(825): App\Controllers\report_admin->Report_All()
#4 C:\xampp1\htdocs\TC_Arena\system\CodeIgniter.php(412): CodeIgniter\CodeIgniter->runController(Object(App\Controllers\report_admin))
#5 C:\xampp1\htdocs\TC_Arena\system\CodeIgniter.php(320): CodeIgniter\CodeIgniter->handleRequest(NULL, Object(Config\Cache), false)
#6 C:\xampp1\htdocs\TC_Arena\public\index.php(37): CodeIgniter\CodeIgniter->run()
#7 C:\xampp1\htdocs\TC_Arena\system\Commands\Server\rewrite.php(43): require_once('C:\\xampp1\\htdoc...')
#8 {main}
CRITICAL - 2022-07-26 22:10:35 --> Invalid file: reporn_all.php
#0 C:\xampp1\htdocs\TC_Arena\system\View\View.php(198): CodeIgniter\Exceptions\FrameworkException::forInvalidFile('reporn_all.php')
#1 C:\xampp1\htdocs\TC_Arena\system\Common.php(1089): CodeIgniter\View\View->render('reporn_all', Array, true)
#2 C:\xampp1\htdocs\TC_Arena\app\Controllers\Report_admin.php(39): view('reporn_all')
#3 C:\xampp1\htdocs\TC_Arena\system\CodeIgniter.php(825): App\Controllers\report_admin->Report_All()
#4 C:\xampp1\htdocs\TC_Arena\system\CodeIgniter.php(412): CodeIgniter\CodeIgniter->runController(Object(App\Controllers\report_admin))
#5 C:\xampp1\htdocs\TC_Arena\system\CodeIgniter.php(320): CodeIgniter\CodeIgniter->handleRequest(NULL, Object(Config\Cache), false)
#6 C:\xampp1\htdocs\TC_Arena\public\index.php(37): CodeIgniter\CodeIgniter->run()
#7 C:\xampp1\htdocs\TC_Arena\system\Commands\Server\rewrite.php(43): require_once('C:\\xampp1\\htdoc...')
#8 {main}
CRITICAL - 2022-07-26 22:16:35 --> Undefined variable: session
#0 C:\xampp1\htdocs\TC_Arena\app\Views\component\navbar_admin.php(39): CodeIgniter\Debug\Exceptions->errorHandler(8, 'Undefined varia...', 'C:\\xampp1\\htdoc...', 39, Array)
#1 C:\xampp1\htdocs\TC_Arena\app\Views\report_all.php(10): require('C:\\xampp1\\htdoc...')
#2 C:\xampp1\htdocs\TC_Arena\system\View\View.php(210): include('C:\\xampp1\\htdoc...')
#3 C:\xampp1\htdocs\TC_Arena\system\View\View.php(213): CodeIgniter\View\View->CodeIgniter\View\{closure}()
#4 C:\xampp1\htdocs\TC_Arena\system\Common.php(1089): CodeIgniter\View\View->render('report_all', Array, true)
#5 C:\xampp1\htdocs\TC_Arena\app\Controllers\Report_admin.php(39): view('report_all')
#6 C:\xampp1\htdocs\TC_Arena\system\CodeIgniter.php(825): App\Controllers\report_admin->Report_All()
#7 C:\xampp1\htdocs\TC_Arena\system\CodeIgniter.php(412): CodeIgniter\CodeIgniter->runController(Object(App\Controllers\report_admin))
#8 C:\xampp1\htdocs\TC_Arena\system\CodeIgniter.php(320): CodeIgniter\CodeIgniter->handleRequest(NULL, Object(Config\Cache), false)
#9 C:\xampp1\htdocs\TC_Arena\public\index.php(37): CodeIgniter\CodeIgniter->run()
#10 C:\xampp1\htdocs\TC_Arena\system\Commands\Server\rewrite.php(43): require_once('C:\\xampp1\\htdoc...')
#11 {main}
CRITICAL - 2022-07-26 22:17:01 --> Undefined variable: session
#0 C:\xampp1\htdocs\TC_Arena\app\Views\component\navbar_admin.php(39): CodeIgniter\Debug\Exceptions->errorHandler(8, 'Undefined varia...', 'C:\\xampp1\\htdoc...', 39, Array)
#1 C:\xampp1\htdocs\TC_Arena\app\Views\report_all.php(10): require('C:\\xampp1\\htdoc...')
#2 C:\xampp1\htdocs\TC_Arena\system\View\View.php(210): include('C:\\xampp1\\htdoc...')
#3 C:\xampp1\htdocs\TC_Arena\system\View\View.php(213): CodeIgniter\View\View->CodeIgniter\View\{closure}()
#4 C:\xampp1\htdocs\TC_Arena\system\Common.php(1089): CodeIgniter\View\View->render('report_all', Array, true)
#5 C:\xampp1\htdocs\TC_Arena\app\Controllers\Report_admin.php(39): view('report_all')
#6 C:\xampp1\htdocs\TC_Arena\system\CodeIgniter.php(825): App\Controllers\report_admin->Report_All()
#7 C:\xampp1\htdocs\TC_Arena\system\CodeIgniter.php(412): CodeIgniter\CodeIgniter->runController(Object(App\Controllers\report_admin))
#8 C:\xampp1\htdocs\TC_Arena\system\CodeIgniter.php(320): CodeIgniter\CodeIgniter->handleRequest(NULL, Object(Config\Cache), false)
#9 C:\xampp1\htdocs\TC_Arena\public\index.php(37): CodeIgniter\CodeIgniter->run()
#10 C:\xampp1\htdocs\TC_Arena\system\Commands\Server\rewrite.php(43): require_once('C:\\xampp1\\htdoc...')
#11 {main}
CRITICAL - 2022-07-26 22:56:57 --> Undefined variable: books
#0 C:\xampp1\htdocs\TC_Arena\app\Views\report_all.php(28): CodeIgniter\Debug\Exceptions->errorHandler(8, 'Undefined varia...', 'C:\\xampp1\\htdoc...', 28, Array)
#1 C:\xampp1\htdocs\TC_Arena\system\View\View.php(210): include('C:\\xampp1\\htdoc...')
#2 C:\xampp1\htdocs\TC_Arena\system\View\View.php(213): CodeIgniter\View\View->CodeIgniter\View\{closure}()
#3 C:\xampp1\htdocs\TC_Arena\system\Common.php(1089): CodeIgniter\View\View->render('report_all', Array, true)
#4 C:\xampp1\htdocs\TC_Arena\app\Controllers\Report_admin.php(43): view('report_all')
#5 C:\xampp1\htdocs\TC_Arena\system\CodeIgniter.php(825): App\Controllers\report_admin->Report_All()
#6 C:\xampp1\htdocs\TC_Arena\system\CodeIgniter.php(412): CodeIgniter\CodeIgniter->runController(Object(App\Controllers\report_admin))
#7 C:\xampp1\htdocs\TC_Arena\system\CodeIgniter.php(320): CodeIgniter\CodeIgniter->handleRequest(NULL, Object(Config\Cache), false)
#8 C:\xampp1\htdocs\TC_Arena\public\index.php(37): CodeIgniter\CodeIgniter->run()
#9 C:\xampp1\htdocs\TC_Arena\system\Commands\Server\rewrite.php(43): require_once('C:\\xampp1\\htdoc...')
#10 {main}
CRITICAL - 2022-07-26 22:57:42 --> Undefined variable: booking
#0 C:\xampp1\htdocs\TC_Arena\app\Views\report_all.php(28): CodeIgniter\Debug\Exceptions->errorHandler(8, 'Undefined varia...', 'C:\\xampp1\\htdoc...', 28, Array)
#1 C:\xampp1\htdocs\TC_Arena\system\View\View.php(210): include('C:\\xampp1\\htdoc...')
#2 C:\xampp1\htdocs\TC_Arena\system\View\View.php(213): CodeIgniter\View\View->CodeIgniter\View\{closure}()
#3 C:\xampp1\htdocs\TC_Arena\system\Common.php(1089): CodeIgniter\View\View->render('report_all', Array, true)
#4 C:\xampp1\htdocs\TC_Arena\app\Controllers\Report_admin.php(43): view('report_all')
#5 C:\xampp1\htdocs\TC_Arena\system\CodeIgniter.php(825): App\Controllers\report_admin->Report_All()
#6 C:\xampp1\htdocs\TC_Arena\system\CodeIgniter.php(412): CodeIgniter\CodeIgniter->runController(Object(App\Controllers\report_admin))
#7 C:\xampp1\htdocs\TC_Arena\system\CodeIgniter.php(320): CodeIgniter\CodeIgniter->handleRequest(NULL, Object(Config\Cache), false)
#8 C:\xampp1\htdocs\TC_Arena\public\index.php(37): CodeIgniter\CodeIgniter->run()
#9 C:\xampp1\htdocs\TC_Arena\system\Commands\Server\rewrite.php(43): require_once('C:\\xampp1\\htdoc...')
#10 {main}
CRITICAL - 2022-07-26 23:50:20 --> Invalid file: payadmin_all.php
#0 C:\xampp1\htdocs\TC_Arena\system\View\View.php(198): CodeIgniter\Exceptions\FrameworkException::forInvalidFile('payadmin_all.ph...')
#1 C:\xampp1\htdocs\TC_Arena\system\Common.php(1089): CodeIgniter\View\View->render('payadmin_all', Array, true)
#2 C:\xampp1\htdocs\TC_Arena\app\Controllers\Pay_admin.php(23): view('payadmin_all')
#3 C:\xampp1\htdocs\TC_Arena\system\CodeIgniter.php(825): App\Controllers\pay_admin->Payadmin_All()
#4 C:\xampp1\htdocs\TC_Arena\system\CodeIgniter.php(412): CodeIgniter\CodeIgniter->runController(Object(App\Controllers\pay_admin))
#5 C:\xampp1\htdocs\TC_Arena\system\CodeIgniter.php(320): CodeIgniter\CodeIgniter->handleRequest(NULL, Object(Config\Cache), false)
#6 C:\xampp1\htdocs\TC_Arena\public\index.php(37): CodeIgniter\CodeIgniter->run()
#7 C:\xampp1\htdocs\TC_Arena\system\Commands\Server\rewrite.php(43): require_once('C:\\xampp1\\htdoc...')
#8 {main}
CRITICAL - 2022-07-26 23:52:33 --> Undefined variable: booking
#0 C:\xampp1\htdocs\TC_Arena\app\Views\payadmin_all.php(15): CodeIgniter\Debug\Exceptions->errorHandler(8, 'Undefined varia...', 'C:\\xampp1\\htdoc...', 15, Array)
#1 C:\xampp1\htdocs\TC_Arena\system\View\View.php(210): include('C:\\xampp1\\htdoc...')
#2 C:\xampp1\htdocs\TC_Arena\system\View\View.php(213): CodeIgniter\View\View->CodeIgniter\View\{closure}()
#3 C:\xampp1\htdocs\TC_Arena\system\Common.php(1089): CodeIgniter\View\View->render('payadmin_all', Array, true)
#4 C:\xampp1\htdocs\TC_Arena\app\Controllers\Pay_admin.php(23): view('payadmin_all')
#5 C:\xampp1\htdocs\TC_Arena\system\CodeIgniter.php(825): App\Controllers\pay_admin->Payadmin_All()
#6 C:\xampp1\htdocs\TC_Arena\system\CodeIgniter.php(412): CodeIgniter\CodeIgniter->runController(Object(App\Controllers\pay_admin))
#7 C:\xampp1\htdocs\TC_Arena\system\CodeIgniter.php(320): CodeIgniter\CodeIgniter->handleRequest(NULL, Object(Config\Cache), false)
#8 C:\xampp1\htdocs\TC_Arena\public\index.php(37): CodeIgniter\CodeIgniter->run()
#9 C:\xampp1\htdocs\TC_Arena\system\Commands\Server\rewrite.php(43): require_once('C:\\xampp1\\htdoc...')
#10 {main}
CRITICAL - 2022-07-26 23:54:15 --> Undefined variable: session
#0 C:\xampp1\htdocs\TC_Arena\app\Views\component\navbar_admin.php(39): CodeIgniter\Debug\Exceptions->errorHandler(8, 'Undefined varia...', 'C:\\xampp1\\htdoc...', 39, Array)
#1 C:\xampp1\htdocs\TC_Arena\app\Views\payadmin_all.php(13): require('C:\\xampp1\\htdoc...')
#2 C:\xampp1\htdocs\TC_Arena\system\View\View.php(210): include('C:\\xampp1\\htdoc...')
#3 C:\xampp1\htdocs\TC_Arena\system\View\View.php(213): CodeIgniter\View\View->CodeIgniter\View\{closure}()
#4 C:\xampp1\htdocs\TC_Arena\system\Common.php(1089): CodeIgniter\View\View->render('payadmin_all', Array, true)
#5 C:\xampp1\htdocs\TC_Arena\app\Controllers\Pay_admin.php(30): view('payadmin_all', Array)
#6 C:\xampp1\htdocs\TC_Arena\system\CodeIgniter.php(825): App\Controllers\pay_admin->Payadmin_All()
#7 C:\xampp1\htdocs\TC_Arena\system\CodeIgniter.php(412): CodeIgniter\CodeIgniter->runController(Object(App\Controllers\pay_admin))
#8 C:\xampp1\htdocs\TC_Arena\system\CodeIgniter.php(320): CodeIgniter\CodeIgniter->handleRequest(NULL, Object(Config\Cache), false)
#9 C:\xampp1\htdocs\TC_Arena\public\index.php(37): CodeIgniter\CodeIgniter->run()
#10 C:\xampp1\htdocs\TC_Arena\system\Commands\Server\rewrite.php(43): require_once('C:\\xampp1\\htdoc...')
#11 {main}
