CRITICAL - 2022-07-21 11:26:09 --> Undefined variable: page
#0 C:\xampp1\htdocs\TC_Arena\app\Views\bookingpage.php(5): CodeIgniter\Debug\Exceptions->errorHandler(8, 'Undefined varia...', 'C:\\xampp1\\htdoc...', 5, Array)
#1 C:\xampp1\htdocs\TC_Arena\system\View\View.php(210): include('C:\\xampp1\\htdoc...')
#2 C:\xampp1\htdocs\TC_Arena\system\View\View.php(213): CodeIgniter\View\View->CodeIgniter\View\{closure}()
#3 C:\xampp1\htdocs\TC_Arena\system\Common.php(1089): CodeIgniter\View\View->render('bookingpage', Array, true)
#4 C:\xampp1\htdocs\TC_Arena\app\Controllers\Bookingpage.php(15): view('bookingpage', Array)
#5 C:\xampp1\htdocs\TC_Arena\system\CodeIgniter.php(825): App\Controllers\Bookingpage->bookingpage()
#6 C:\xampp1\htdocs\TC_Arena\system\CodeIgniter.php(412): CodeIgniter\CodeIgniter->runController(Object(App\Controllers\Bookingpage))
#7 C:\xampp1\htdocs\TC_Arena\system\CodeIgniter.php(320): CodeIgniter\CodeIgniter->handleRequest(NULL, Object(Config\Cache), false)
#8 C:\xampp1\htdocs\TC_Arena\public\index.php(37): CodeIgniter\CodeIgniter->run()
#9 C:\xampp1\htdocs\TC_Arena\system\Commands\Server\rewrite.php(43): require_once('C:\\xampp1\\htdoc...')
#10 {main}
CRITICAL - 2022-07-21 11:46:25 --> Undefined variable: data
#0 C:\xampp1\htdocs\TC_Arena\app\Views\bookingpage.php(4): CodeIgniter\Debug\Exceptions->errorHandler(8, 'Undefined varia...', 'C:\\xampp1\\htdoc...', 4, Array)
#1 C:\xampp1\htdocs\TC_Arena\system\View\View.php(210): include('C:\\xampp1\\htdoc...')
#2 C:\xampp1\htdocs\TC_Arena\system\View\View.php(213): CodeIgniter\View\View->CodeIgniter\View\{closure}()
#3 C:\xampp1\htdocs\TC_Arena\system\Common.php(1089): CodeIgniter\View\View->render('bookingpage', Array, true)
#4 C:\xampp1\htdocs\TC_Arena\app\Controllers\Bookingpage.php(15): view('bookingpage', Array)
#5 C:\xampp1\htdocs\TC_Arena\system\CodeIgniter.php(825): App\Controllers\Bookingpage->bookingpage()
#6 C:\xampp1\htdocs\TC_Arena\system\CodeIgniter.php(412): CodeIgniter\CodeIgniter->runController(Object(App\Controllers\Bookingpage))
#7 C:\xampp1\htdocs\TC_Arena\system\CodeIgniter.php(320): CodeIgniter\CodeIgniter->handleRequest(NULL, Object(Config\Cache), false)
#8 C:\xampp1\htdocs\TC_Arena\public\index.php(37): CodeIgniter\CodeIgniter->run()
#9 C:\xampp1\htdocs\TC_Arena\system\Commands\Server\rewrite.php(43): require_once('C:\\xampp1\\htdoc...')
#10 {main}
